This is pdfTeX, Version 3.14159265-2.6-1.40.18 (TeX Live 2017) (preloaded format=pdflatex 2017.11.28)  9 APR 2018 16:55
entering extended mode
 restricted \write18 enabled.
 %&-line parsing enabled.
**Libro.tex
(./Libro.tex
LaTeX2e <2017-04-15>
Babel <3.15> and hyphenation patterns for 84 language(s) loaded.
(/usr/local/texlive/2017/texmf-dist/tex/latex/base/book.cls
Document Class: book 2014/09/29 v1.4h Standard LaTeX document class
(/usr/local/texlive/2017/texmf-dist/tex/latex/base/bk10.clo
File: bk10.clo 2014/09/29 v1.4h Standard LaTeX file (size option)
)
\c@part=\count79
\c@chapter=\count80
\c@section=\count81
\c@subsection=\count82
\c@subsubsection=\count83
\c@paragraph=\count84
\c@subparagraph=\count85
\c@figure=\count86
\c@table=\count87
\abovecaptionskip=\skip41
\belowcaptionskip=\skip42
\bibindent=\dimen102
)
(/usr/local/texlive/2017/texmf-dist/tex/latex/graphics/graphicx.sty
Package: graphicx 2014/10/28 v1.0g Enhanced LaTeX Graphics (DPC,SPQR)

(/usr/local/texlive/2017/texmf-dist/tex/latex/graphics/keyval.sty
Package: keyval 2014/10/28 v1.15 key=value parser (DPC)
\KV@toks@=\toks14
)
(/usr/local/texlive/2017/texmf-dist/tex/latex/graphics/graphics.sty
Package: graphics 2017/04/14 v1.1b Standard LaTeX Graphics (DPC,SPQR)

(/usr/local/texlive/2017/texmf-dist/tex/latex/graphics/trig.sty
Package: trig 2016/01/03 v1.10 sin cos tan (DPC)
)
(/usr/local/texlive/2017/texmf-dist/tex/latex/graphics-cfg/graphics.cfg
File: graphics.cfg 2016/06/04 v1.11 sample graphics configuration
)
Package graphics Info: Driver file: pdftex.def on input line 99.

(/usr/local/texlive/2017/texmf-dist/tex/latex/graphics-def/pdftex.def
File: pdftex.def 2017/01/12 v0.06k Graphics/color for pdfTeX

(/usr/local/texlive/2017/texmf-dist/tex/generic/oberdiek/infwarerr.sty
Package: infwarerr 2016/05/16 v1.4 Providing info/warning/error messages (HO)
)
(/usr/local/texlive/2017/texmf-dist/tex/generic/oberdiek/ltxcmds.sty
Package: ltxcmds 2016/05/16 v1.23 LaTeX kernel commands for general use (HO)
)
\Gread@gobject=\count88
))
\Gin@req@height=\dimen103
\Gin@req@width=\dimen104
)
(/usr/local/texlive/2017/texmf-dist/tex/latex/graphics/color.sty
Package: color 2016/07/10 v1.1e Standard LaTeX Color (DPC)

(/usr/local/texlive/2017/texmf-dist/tex/latex/graphics-cfg/color.cfg
File: color.cfg 2016/01/02 v1.6 sample color configuration
)
Package color Info: Driver file: pdftex.def on input line 147.
)
(./framed.sty
Package: framed 2011/10/22 v 0.96: framed or shaded text with page breaks
\OuterFrameSep=\skip43
\fb@frw=\dimen105
\fb@frh=\dimen106
\FrameRule=\dimen107
\FrameSep=\dimen108
) (/usr/local/texlive/2017/texmf-dist/tex/latex/base/alltt.sty
Package: alltt 1997/06/16 v2.0g defines alltt environment
)
(/usr/local/texlive/2017/texmf-dist/tex/latex/hyperref/hyperref.sty
Package: hyperref 2017/03/14 v6.85a Hypertext links for LaTeX

(/usr/local/texlive/2017/texmf-dist/tex/generic/oberdiek/hobsub-hyperref.sty
Package: hobsub-hyperref 2016/05/16 v1.14 Bundle oberdiek, subset hyperref (HO)


(/usr/local/texlive/2017/texmf-dist/tex/generic/oberdiek/hobsub-generic.sty
Package: hobsub-generic 2016/05/16 v1.14 Bundle oberdiek, subset generic (HO)
Package: hobsub 2016/05/16 v1.14 Construct package bundles (HO)
Package hobsub Info: Skipping package `infwarerr' (already loaded).
Package hobsub Info: Skipping package `ltxcmds' (already loaded).
Package: ifluatex 2016/05/16 v1.4 Provides the ifluatex switch (HO)
Package ifluatex Info: LuaTeX not detected.
Package: ifvtex 2016/05/16 v1.6 Detect VTeX and its facilities (HO)
Package ifvtex Info: VTeX not detected.
Package: intcalc 2016/05/16 v1.2 Expandable calculations with integers (HO)
Package: ifpdf 2017/03/15 v3.2 Provides the ifpdf switch
Package: etexcmds 2016/05/16 v1.6 Avoid name clashes with e-TeX commands (HO)
Package etexcmds Info: Could not find \expanded.
(etexcmds)             That can mean that you are not using pdfTeX 1.50 or
(etexcmds)             that some package has redefined \expanded.
(etexcmds)             In the latter case, load this package earlier.
Package: kvsetkeys 2016/05/16 v1.17 Key value parser (HO)
Package: kvdefinekeys 2016/05/16 v1.4 Define keys (HO)
Package: pdftexcmds 2017/03/19 v0.25 Utility functions of pdfTeX for LuaTeX (HO
)
Package pdftexcmds Info: LuaTeX not detected.
Package pdftexcmds Info: \pdf@primitive is available.
Package pdftexcmds Info: \pdf@ifprimitive is available.
Package pdftexcmds Info: \pdfdraftmode found.
Package: pdfescape 2016/05/16 v1.14 Implements pdfTeX's escape features (HO)
Package: bigintcalc 2016/05/16 v1.4 Expandable calculations on big integers (HO
)
Package: bitset 2016/05/16 v1.2 Handle bit-vector datatype (HO)
Package: uniquecounter 2016/05/16 v1.3 Provide unlimited unique counter (HO)
)
Package hobsub Info: Skipping package `hobsub' (already loaded).
Package: letltxmacro 2016/05/16 v1.5 Let assignment for LaTeX macros (HO)
Package: hopatch 2016/05/16 v1.3 Wrapper for package hooks (HO)
Package: xcolor-patch 2016/05/16 xcolor patch
Package: atveryend 2016/05/16 v1.9 Hooks at the very end of document (HO)
Package atveryend Info: \enddocument detected (standard20110627).
Package: atbegshi 2016/06/09 v1.18 At begin shipout hook (HO)
Package: refcount 2016/05/16 v3.5 Data extraction from label references (HO)
Package: hycolor 2016/05/16 v1.8 Color options for hyperref/bookmark (HO)
)
(/usr/local/texlive/2017/texmf-dist/tex/generic/ifxetex/ifxetex.sty
Package: ifxetex 2010/09/12 v0.6 Provides ifxetex conditional
)
(/usr/local/texlive/2017/texmf-dist/tex/latex/oberdiek/auxhook.sty
Package: auxhook 2016/05/16 v1.4 Hooks for auxiliary files (HO)
)
(/usr/local/texlive/2017/texmf-dist/tex/latex/oberdiek/kvoptions.sty
Package: kvoptions 2016/05/16 v3.12 Key value format for package options (HO)
)
\@linkdim=\dimen109
\Hy@linkcounter=\count89
\Hy@pagecounter=\count90

(/usr/local/texlive/2017/texmf-dist/tex/latex/hyperref/pd1enc.def
File: pd1enc.def 2017/03/14 v6.85a Hyperref: PDFDocEncoding definition (HO)
)
\Hy@SavedSpaceFactor=\count91

(/usr/local/texlive/2017/texmf-dist/tex/latex/latexconfig/hyperref.cfg
File: hyperref.cfg 2002/06/06 v1.2 hyperref configuration of TeXLive
)
Package hyperref Info: Hyper figures OFF on input line 4498.
Package hyperref Info: Link nesting OFF on input line 4503.
Package hyperref Info: Hyper index ON on input line 4506.
Package hyperref Info: Plain pages OFF on input line 4513.
Package hyperref Info: Backreferencing OFF on input line 4518.
Package hyperref Info: Implicit mode ON; LaTeX internals redefined.
Package hyperref Info: Bookmarks ON on input line 4751.
\c@Hy@tempcnt=\count92

(/usr/local/texlive/2017/texmf-dist/tex/latex/url/url.sty
\Urlmuskip=\muskip10
Package: url 2013/09/16  ver 3.4  Verb mode for urls, etc.
)
LaTeX Info: Redefining \url on input line 5104.
\XeTeXLinkMargin=\dimen110
\Fld@menulength=\count93
\Field@Width=\dimen111
\Fld@charsize=\dimen112
Package hyperref Info: Hyper figures OFF on input line 6358.
Package hyperref Info: Link nesting OFF on input line 6363.
Package hyperref Info: Hyper index ON on input line 6366.
Package hyperref Info: backreferencing OFF on input line 6373.
Package hyperref Info: Link coloring OFF on input line 6378.
Package hyperref Info: Link coloring with OCG OFF on input line 6383.
Package hyperref Info: PDF/A mode OFF on input line 6388.
LaTeX Info: Redefining \ref on input line 6428.
LaTeX Info: Redefining \pageref on input line 6432.
\Hy@abspage=\count94
\c@Item=\count95
\c@Hfootnote=\count96
)

Package hyperref Message: Driver (autodetected): hpdftex.

(/usr/local/texlive/2017/texmf-dist/tex/latex/hyperref/hpdftex.def
File: hpdftex.def 2017/03/14 v6.85a Hyperref driver for pdfTeX
\Fld@listcount=\count97
\c@bookmark@seq@number=\count98

(/usr/local/texlive/2017/texmf-dist/tex/latex/oberdiek/rerunfilecheck.sty
Package: rerunfilecheck 2016/05/16 v1.8 Rerun checks for auxiliary files (HO)
Package uniquecounter Info: New unique counter `rerunfilecheck' on input line 2
82.
)
\Hy@SectionHShift=\skip44
)
(/usr/local/texlive/2017/texmf-dist/tex/latex/base/inputenc.sty
Package: inputenc 2015/03/17 v1.2c Input encoding file
\inpenc@prehook=\toks15
\inpenc@posthook=\toks16

(/usr/local/texlive/2017/texmf-dist/tex/latex/base/utf8.def
File: utf8.def 2017/01/28 v1.1t UTF-8 support for inputenc
Now handling font encoding OML ...
... no UTF-8 mapping file for font encoding OML
Now handling font encoding T1 ...
... processing UTF-8 mapping file for font encoding T1

(/usr/local/texlive/2017/texmf-dist/tex/latex/base/t1enc.dfu
File: t1enc.dfu 2017/01/28 v1.1t UTF-8 support for inputenc
   defining Unicode char U+00A0 (decimal 160)
   defining Unicode char U+00A1 (decimal 161)
   defining Unicode char U+00A3 (decimal 163)
   defining Unicode char U+00AB (decimal 171)
   defining Unicode char U+00AD (decimal 173)
   defining Unicode char U+00BB (decimal 187)
   defining Unicode char U+00BF (decimal 191)
   defining Unicode char U+00C0 (decimal 192)
   defining Unicode char U+00C1 (decimal 193)
   defining Unicode char U+00C2 (decimal 194)
   defining Unicode char U+00C3 (decimal 195)
   defining Unicode char U+00C4 (decimal 196)
   defining Unicode char U+00C5 (decimal 197)
   defining Unicode char U+00C6 (decimal 198)
   defining Unicode char U+00C7 (decimal 199)
   defining Unicode char U+00C8 (decimal 200)
   defining Unicode char U+00C9 (decimal 201)
   defining Unicode char U+00CA (decimal 202)
   defining Unicode char U+00CB (decimal 203)
   defining Unicode char U+00CC (decimal 204)
   defining Unicode char U+00CD (decimal 205)
   defining Unicode char U+00CE (decimal 206)
   defining Unicode char U+00CF (decimal 207)
   defining Unicode char U+00D0 (decimal 208)
   defining Unicode char U+00D1 (decimal 209)
   defining Unicode char U+00D2 (decimal 210)
   defining Unicode char U+00D3 (decimal 211)
   defining Unicode char U+00D4 (decimal 212)
   defining Unicode char U+00D5 (decimal 213)
   defining Unicode char U+00D6 (decimal 214)
   defining Unicode char U+00D8 (decimal 216)
   defining Unicode char U+00D9 (decimal 217)
   defining Unicode char U+00DA (decimal 218)
   defining Unicode char U+00DB (decimal 219)
   defining Unicode char U+00DC (decimal 220)
   defining Unicode char U+00DD (decimal 221)
   defining Unicode char U+00DE (decimal 222)
   defining Unicode char U+00DF (decimal 223)
   defining Unicode char U+00E0 (decimal 224)
   defining Unicode char U+00E1 (decimal 225)
   defining Unicode char U+00E2 (decimal 226)
   defining Unicode char U+00E3 (decimal 227)
   defining Unicode char U+00E4 (decimal 228)
   defining Unicode char U+00E5 (decimal 229)
   defining Unicode char U+00E6 (decimal 230)
   defining Unicode char U+00E7 (decimal 231)
   defining Unicode char U+00E8 (decimal 232)
   defining Unicode char U+00E9 (decimal 233)
   defining Unicode char U+00EA (decimal 234)
   defining Unicode char U+00EB (decimal 235)
   defining Unicode char U+00EC (decimal 236)
   defining Unicode char U+00ED (decimal 237)
   defining Unicode char U+00EE (decimal 238)
   defining Unicode char U+00EF (decimal 239)
   defining Unicode char U+00F0 (decimal 240)
   defining Unicode char U+00F1 (decimal 241)
   defining Unicode char U+00F2 (decimal 242)
   defining Unicode char U+00F3 (decimal 243)
   defining Unicode char U+00F4 (decimal 244)
   defining Unicode char U+00F5 (decimal 245)
   defining Unicode char U+00F6 (decimal 246)
   defining Unicode char U+00F8 (decimal 248)
   defining Unicode char U+00F9 (decimal 249)
   defining Unicode char U+00FA (decimal 250)
   defining Unicode char U+00FB (decimal 251)
   defining Unicode char U+00FC (decimal 252)
   defining Unicode char U+00FD (decimal 253)
   defining Unicode char U+00FE (decimal 254)
   defining Unicode char U+00FF (decimal 255)
   defining Unicode char U+0100 (decimal 256)
   defining Unicode char U+0101 (decimal 257)
   defining Unicode char U+0102 (decimal 258)
   defining Unicode char U+0103 (decimal 259)
   defining Unicode char U+0104 (decimal 260)
   defining Unicode char U+0105 (decimal 261)
   defining Unicode char U+0106 (decimal 262)
   defining Unicode char U+0107 (decimal 263)
   defining Unicode char U+0108 (decimal 264)
   defining Unicode char U+0109 (decimal 265)
   defining Unicode char U+010A (decimal 266)
   defining Unicode char U+010B (decimal 267)
   defining Unicode char U+010C (decimal 268)
   defining Unicode char U+010D (decimal 269)
   defining Unicode char U+010E (decimal 270)
   defining Unicode char U+010F (decimal 271)
   defining Unicode char U+0110 (decimal 272)
   defining Unicode char U+0111 (decimal 273)
   defining Unicode char U+0112 (decimal 274)
   defining Unicode char U+0113 (decimal 275)
   defining Unicode char U+0114 (decimal 276)
   defining Unicode char U+0115 (decimal 277)
   defining Unicode char U+0116 (decimal 278)
   defining Unicode char U+0117 (decimal 279)
   defining Unicode char U+0118 (decimal 280)
   defining Unicode char U+0119 (decimal 281)
   defining Unicode char U+011A (decimal 282)
   defining Unicode char U+011B (decimal 283)
   defining Unicode char U+011C (decimal 284)
   defining Unicode char U+011D (decimal 285)
   defining Unicode char U+011E (decimal 286)
   defining Unicode char U+011F (decimal 287)
   defining Unicode char U+0120 (decimal 288)
   defining Unicode char U+0121 (decimal 289)
   defining Unicode char U+0122 (decimal 290)
   defining Unicode char U+0123 (decimal 291)
   defining Unicode char U+0124 (decimal 292)
   defining Unicode char U+0125 (decimal 293)
   defining Unicode char U+0128 (decimal 296)
   defining Unicode char U+0129 (decimal 297)
   defining Unicode char U+012A (decimal 298)
   defining Unicode char U+012B (decimal 299)
   defining Unicode char U+012C (decimal 300)
   defining Unicode char U+012D (decimal 301)
   defining Unicode char U+012E (decimal 302)
   defining Unicode char U+012F (decimal 303)
   defining Unicode char U+0130 (decimal 304)
   defining Unicode char U+0131 (decimal 305)
   defining Unicode char U+0132 (decimal 306)
   defining Unicode char U+0133 (decimal 307)
   defining Unicode char U+0134 (decimal 308)
   defining Unicode char U+0135 (decimal 309)
   defining Unicode char U+0136 (decimal 310)
   defining Unicode char U+0137 (decimal 311)
   defining Unicode char U+0139 (decimal 313)
   defining Unicode char U+013A (decimal 314)
   defining Unicode char U+013B (decimal 315)
   defining Unicode char U+013C (decimal 316)
   defining Unicode char U+013D (decimal 317)
   defining Unicode char U+013E (decimal 318)
   defining Unicode char U+0141 (decimal 321)
   defining Unicode char U+0142 (decimal 322)
   defining Unicode char U+0143 (decimal 323)
   defining Unicode char U+0144 (decimal 324)
   defining Unicode char U+0145 (decimal 325)
   defining Unicode char U+0146 (decimal 326)
   defining Unicode char U+0147 (decimal 327)
   defining Unicode char U+0148 (decimal 328)
   defining Unicode char U+014A (decimal 330)
   defining Unicode char U+014B (decimal 331)
   defining Unicode char U+014C (decimal 332)
   defining Unicode char U+014D (decimal 333)
   defining Unicode char U+014E (decimal 334)
   defining Unicode char U+014F (decimal 335)
   defining Unicode char U+0150 (decimal 336)
   defining Unicode char U+0151 (decimal 337)
   defining Unicode char U+0152 (decimal 338)
   defining Unicode char U+0153 (decimal 339)
   defining Unicode char U+0154 (decimal 340)
   defining Unicode char U+0155 (decimal 341)
   defining Unicode char U+0156 (decimal 342)
   defining Unicode char U+0157 (decimal 343)
   defining Unicode char U+0158 (decimal 344)
   defining Unicode char U+0159 (decimal 345)
   defining Unicode char U+015A (decimal 346)
   defining Unicode char U+015B (decimal 347)
   defining Unicode char U+015C (decimal 348)
   defining Unicode char U+015D (decimal 349)
   defining Unicode char U+015E (decimal 350)
   defining Unicode char U+015F (decimal 351)
   defining Unicode char U+0160 (decimal 352)
   defining Unicode char U+0161 (decimal 353)
   defining Unicode char U+0162 (decimal 354)
   defining Unicode char U+0163 (decimal 355)
   defining Unicode char U+0164 (decimal 356)
   defining Unicode char U+0165 (decimal 357)
   defining Unicode char U+0168 (decimal 360)
   defining Unicode char U+0169 (decimal 361)
   defining Unicode char U+016A (decimal 362)
   defining Unicode char U+016B (decimal 363)
   defining Unicode char U+016C (decimal 364)
   defining Unicode char U+016D (decimal 365)
   defining Unicode char U+016E (decimal 366)
   defining Unicode char U+016F (decimal 367)
   defining Unicode char U+0170 (decimal 368)
   defining Unicode char U+0171 (decimal 369)
   defining Unicode char U+0172 (decimal 370)
   defining Unicode char U+0173 (decimal 371)
   defining Unicode char U+0174 (decimal 372)
   defining Unicode char U+0175 (decimal 373)
   defining Unicode char U+0176 (decimal 374)
   defining Unicode char U+0177 (decimal 375)
   defining Unicode char U+0178 (decimal 376)
   defining Unicode char U+0179 (decimal 377)
   defining Unicode char U+017A (decimal 378)
   defining Unicode char U+017B (decimal 379)
   defining Unicode char U+017C (decimal 380)
   defining Unicode char U+017D (decimal 381)
   defining Unicode char U+017E (decimal 382)
   defining Unicode char U+01CD (decimal 461)
   defining Unicode char U+01CE (decimal 462)
   defining Unicode char U+01CF (decimal 463)
   defining Unicode char U+01D0 (decimal 464)
   defining Unicode char U+01D1 (decimal 465)
   defining Unicode char U+01D2 (decimal 466)
   defining Unicode char U+01D3 (decimal 467)
   defining Unicode char U+01D4 (decimal 468)
   defining Unicode char U+01E2 (decimal 482)
   defining Unicode char U+01E3 (decimal 483)
   defining Unicode char U+01E6 (decimal 486)
   defining Unicode char U+01E7 (decimal 487)
   defining Unicode char U+01E8 (decimal 488)
   defining Unicode char U+01E9 (decimal 489)
   defining Unicode char U+01EA (decimal 490)
   defining Unicode char U+01EB (decimal 491)
   defining Unicode char U+01F0 (decimal 496)
   defining Unicode char U+01F4 (decimal 500)
   defining Unicode char U+01F5 (decimal 501)
   defining Unicode char U+0218 (decimal 536)
   defining Unicode char U+0219 (decimal 537)
   defining Unicode char U+021A (decimal 538)
   defining Unicode char U+021B (decimal 539)
   defining Unicode char U+0232 (decimal 562)
   defining Unicode char U+0233 (decimal 563)
   defining Unicode char U+1E02 (decimal 7682)
   defining Unicode char U+1E03 (decimal 7683)
   defining Unicode char U+200C (decimal 8204)
   defining Unicode char U+2010 (decimal 8208)
   defining Unicode char U+2011 (decimal 8209)
   defining Unicode char U+2012 (decimal 8210)
   defining Unicode char U+2013 (decimal 8211)
   defining Unicode char U+2014 (decimal 8212)
   defining Unicode char U+2015 (decimal 8213)
   defining Unicode char U+2018 (decimal 8216)
   defining Unicode char U+2019 (decimal 8217)
   defining Unicode char U+201A (decimal 8218)
   defining Unicode char U+201C (decimal 8220)
   defining Unicode char U+201D (decimal 8221)
   defining Unicode char U+201E (decimal 8222)
   defining Unicode char U+2030 (decimal 8240)
   defining Unicode char U+2031 (decimal 8241)
   defining Unicode char U+2039 (decimal 8249)
   defining Unicode char U+203A (decimal 8250)
   defining Unicode char U+2423 (decimal 9251)
   defining Unicode char U+1E20 (decimal 7712)
   defining Unicode char U+1E21 (decimal 7713)
)
Now handling font encoding OT1 ...
... processing UTF-8 mapping file for font encoding OT1

(/usr/local/texlive/2017/texmf-dist/tex/latex/base/ot1enc.dfu
File: ot1enc.dfu 2017/01/28 v1.1t UTF-8 support for inputenc
   defining Unicode char U+00A0 (decimal 160)
   defining Unicode char U+00A1 (decimal 161)
   defining Unicode char U+00A3 (decimal 163)
   defining Unicode char U+00AD (decimal 173)
   defining Unicode char U+00B8 (decimal 184)
   defining Unicode char U+00BF (decimal 191)
   defining Unicode char U+00C5 (decimal 197)
   defining Unicode char U+00C6 (decimal 198)
   defining Unicode char U+00D8 (decimal 216)
   defining Unicode char U+00DF (decimal 223)
   defining Unicode char U+00E6 (decimal 230)
   defining Unicode char U+00EC (decimal 236)
   defining Unicode char U+00ED (decimal 237)
   defining Unicode char U+00EE (decimal 238)
   defining Unicode char U+00EF (decimal 239)
   defining Unicode char U+00F8 (decimal 248)
   defining Unicode char U+0131 (decimal 305)
   defining Unicode char U+0141 (decimal 321)
   defining Unicode char U+0142 (decimal 322)
   defining Unicode char U+0152 (decimal 338)
   defining Unicode char U+0153 (decimal 339)
   defining Unicode char U+0174 (decimal 372)
   defining Unicode char U+0175 (decimal 373)
   defining Unicode char U+0176 (decimal 374)
   defining Unicode char U+0177 (decimal 375)
   defining Unicode char U+0218 (decimal 536)
   defining Unicode char U+0219 (decimal 537)
   defining Unicode char U+021A (decimal 538)
   defining Unicode char U+021B (decimal 539)
   defining Unicode char U+2013 (decimal 8211)
   defining Unicode char U+2014 (decimal 8212)
   defining Unicode char U+2018 (decimal 8216)
   defining Unicode char U+2019 (decimal 8217)
   defining Unicode char U+201C (decimal 8220)
   defining Unicode char U+201D (decimal 8221)
)
Now handling font encoding OMS ...
... processing UTF-8 mapping file for font encoding OMS

(/usr/local/texlive/2017/texmf-dist/tex/latex/base/omsenc.dfu
File: omsenc.dfu 2017/01/28 v1.1t UTF-8 support for inputenc
   defining Unicode char U+00A7 (decimal 167)
   defining Unicode char U+00B6 (decimal 182)
   defining Unicode char U+00B7 (decimal 183)
   defining Unicode char U+2020 (decimal 8224)
   defining Unicode char U+2021 (decimal 8225)
   defining Unicode char U+2022 (decimal 8226)
)
Now handling font encoding OMX ...
... no UTF-8 mapping file for font encoding OMX
Now handling font encoding U ...
... no UTF-8 mapping file for font encoding U
Now handling font encoding PD1 ...
... no UTF-8 mapping file for font encoding PD1
   defining Unicode char U+00A9 (decimal 169)
   defining Unicode char U+00AA (decimal 170)
   defining Unicode char U+00AE (decimal 174)
   defining Unicode char U+00BA (decimal 186)
   defining Unicode char U+02C6 (decimal 710)
   defining Unicode char U+02DC (decimal 732)
   defining Unicode char U+200C (decimal 8204)
   defining Unicode char U+2026 (decimal 8230)
   defining Unicode char U+2122 (decimal 8482)
   defining Unicode char U+2423 (decimal 9251)
))
(/usr/local/texlive/2017/texmf-dist/tex/generic/babel/babel.sty
Package: babel 2017/11/03 3.15 The Babel package

(/usr/local/texlive/2017/texmf-dist/tex/generic/babel/switch.def
File: switch.def 2017/11/03 3.15 Babel switching mechanism
)
(/usr/local/texlive/2017/texmf-dist/tex/generic/babel-spanish/spanish.ldf
Language: spanish.ldf 2016/03/03 v5.0p Spanish support from the babel system

(/usr/local/texlive/2017/texmf-dist/tex/generic/babel/babel.def
File: babel.def 2017/11/03 3.15 Babel common definitions

(/usr/local/texlive/2017/texmf-dist/tex/generic/babel/switch.def
File: switch.def 2017/11/03 3.15 Babel switching mechanism
)
\babel@savecnt=\count99
\U@D=\dimen113
)
\es@quottoks=\toks17
\es@quotdepth=\count100
Package babel Info: Making " an active character on input line 561.
Package babel Info: Making . an active character on input line 662.
Package babel Info: Making < an active character on input line 707.
Package babel Info: Making > an active character on input line 707.
Package babel Info: Making ' an active character on input line 725.
)
(/usr/local/texlive/2017/texmf-dist/tex/generic/babel-english/english.ldf
Language: english 2017/01/24 v3.3q English support from the babel system
\l@canadian = a dialect from \language\l@american 
\l@australian = a dialect from \language\l@british 
\l@newzealand = a dialect from \language\l@british 
))
(/usr/local/texlive/2017/texmf-dist/tex/latex/amsmath/amsmath.sty
Package: amsmath 2017/09/02 v2.17a AMS math features
\@mathmargin=\skip45

For additional information on amsmath, use the `?' option.
(/usr/local/texlive/2017/texmf-dist/tex/latex/amsmath/amstext.sty
Package: amstext 2000/06/29 v2.01 AMS text

(/usr/local/texlive/2017/texmf-dist/tex/latex/amsmath/amsgen.sty
File: amsgen.sty 1999/11/30 v2.0 generic functions
\@emptytoks=\toks18
\ex@=\dimen114
))
(/usr/local/texlive/2017/texmf-dist/tex/latex/amsmath/amsbsy.sty
Package: amsbsy 1999/11/29 v1.2d Bold Symbols
\pmbraise@=\dimen115
)
(/usr/local/texlive/2017/texmf-dist/tex/latex/amsmath/amsopn.sty
Package: amsopn 2016/03/08 v2.02 operator names
)
\inf@bad=\count101
LaTeX Info: Redefining \frac on input line 213.
\uproot@=\count102
\leftroot@=\count103
LaTeX Info: Redefining \overline on input line 375.
\classnum@=\count104
\DOTSCASE@=\count105
LaTeX Info: Redefining \ldots on input line 472.
LaTeX Info: Redefining \dots on input line 475.
LaTeX Info: Redefining \cdots on input line 596.
\Mathstrutbox@=\box26
\strutbox@=\box27
\big@size=\dimen116
LaTeX Font Info:    Redeclaring font encoding OML on input line 712.
LaTeX Font Info:    Redeclaring font encoding OMS on input line 713.
\macc@depth=\count106
\c@MaxMatrixCols=\count107
\dotsspace@=\muskip11
\c@parentequation=\count108
\dspbrk@lvl=\count109
\tag@help=\toks19
\row@=\count110
\column@=\count111
\maxfields@=\count112
\andhelp@=\toks20
\eqnshift@=\dimen117
\alignsep@=\dimen118
\tagshift@=\dimen119
\tagwidth@=\dimen120
\totwidth@=\dimen121
\lineht@=\dimen122
\@envbody=\toks21
\multlinegap=\skip46
\multlinetaggap=\skip47
\mathdisplay@stack=\toks22
LaTeX Info: Redefining \[ on input line 2817.
LaTeX Info: Redefining \] on input line 2818.
)
(/usr/local/texlive/2017/texmf-dist/tex/latex/amsfonts/amsfonts.sty
Package: amsfonts 2013/01/14 v3.01 Basic AMSFonts support
\symAMSa=\mathgroup4
\symAMSb=\mathgroup5
LaTeX Font Info:    Overwriting math alphabet `\mathfrak' in version `bold'
(Font)                  U/euf/m/n --> U/euf/b/n on input line 106.
)
(/usr/local/texlive/2017/texmf-dist/tex/latex/amsfonts/amssymb.sty
Package: amssymb 2013/01/14 v3.01 AMS font symbols
)
(/usr/local/texlive/2017/texmf-dist/tex/latex/amscls/amsthm.sty
Package: amsthm 2015/03/04 v2.20.2
\thm@style=\toks23
\thm@bodyfont=\toks24
\thm@headfont=\toks25
\thm@notefont=\toks26
\thm@headpunct=\toks27
\thm@preskip=\skip48
\thm@postskip=\skip49
\thm@headsep=\skip50
\dth@everypar=\toks28
)
(/usr/local/texlive/2017/texmf-dist/tex/latex/amsmath/amscd.sty
Package: amscd 2017/04/14 v2.1 AMS Commutative Diagrams
\athelp@=\toks29
\minaw@=\dimen123
\bigaw@=\dimen124
\minCDarrowwidth=\dimen125
)
(/usr/local/texlive/2017/texmf-dist/tex/latex/tools/enumerate.sty
Package: enumerate 2015/07/23 v3.00 enumerate extensions (DPC)
\@enLab=\toks30
)
(/usr/local/texlive/2017/texmf-dist/tex/latex/mathtools/mathtools.sty
Package: mathtools 2017/10/30 v1.20 mathematical typesetting tools

(/usr/local/texlive/2017/texmf-dist/tex/latex/tools/calc.sty
Package: calc 2014/10/28 v4.3 Infix arithmetic (KKT,FJ)
\calc@Acount=\count113
\calc@Bcount=\count114
\calc@Adimen=\dimen126
\calc@Bdimen=\dimen127
\calc@Askip=\skip51
\calc@Bskip=\skip52
LaTeX Info: Redefining \setlength on input line 80.
LaTeX Info: Redefining \addtolength on input line 81.
\calc@Ccount=\count115
\calc@Cskip=\skip53
)
(/usr/local/texlive/2017/texmf-dist/tex/latex/mathtools/mhsetup.sty
Package: mhsetup 2017/03/31 v1.3 programming setup (MH)
)
LaTeX Info: Thecontrolsequence`\('isalreadyrobust on input line 129.
LaTeX Info: Thecontrolsequence`\)'isalreadyrobust on input line 129.
LaTeX Info: Thecontrolsequence`\['isalreadyrobust on input line 129.
LaTeX Info: Thecontrolsequence`\]'isalreadyrobust on input line 129.
\g_MT_multlinerow_int=\count116
\l_MT_multwidth_dim=\dimen128
\origjot=\skip54
\l_MT_shortvdotswithinadjustabove_dim=\dimen129
\l_MT_shortvdotswithinadjustbelow_dim=\dimen130
\l_MT_above_intertext_sep=\dimen131
\l_MT_below_intertext_sep=\dimen132
\l_MT_above_shortintertext_sep=\dimen133
\l_MT_below_shortintertext_sep=\dimen134
)
(/usr/local/texlive/2017/texmf-dist/tex/latex/base/makeidx.sty
Package: makeidx 2014/09/29 v1.0m Standard LaTeX package
)
(/usr/local/texlive/2017/texmf-dist/tex/latex/harvard/harvard.sty
Package: harvard 

(/usr/local/texlive/2017/texmf-dist/tex/latex/base/ifthen.sty
Package: ifthen 2014/09/29 v1.1c Standard LaTeX ifthen package (DPC)
))
(/usr/local/texlive/2017/texmf-dist/tex/latex/booktabs/booktabs.sty
Package: booktabs 2016/04/27 v1.618033 publication quality tables
\heavyrulewidth=\dimen135
\lightrulewidth=\dimen136
\cmidrulewidth=\dimen137
\belowrulesep=\dimen138
\belowbottomsep=\dimen139
\aboverulesep=\dimen140
\abovetopsep=\dimen141
\cmidrulesep=\dimen142
\cmidrulekern=\dimen143
\defaultaddspace=\dimen144
\@cmidla=\count117
\@cmidlb=\count118
\@aboverulesep=\dimen145
\@belowrulesep=\dimen146
\@thisruleclass=\count119
\@lastruleclass=\count120
\@thisrulewidth=\dimen147
)
(/usr/local/texlive/2017/texmf-dist/tex/latex/multirow/multirow.sty
Package: multirow 2016/11/25 v2.2 Span multiple rows of a table
\multirow@colwidth=\skip55
\multirow@cntb=\count121
\multirow@dima=\skip56
\bigstrutjot=\dimen148
)
(/usr/local/texlive/2017/texmf-dist/tex/latex/multirow/bigstrut.sty
Package: bigstrut 2016/11/25 v2.2 Provide larger struts in tabulars
)
(/usr/local/texlive/2017/texmf-dist/tex/latex/mdframed/mdframed.sty
Package: mdframed 2013/07/01 1.9b: mdframed

(/usr/local/texlive/2017/texmf-dist/tex/latex/l3packages/xparse/xparse.sty
(/usr/local/texlive/2017/texmf-dist/tex/latex/l3kernel/expl3.sty
Package: expl3 2017/05/13 L3 programming layer (loader) 

(/usr/local/texlive/2017/texmf-dist/tex/latex/l3kernel/expl3-code.tex
Package: expl3 2017/05/13 L3 programming layer (code)
\c_max_int=\count122
\l_tmpa_int=\count123
\l_tmpb_int=\count124
\g_tmpa_int=\count125
\g_tmpb_int=\count126
\g__prg_map_int=\count127
\c_log_iow=\count128
\l_iow_line_count_int=\count129
\l__iow_line_target_int=\count130
\l__iow_one_indent_int=\count131
\l__iow_indent_int=\count132
\c_zero_dim=\dimen149
\c_max_dim=\dimen150
\l_tmpa_dim=\dimen151
\l_tmpb_dim=\dimen152
\g_tmpa_dim=\dimen153
\g_tmpb_dim=\dimen154
\c_zero_skip=\skip57
\c_max_skip=\skip58
\l_tmpa_skip=\skip59
\l_tmpb_skip=\skip60
\g_tmpa_skip=\skip61
\g_tmpb_skip=\skip62
\c_zero_muskip=\muskip12
\c_max_muskip=\muskip13
\l_tmpa_muskip=\muskip14
\l_tmpb_muskip=\muskip15
\g_tmpa_muskip=\muskip16
\g_tmpb_muskip=\muskip17
\l_keys_choice_int=\count133
\c__fp_leading_shift_int=\count134
\c__fp_middle_shift_int=\count135
\c__fp_trailing_shift_int=\count136
\c__fp_big_leading_shift_int=\count137
\c__fp_big_middle_shift_int=\count138
\c__fp_big_trailing_shift_int=\count139
\c__fp_Bigg_leading_shift_int=\count140
\c__fp_Bigg_middle_shift_int=\count141
\c__fp_Bigg_trailing_shift_int=\count142
\c__fp_rand_size_int=\count143
\c__fp_rand_four_int=\count144
\c__fp_rand_eight_int=\count145
\l__sort_length_int=\count146
\l__sort_min_int=\count147
\l__sort_top_int=\count148
\l__sort_max_int=\count149
\l__sort_true_max_int=\count150
\l__sort_block_int=\count151
\l__sort_begin_int=\count152
\l__sort_end_int=\count153
\l__sort_A_int=\count154
\l__sort_B_int=\count155
\l__sort_C_int=\count156
\c_empty_box=\box28
\l_tmpa_box=\box29
\l_tmpb_box=\box30
\g_tmpa_box=\box31
\g_tmpb_box=\box32
\l__box_top_dim=\dimen155
\l__box_bottom_dim=\dimen156
\l__box_left_dim=\dimen157
\l__box_right_dim=\dimen158
\l__box_top_new_dim=\dimen159
\l__box_bottom_new_dim=\dimen160
\l__box_left_new_dim=\dimen161
\l__box_right_new_dim=\dimen162
\l__box_internal_box=\box33
\l__coffin_internal_box=\box34
\l__coffin_internal_dim=\dimen163
\l__coffin_offset_x_dim=\dimen164
\l__coffin_offset_y_dim=\dimen165
\l__coffin_x_dim=\dimen166
\l__coffin_y_dim=\dimen167
\l__coffin_x_prime_dim=\dimen168
\l__coffin_y_prime_dim=\dimen169
\c_empty_coffin=\box35
\l__coffin_aligned_coffin=\box36
\l__coffin_aligned_internal_coffin=\box37
\l_tmpa_coffin=\box38
\l_tmpb_coffin=\box39
\l__coffin_display_coffin=\box40
\l__coffin_display_coord_coffin=\box41
\l__coffin_display_pole_coffin=\box42
\l__coffin_display_offset_dim=\dimen170
\l__coffin_display_x_dim=\dimen171
\l__coffin_display_y_dim=\dimen172
\l__coffin_bounding_shift_dim=\dimen173
\l__coffin_left_corner_dim=\dimen174
\l__coffin_right_corner_dim=\dimen175
\l__coffin_bottom_corner_dim=\dimen176
\l__coffin_top_corner_dim=\dimen177
\l__coffin_scaled_total_height_dim=\dimen178
\l__coffin_scaled_width_dim=\dimen179
)
(/usr/local/texlive/2017/texmf-dist/tex/latex/l3kernel/l3pdfmode.def
File: l3pdfmode.def 2017/03/18 v L3 Experimental driver: PDF mode
\l__driver_color_stack_int=\count157
\l__driver_tmp_box=\box43
))
Package: xparse 2017/05/13 L3 Experimental document command parser
\l__xparse_current_arg_int=\count158
\g__xparse_grabber_int=\count159
\l__xparse_m_args_int=\count160
\l__xparse_mandatory_args_int=\count161
\l__xparse_v_nesting_int=\count162
)
(/usr/local/texlive/2017/texmf-dist/tex/latex/etoolbox/etoolbox.sty
Package: etoolbox 2017/01/02 v2.4 e-TeX tools for LaTeX (JAW)
\etb@tempcnta=\count163
)
(/usr/local/texlive/2017/texmf-dist/tex/latex/oberdiek/zref-abspage.sty
Package: zref-abspage 2016/05/21 v2.26 Module abspage for zref (HO)

(/usr/local/texlive/2017/texmf-dist/tex/latex/oberdiek/zref-base.sty
Package: zref-base 2016/05/21 v2.26 Module base for zref (HO)
Package zref Info: New property list: main on input line 759.
Package zref Info: New property: default on input line 760.
Package zref Info: New property: page on input line 761.
)
\c@abspage=\count164
Package zref Info: New property: abspage on input line 62.
)
(/usr/local/texlive/2017/texmf-dist/tex/latex/needspace/needspace.sty
Package: needspace 2010/09/12 v1.3d reserve vertical space
)
\mdf@templength=\skip63
\c@mdf@globalstyle@cnt=\count165
\mdf@skipabove@length=\skip64
\mdf@skipbelow@length=\skip65
\mdf@leftmargin@length=\skip66
\mdf@rightmargin@length=\skip67
\mdf@innerleftmargin@length=\skip68
\mdf@innerrightmargin@length=\skip69
\mdf@innertopmargin@length=\skip70
\mdf@innerbottommargin@length=\skip71
\mdf@splittopskip@length=\skip72
\mdf@splitbottomskip@length=\skip73
\mdf@outermargin@length=\skip74
\mdf@innermargin@length=\skip75
\mdf@linewidth@length=\skip76
\mdf@innerlinewidth@length=\skip77
\mdf@middlelinewidth@length=\skip78
\mdf@outerlinewidth@length=\skip79
\mdf@roundcorner@length=\skip80
\mdf@footenotedistance@length=\skip81
\mdf@userdefinedwidth@length=\skip82
\mdf@needspace@length=\skip83
\mdf@frametitleaboveskip@length=\skip84
\mdf@frametitlebelowskip@length=\skip85
\mdf@frametitlerulewidth@length=\skip86
\mdf@frametitleleftmargin@length=\skip87
\mdf@frametitlerightmargin@length=\skip88
\mdf@shadowsize@length=\skip89
\mdf@extratopheight@length=\skip90
\mdf@subtitleabovelinewidth@length=\skip91
\mdf@subtitlebelowlinewidth@length=\skip92
\mdf@subtitleaboveskip@length=\skip93
\mdf@subtitlebelowskip@length=\skip94
\mdf@subtitleinneraboveskip@length=\skip95
\mdf@subtitleinnerbelowskip@length=\skip96
\mdf@subsubtitleabovelinewidth@length=\skip97
\mdf@subsubtitlebelowlinewidth@length=\skip98
\mdf@subsubtitleaboveskip@length=\skip99
\mdf@subsubtitlebelowskip@length=\skip100
\mdf@subsubtitleinneraboveskip@length=\skip101
\mdf@subsubtitleinnerbelowskip@length=\skip102

(/usr/local/texlive/2017/texmf-dist/tex/latex/mdframed/md-frame-0.mdf
File: md-frame-0.mdf 2013/07/01\ 1.9b: md-frame-0
)
\mdf@frametitlebox=\box44
\mdf@footnotebox=\box45
\mdf@splitbox@one=\box46
\mdf@splitbox@two=\box47
\mdf@splitbox@save=\box48
\mdfsplitboxwidth=\skip103
\mdfsplitboxtotalwidth=\skip104
\mdfsplitboxheight=\skip105
\mdfsplitboxdepth=\skip106
\mdfsplitboxtotalheight=\skip107
\mdfframetitleboxwidth=\skip108
\mdfframetitleboxtotalwidth=\skip109
\mdfframetitleboxheight=\skip110
\mdfframetitleboxdepth=\skip111
\mdfframetitleboxtotalheight=\skip112
\mdffootnoteboxwidth=\skip113
\mdffootnoteboxtotalwidth=\skip114
\mdffootnoteboxheight=\skip115
\mdffootnoteboxdepth=\skip116
\mdffootnoteboxtotalheight=\skip117
\mdftotallinewidth=\skip118
\mdfboundingboxwidth=\skip119
\mdfboundingboxtotalwidth=\skip120
\mdfboundingboxheight=\skip121
\mdfboundingboxdepth=\skip122
\mdfboundingboxtotalheight=\skip123
\mdf@freevspace@length=\skip124
\mdf@horizontalwidthofbox@length=\skip125
\mdf@verticalmarginwhole@length=\skip126
\mdf@horizontalspaceofbox=\skip127
\mdfsubtitleheight=\skip128
\mdfsubsubtitleheight=\skip129
\c@mdfcountframes=\count166

****** mdframed patching \endmdf@trivlist

****** -- success******

.................................................
. LaTeX info: "xparse/define-command"
. 
. Defining command \newmdtheoremenv with sig. 'O{} m o m o ' on line 601.
.................................................
.................................................
. LaTeX info: "xparse/define-command"
. 
. Defining command \mdtheorem with sig. ' O{} m o m o ' on line 701.
.................................................
\mdf@envdepth=\count167
\c@mdf@env@i=\count168
\c@mdf@env@ii=\count169
\c@mdf@zref@counter=\count170
Package zref Info: New property: mdf@pagevalue on input line 895.
)
\@indexfile=\write3
\openout3 = `Libro.idx'.


Writing index file Libro.idx
(/usr/local/texlive/2017/texmf-dist/tex/latex/geometry/geometry.sty
Package: geometry 2010/09/12 v5.6 Page Geometry
\Gm@cnth=\count171
\Gm@cntv=\count172
\c@Gm@tempcnt=\count173
\Gm@bindingoffset=\dimen180
\Gm@wd@mp=\dimen181
\Gm@odd@mp=\dimen182
\Gm@even@mp=\dimen183
\Gm@layoutwidth=\dimen184
\Gm@layoutheight=\dimen185
\Gm@layouthoffset=\dimen186
\Gm@layoutvoffset=\dimen187
\Gm@dimlist=\toks31
)
(/usr/local/texlive/2017/texmf-dist/tex/latex/fancyhdr/fancyhdr.sty
Package: fancyhdr 2017/06/30 v3.9a Extensive control of page headers and footer
s
\f@nch@headwidth=\skip130
\f@nch@O@elh=\skip131
\f@nch@O@erh=\skip132
\f@nch@O@olh=\skip133
\f@nch@O@orh=\skip134
\f@nch@O@elf=\skip135
\f@nch@O@erf=\skip136
\f@nch@O@olf=\skip137
\f@nch@O@orf=\skip138
)
(/usr/local/texlive/2017/texmf-dist/tex/latex/upquote/upquote.sty
Package: upquote 2012/04/19 v1.3 upright-quote and grave-accent glyphs in verba
tim
) (./Libro.aux
LaTeX Info: Redefining \. on input line 30.
LaTeX Info: Redefining \% on input line 30.
)
\openout1 = `Libro.aux'.

LaTeX Font Info:    Checking defaults for OML/cmm/m/it on input line 90.
LaTeX Font Info:    ... okay on input line 90.
LaTeX Font Info:    Checking defaults for T1/cmr/m/n on input line 90.
LaTeX Font Info:    ... okay on input line 90.
LaTeX Font Info:    Checking defaults for OT1/cmr/m/n on input line 90.
LaTeX Font Info:    ... okay on input line 90.
LaTeX Font Info:    Checking defaults for OMS/cmsy/m/n on input line 90.
LaTeX Font Info:    ... okay on input line 90.
LaTeX Font Info:    Checking defaults for OMX/cmex/m/n on input line 90.
LaTeX Font Info:    ... okay on input line 90.
LaTeX Font Info:    Checking defaults for U/cmr/m/n on input line 90.
LaTeX Font Info:    ... okay on input line 90.
LaTeX Font Info:    Checking defaults for PD1/pdf/m/n on input line 90.
LaTeX Font Info:    ... okay on input line 90.
 (/usr/local/texlive/2017/texmf-dist/tex/context/base/mkii/supp-pdf.mkii
[Loading MPS to PDF converter (version 2006.09.02).]
\scratchcounter=\count174
\scratchdimen=\dimen188
\scratchbox=\box49
\nofMPsegments=\count175
\nofMParguments=\count176
\everyMPshowfont=\toks32
\MPscratchCnt=\count177
\MPscratchDim=\dimen189
\MPnumerator=\count178
\makeMPintoPDFobject=\count179
\everyMPtoPDFconversion=\toks33
) (/usr/local/texlive/2017/texmf-dist/tex/latex/oberdiek/epstopdf-base.sty
Package: epstopdf-base 2016/05/15 v2.6 Base part for package epstopdf

(/usr/local/texlive/2017/texmf-dist/tex/latex/oberdiek/grfext.sty
Package: grfext 2016/05/16 v1.2 Manage graphics extensions (HO)
)
Package epstopdf-base Info: Redefining graphics rule for `.eps' on input line 4
38.
Package grfext Info: Graphics extension search list:
(grfext)             [.png,.pdf,.jpg,.mps,.jpeg,.jbig2,.jb2,.PNG,.PDF,.JPG,.JPE
G,.JBIG2,.JB2,.eps]
(grfext)             \AppendGraphicsExtensions on input line 456.

(/usr/local/texlive/2017/texmf-dist/tex/latex/latexconfig/epstopdf-sys.cfg
File: epstopdf-sys.cfg 2010/07/13 v1.3 Configuration of (r)epstopdf for TeX Liv
e
))
\AtBeginShipoutBox=\box50
Package hyperref Info: Link coloring OFF on input line 90.

(/usr/local/texlive/2017/texmf-dist/tex/latex/hyperref/nameref.sty
Package: nameref 2016/05/21 v2.44 Cross-referencing by name of section

(/usr/local/texlive/2017/texmf-dist/tex/generic/oberdiek/gettitlestring.sty
Package: gettitlestring 2016/05/16 v1.5 Cleanup title references (HO)
)
\c@section@level=\count180
)
LaTeX Info: Redefining \ref on input line 90.
LaTeX Info: Redefining \pageref on input line 90.
LaTeX Info: Redefining \nameref on input line 90.

(./Libro.out) (./Libro.out)
\@outlinefile=\write4
\openout4 = `Libro.out'.


*geometry* driver: auto-detecting
*geometry* detected driver: pdftex
*geometry* verbose mode - [ preamble ] result:
* driver: pdftex
* paper: <default>
* layout: <same size as paper>
* layoutoffset:(h,v)=(0.0pt,0.0pt)
* modes: twoside 
* h-part:(L,W,R)=(85.35826pt, 443.57848pt, 85.35826pt)
* v-part:(T,H,B)=(85.35826pt, 624.25346pt, 85.35826pt)
* \paperwidth=614.295pt
* \paperheight=794.96999pt
* \textwidth=443.57848pt
* \textheight=624.25346pt
* \oddsidemargin=13.08827pt
* \evensidemargin=13.08827pt
* \topmargin=-16.97922pt
* \headheight=12.0pt
* \headsep=18.06749pt
* \topskip=10.0pt
* \footskip=25.29494pt
* \marginparwidth=125.0pt
* \marginparsep=7.0pt
* \columnsep=10.0pt
* \skip\footins=9.0pt plus 4.0pt minus 2.0pt
* \hoffset=0.0pt
* \voffset=0.0pt
* \mag=1000
* \@twocolumnfalse
* \@twosidetrue
* \@mparswitchtrue
* \@reversemarginfalse
* (1in=72.27pt=25.4mm, 1cm=28.453pt)

LaTeX Info: Redefining \. on input line 94.
LaTeX Info: Redefining \% on input line 94.
\c@Eje=\count181
\c@Res=\count182
\c@Defi=\count183
(./Libro.toc
LaTeX Info: Redefining \. on input line 2.
LaTeX Info: Redefining \% on input line 2.
LaTeX Font Info:    Try loading font information for U+msa on input line 4.
 (/usr/local/texlive/2017/texmf-dist/tex/latex/amsfonts/umsa.fd
File: umsa.fd 2013/01/14 v3.01 AMS symbols A
)
LaTeX Font Info:    Try loading font information for U+msb on input line 4.

(/usr/local/texlive/2017/texmf-dist/tex/latex/amsfonts/umsb.fd
File: umsb.fd 2013/01/14 v3.01 AMS symbols B
) [1



{/usr/local/texlive/2017/texmf-var/fonts/map/pdftex/updmap/pdftex.map}])
\tf@toc=\write5
\openout5 = `Libro.toc'.

 [2]
Cap\'{\i }tulo 1.
LaTeX Font Info:    Try loading font information for OMS+cmr on input line 156.

(/usr/local/texlive/2017/texmf-dist/tex/latex/base/omscmr.fd
File: omscmr.fd 2014/09/29 v2.5h Standard LaTeX font definitions
)
LaTeX Font Info:    Font shape `OMS/cmr/m/n' in size <10> not available
(Font)              Font shape `OMS/cmsy/m/n' tried instead on input line 156.
 [1


]
LaTeX Info: Redefining \. on input line 222.
LaTeX Info: Redefining \% on input line 222.
 [2]
LaTeX Info: Redefining \. on input line 287.
LaTeX Info: Redefining \% on input line 287.
 [3]
LaTeX Info: Redefining \. on input line 319.
LaTeX Info: Redefining \% on input line 319.

[4]
LaTeX Info: Redefining \. on input line 355.
LaTeX Info: Redefining \% on input line 355.
 [5] <Fabrica1.pdf, id=308, 614.295pt x 794.97pt>
File: Fabrica1.pdf Graphic file (type pdf)
 <use Fabrica1.pdf>
Package pdftex.def Info: Fabrica1.pdf used on input line 359.
(pdftex.def)             Requested size: 614.29349pt x 794.96806pt.
LaTeX Font Info:    Try loading font information for U+euf on input line 363.

(/usr/local/texlive/2017/texmf-dist/tex/latex/amsfonts/ueuf.fd
File: ueuf.fd 2013/01/14 v3.01 Euler Fraktur
)
LaTeX Info: Redefining \. on input line 374.
LaTeX Info: Redefining \% on input line 374.
 [6 <./Fabrica1.pdf>]
LaTeX Info: Redefining \. on input line 407.
LaTeX Info: Redefining \% on input line 407.
 [7]
LaTeX Info: Redefining \. on input line 443.
LaTeX Info: Redefining \% on input line 443.
 [8]
Underfull \vbox (badness 3312) has occurred while \output is active []

LaTeX Info: Redefining \. on input line 476.
LaTeX Info: Redefining \% on input line 476.
 [9]
LaTeX Info: Redefining \. on input line 514.
LaTeX Info: Redefining \% on input line 514.

[10]
LaTeX Info: Redefining \. on input line 539.
LaTeX Info: Redefining \% on input line 539.


LaTeX Font Warning: Font shape `OT1/cmss/m/it' in size <10> not available
(Font)              Font shape `OT1/cmss/m/sl' tried instead on input line 539.


[11]
LaTeX Info: Redefining \. on input line 588.
LaTeX Info: Redefining \% on input line 588.
 [12]
LaTeX Info: Redefining \. on input line 632.
LaTeX Info: Redefining \% on input line 632.
 [13]
Underfull \vbox (badness 3417) has occurred while \output is active []

LaTeX Info: Redefining \. on input line 675.
LaTeX Info: Redefining \% on input line 675.
 [14]
LaTeX Info: Redefining \. on input line 718.
LaTeX Info: Redefining \% on input line 718.

[15]
LaTeX Info: Redefining \. on input line 761.
LaTeX Info: Redefining \% on input line 761.
 [16]
LaTeX Info: Redefining \. on input line 801.
LaTeX Info: Redefining \% on input line 801.
 [17]
LaTeX Info: Redefining \. on input line 848.
LaTeX Info: Redefining \% on input line 848.
 [18]
LaTeX Info: Redefining \. on input line 899.
LaTeX Info: Redefining \% on input line 899.
 [19]
LaTeX Info: Redefining \. on input line 923.
LaTeX Info: Redefining \% on input line 923.
 [20]

Package hyperref Warning: Token not allowed in a PDF string (PDFDocEncoding):
(hyperref)                removing `math shift' on input line 930.


Package hyperref Warning: Token not allowed in a PDF string (PDFDocEncoding):
(hyperref)                removing `math shift' on input line 930.

LaTeX Info: Redefining \. on input line 951.
LaTeX Info: Redefining \% on input line 951.
[21]
LaTeX Info: Redefining \. on input line 992.
LaTeX Info: Redefining \% on input line 992.
 [22]
LaTeX Info: Redefining \. on input line 1014.
LaTeX Info: Redefining \% on input line 1014.
 [23]
LaTeX Info: Redefining \. on input line 1014.
LaTeX Info: Redefining \% on input line 1014.
 [24

]
Cap\'{\i }tulo 2.
[25] <Beta_no_inf.pdf, id=491, 425.71547pt x 341.58867pt>
File: Beta_no_inf.pdf Graphic file (type pdf)

<use Beta_no_inf.pdf>
Package pdftex.def Info: Beta_no_inf.pdf used on input line 1067.
(pdftex.def)             Requested size: 212.85721pt x 170.7939pt.
LaTeX Info: Redefining \. on input line 1087.
LaTeX Info: Redefining \% on input line 1087.
 [26 <./Beta_no_inf.pdf>]
LaTeX Info: Redefining \. on input line 1123.
LaTeX Info: Redefining \% on input line 1123.
 [27]
<BernoEj1.pdf, id=566, 813.0375pt x 480.48257pt>
File: BernoEj1.pdf Graphic file (type pdf)
 <use BernoEj1.pdf>
Package pdftex.def Info: BernoEj1.pdf used on input line 1146.
(pdftex.def)             Requested size: 227.64894pt x 134.5342pt.


LaTeX Warning: `!h' float specifier changed to `!ht'.

<BernoEj2.pdf, id=567, 813.0375pt x 480.48257pt>
File: BernoEj2.pdf Graphic file (type pdf)
 <use BernoEj2.pdf>
Package pdftex.def Info: BernoEj2.pdf used on input line 1153.
(pdftex.def)             Requested size: 227.64894pt x 134.5342pt.


LaTeX Warning: `!h' float specifier changed to `!ht'.

LaTeX Info: Redefining \. on input line 1159.
LaTeX Info: Redefining \% on input line 1159.
[28]
Package color Info: Redefining color shadecolor on input line 1161.
LaTeX Font Info:    Font shape `OT1/cmtt/bx/n' in size <10> not available
(Font)              Font shape `OT1/cmtt/m/n' tried instead on input line 1163.

Package color Info: Redefining color shadecolor on input line 1180.
LaTeX Font Info:    Try loading font information for OMS+cmtt on input line 118
7.

(/Library/Frameworks/R.framework/Resources/share/texmf/tex/latex/omscmtt.fd
File: omscmtt.fd 
)
LaTeX Font Info:    Font shape `OMS/cmtt/m/n' in size <10> not available
(Font)              Font shape `OMS/cmsy/m/n' tried instead on input line 1187.

LaTeX Info: Redefining \. on input line 1205.
LaTeX Info: Redefining \% on input line 1205.

[29 <./BernoEj1.pdf> <./BernoEj2.pdf>]
LaTeX Info: Redefining \. on input line 1238.
LaTeX Info: Redefining \% on input line 1238.
 [30]
<Beta_tres.pdf, id=695, 813.0375pt x 480.48257pt>
File: Beta_tres.pdf Graphic file (type pdf)
 <use Beta_tres.pdf>
Package pdftex.def Info: Beta_tres.pdf used on input line 1256.
(pdftex.def)             Requested size: 325.20924pt x 192.18962pt.
LaTeX Info: Redefining \. on input line 1262.
LaTeX Info: Redefining \% on input line 1262.
 [31 <./Beta_tres.pdf>] <Beta_n_aumen.pdf, id=770, 813.0375pt x 480.48257pt>
File: Beta_n_aumen.pdf Graphic file (type pdf)

<use Beta_n_aumen.pdf>
Package pdftex.def Info: Beta_n_aumen.pdf used on input line 1267.
(pdftex.def)             Requested size: 284.56738pt x 168.1714pt.
LaTeX Info: Redefining \. on input line 1282.
LaTeX Info: Redefining \% on input line 1282.
 [32 <./Beta_n_aumen.pdf>]
LaTeX Info: Redefining \. on input line 1330.
LaTeX Info: Redefining \% on input line 1330.
 [33]
Package color Info: Redefining color shadecolor on input line 1346.
Package color Info: Redefining color shadecolor on input line 1366.
LaTeX Info: Redefining \. on input line 1376.
LaTeX Info: Redefining \% on input line 1376.
 [34]
Package color Info: Redefining color shadecolor on input line 1384.
Package color Info: Redefining color shadecolor on input line 1395.
Package color Info: Redefining color shadecolor on input line 1407.
Package color Info: Redefining color shadecolor on input line 1422.
LaTeX Info: Redefining \. on input line 1438.
LaTeX Info: Redefining \% on input line 1438.
 [35]
Package color Info: Redefining color shadecolor on input line 1440.
Package color Info: Redefining color shadecolor on input line 1480.
LaTeX Info: Redefining \. on input line 1480.
LaTeX Info: Redefining \% on input line 1480.
 [36]
<BinomEj1.pdf, id=872, 813.0375pt x 480.48257pt>
File: BinomEj1.pdf Graphic file (type pdf)
 <use BinomEj1.pdf>
Package pdftex.def Info: BinomEj1.pdf used on input line 1513.
(pdftex.def)             Requested size: 325.20924pt x 192.18962pt.


LaTeX Warning: `!h' float specifier changed to `!ht'.

Package color Info: Redefining color shadecolor on input line 1521.
LaTeX Info: Redefining \. on input line 1547.
LaTeX Info: Redefining \% on input line 1547.
[37]
Package color Info: Redefining color shadecolor on input line 1561.
LaTeX Info: Redefining \. on input line 1561.
LaTeX Info: Redefining \% on input line 1561.
 [38 <./BinomEj1.pdf>] <predbinomial.pdf, id=946, 614.295pt x 794.97pt>
File: predbinomial.pdf Graphic file (type pdf)

<use predbinomial.pdf>
Package pdftex.def Info: predbinomial.pdf used on input line 1581.
(pdftex.def)             Requested size: 307.14674pt x 397.48402pt.

Underfull \vbox (badness 8075) has occurred while \output is active []

LaTeX Info: Redefining \. on input line 1592.
LaTeX Info: Redefining \% on input line 1592.
 [39 <./predbinomial.pdf>]
LaTeX Info: Redefining \. on input line 1632.
LaTeX Info: Redefining \% on input line 1632.
 [40]
Package color Info: Redefining color shadecolor on input line 1638.
LaTeX Info: Redefining \. on input line 1701.
LaTeX Info: Redefining \% on input line 1701.
 [41]
Package color Info: Redefining color shadecolor on input line 1707.

Overfull \hbox (76.16699pt too wide) in paragraph at lines 1717--1717
[]       []\OT1/cmtt/m/n/10 888[][],[] []977[][],[] []1256[][],[] []1349[][],[]
 []1047[][],[] []1088[][],[] []649[][],[] []765[][],[] []699[][],[] []1042[][],
[] []1212[][],[] []660[][],[] []671[][],[] []835[][],[] []997[][],[] []1146[][]
,[] []1016[][])[][] 
 []


Overfull \hbox (233.66562pt too wide) in paragraph at lines 1726--1726
[][]\OT1/cmtt/m/n/10 BinNeg2.fit[] []<-[] []jags[][]([][]data[][]=BinNeg2.data,
[] []inits[][]=BinNeg2.inits, BinNeg2.param,[] []n.iter[][]=[][]10000[][],[] []
n.burnin[][]=[][]1000[][],[] []model.file[][]=BinNeg2.model)[][] 
 []

LaTeX Info: Redefining \. on input line 1730.
LaTeX Info: Redefining \% on input line 1730.
[42]
Package color Info: Redefining color shadecolor on input line 1765.
LaTeX Info: Redefining \. on input line 1782.
LaTeX Info: Redefining \% on input line 1782.
 [43] <pred_negabinom.pdf, id=994, 813.0375pt x 480.48257pt>
File: pred_negabinom.pdf Graphic file (type pdf)

<use pred_negabinom.pdf>
Package pdftex.def Info: pred_negabinom.pdf used on input line 1787.
(pdftex.def)             Requested size: 284.56738pt x 168.1714pt.
Package color Info: Redefining color shadecolor on input line 1793.
Package color Info: Redefining color shadecolor on input line 1804.

Underfull \vbox (badness 3815) has occurred while \output is active []

LaTeX Info: Redefining \. on input line 1821.
LaTeX Info: Redefining \% on input line 1821.
 [44 <./pred_negabinom.pdf>]
LaTeX Info: Redefining \. on input line 1859.
LaTeX Info: Redefining \% on input line 1859.
 [45]
LaTeX Info: Redefining \. on input line 1909.
LaTeX Info: Redefining \% on input line 1909.
 [46]
LaTeX Info: Redefining \. on input line 1951.
LaTeX Info: Redefining \% on input line 1951.
 [47]
<EjemPoisson1.pdf, id=1097, 813.0375pt x 480.48257pt>
File: EjemPoisson1.pdf Graphic file (type pdf)
 <use EjemPoisson1.pdf>
Package pdftex.def Info: EjemPoisson1.pdf used on input line 1993.
(pdftex.def)             Requested size: 406.51776pt x 240.24069pt.


LaTeX Warning: `!h' float specifier changed to `!ht'.

LaTeX Info: Redefining \. on input line 1999.
LaTeX Info: Redefining \% on input line 1999.
[48] <EjemPoisson2.pdf, id=1112, 813.0375pt x 480.48257pt>
File: EjemPoisson2.pdf Graphic file (type pdf)

<use EjemPoisson2.pdf>
Package pdftex.def Info: EjemPoisson2.pdf used on input line 2004.
(pdftex.def)             Requested size: 512.16672pt x 227.62306pt.

Overfull \hbox (68.58824pt too wide) in paragraph at lines 2004--2005
 [][] 
 []


LaTeX Warning: `!h' float specifier changed to `!ht'.

Package color Info: Redefining color shadecolor on input line 2011.
LaTeX Info: Redefining \. on input line 2035.
LaTeX Info: Redefining \% on input line 2035.
[49 <./EjemPoisson1.pdf>]
Package color Info: Redefining color shadecolor on input line 2041.

<predpostpois.pdf, id=1177, 813.0375pt x 480.48257pt>
File: predpostpois.pdf Graphic file (type pdf)
 <use predpostpois.pdf>
Package pdftex.def Info: predpostpois.pdf used on input line 2055.
(pdftex.def)             Requested size: 325.20924pt x 192.18962pt.


LaTeX Warning: `!h' float specifier changed to `!ht'.


Underfull \vbox (badness 6808) has occurred while \output is active []

LaTeX Info: Redefining \. on input line 2066.
LaTeX Info: Redefining \% on input line 2066.
 [50 <./EjemPoisson2.pdf>]
LaTeX Info: Redefining \. on input line 2091.
LaTeX Info: Redefining \% on input line 2091.
 [51 <./predpostpois.pdf>]
LaTeX Info: Redefining \. on input line 2145.
LaTeX Info: Redefining \% on input line 2145.
 [52]
LaTeX Info: Redefining \. on input line 2183.
LaTeX Info: Redefining \% on input line 2183.
 [53]
Package color Info: Redefining color shadecolor on input line 2185.
Package color Info: Redefining color shadecolor on input line 2202.
Package color Info: Redefining color shadecolor on input line 2222.

Overfull \hbox (128.66653pt too wide) in paragraph at lines 2242--2242
[][]\OT1/cmtt/m/n/10 Exp.fit[] []<-[] []jags[][]([][]data[][]=Exp.data,[] []ini
ts[][]=Exp.inits, Exp.param,[] []n.iter[][]=[][]10000[][],[] []n.burnin[][]=[][
]1000[][],[] []model.file[][]=Exp.model)[][] 
 []

LaTeX Info: Redefining \. on input line 2246.
LaTeX Info: Redefining \% on input line 2246.
[54]
Package color Info: Redefining color shadecolor on input line 2259.
Package color Info: Redefining color shadecolor on input line 2277.
LaTeX Info: Redefining \. on input line 2277.
LaTeX Info: Redefining \% on input line 2277.
 [55] <predexponencial.pdf, id=1404, 813.0375pt x 480.48257pt>
File: predexponencial.pdf Graphic file (type pdf)

<use predexponencial.pdf>
Package pdftex.def Info: predexponencial.pdf used on input line 2290.
(pdftex.def)             Requested size: 325.20924pt x 192.18962pt.
LaTeX Info: Redefining \. on input line 2318.
LaTeX Info: Redefining \% on input line 2318.
 [56 <./predexponencial.pdf>]
<Comparacion_Normal.pdf, id=1473, 813.0375pt x 480.48257pt>
File: Comparacion_Normal.pdf Graphic file (type pdf)

<use Comparacion_Normal.pdf>
Package pdftex.def Info: Comparacion_Normal.pdf used on input line 2348.
(pdftex.def)             Requested size: 463.43619pt x 273.8779pt.

Overfull \hbox (19.85771pt too wide) in paragraph at lines 2348--2349
 [][] 
 []


LaTeX Warning: `!h' float specifier changed to `!ht'.

LaTeX Info: Redefining \. on input line 2355.
LaTeX Info: Redefining \% on input line 2355.
[57]
LaTeX Info: Redefining \. on input line 2374.
LaTeX Info: Redefining \% on input line 2374.
 [58 <./Comparacion_Normal.pdf>]
LaTeX Info: Redefining \. on input line 2415.
LaTeX Info: Redefining \% on input line 2415.
 [59]
LaTeX Info: Redefining \. on input line 2457.
LaTeX Info: Redefining \% on input line 2457.
 [60]
LaTeX Info: Redefining \. on input line 2489.
LaTeX Info: Redefining \% on input line 2489.
 [61]
Package color Info: Redefining color shadecolor on input line 2496.

Overfull \hbox (254.66544pt too wide) in paragraph at lines 2548--2548
[]\OT1/cmtt/m/n/10 ## Inference for Bugs model at "/var/folders/n7/01szs8_x7pq1
bvpwwnvq7w_w0000gn/T//Rtmph2sfkH/model15eea40f4d8d4.txt", fit using jags,[] 
 []

LaTeX Info: Redefining \. on input line 2549.
LaTeX Info: Redefining \% on input line 2549.
[62]
Package color Info: Redefining color shadecolor on input line 2562.
LaTeX Info: Redefining \. on input line 2589.
LaTeX Info: Redefining \% on input line 2589.
 [63] <Priori_Sigma2.pdf, id=1721, 813.0375pt x 508.14844pt>
File: Priori_Sigma2.pdf Graphic file (type pdf)

<use Priori_Sigma2.pdf>
Package pdftex.def Info: Priori_Sigma2.pdf used on input line 2617.
(pdftex.def)             Requested size: 406.51776pt x 254.0736pt.


LaTeX Warning: `!h' float specifier changed to `!ht'.

LaTeX Info: Redefining \. on input line 2633.
LaTeX Info: Redefining \% on input line 2633.
[64]
LaTeX Info: Redefining \. on input line 2651.
LaTeX Info: Redefining \% on input line 2651.
 [65 <./Priori_Sigma2.pdf>]
<Sigma2_compara.pdf, id=1863, 813.0375pt x 508.14844pt>
File: Sigma2_compara.pdf Graphic file (type pdf)

<use Sigma2_compara.pdf>
Package pdftex.def Info: Sigma2_compara.pdf used on input line 2654.
(pdftex.def)             Requested size: 406.51776pt x 254.0736pt.
LaTeX Info: Redefining \. on input line 2675.
LaTeX Info: Redefining \% on input line 2675.
 [66 <./Sigma2_compara.pdf>]
<Sigma2_Jeffreys.pdf, id=2093, 813.0375pt x 508.14844pt>
File: Sigma2_Jeffreys.pdf Graphic file (type pdf)

<use Sigma2_Jeffreys.pdf>
Package pdftex.def Info: Sigma2_Jeffreys.pdf used on input line 2681.
(pdftex.def)             Requested size: 325.20924pt x 203.25577pt.

Underfull \vbox (badness 1533) has occurred while \output is active []

LaTeX Info: Redefining \. on input line 2707.
LaTeX Info: Redefining \% on input line 2707.
 [67 <./Sigma2_Jeffreys.pdf>] <Simu_Y_pred.pdf, id=2161, 614.295pt x 794.97pt>
File: Simu_Y_pred.pdf Graphic file (type pdf)

<use Simu_Y_pred.pdf>
Package pdftex.def Info: Simu_Y_pred.pdf used on input line 2723.
(pdftex.def)             Requested size: 307.14674pt x 397.48402pt.

Overfull \hbox (12.42868pt too wide) in paragraph at lines 2730--2731
[][]\OT1/cmr/bx/n/10 Resultado 2.7.3. []\OT1/cmr/m/sl/10 La dis-tri-bu-ci^^Son 
pre-dic-ti-va pos-te-rior de la me-dia $[]$ en una nue-va mues-trea $\OML/cmm/m
/it/10 Y[]; []  ; Y[]$\OT1/cmr/m/sl/10 ,
 []

LaTeX Info: Redefining \. on input line 2736.
LaTeX Info: Redefining \% on input line 2736.
[68]
Package color Info: Redefining color shadecolor on input line 2752.
LaTeX Info: Redefining \. on input line 2766.
LaTeX Info: Redefining \% on input line 2766.
 [69 <./Simu_Y_pred.pdf>]
Package color Info: Redefining color shadecolor on input line 2774.
LaTeX Info: Redefining \. on input line 2813.
LaTeX Info: Redefining \% on input line 2813.
 [70]
LaTeX Info: Redefining \. on input line 2826.
LaTeX Info: Redefining \% on input line 2826.
 [71]
LaTeX Info: Redefining \. on input line 2826.
LaTeX Info: Redefining \% on input line 2826.
 [72

]
Cap\'{\i }tulo 3.
[73]
LaTeX Info: Redefining \. on input line 2907.
LaTeX Info: Redefining \% on input line 2907.
 [74]
LaTeX Info: Redefining \. on input line 2949.
LaTeX Info: Redefining \% on input line 2949.
 [75]
Package color Info: Redefining color shadecolor on input line 2957.
LaTeX Info: Redefining \. on input line 2989.
LaTeX Info: Redefining \% on input line 2989.
 [76]
Package color Info: Redefining color shadecolor on input line 2993.
LaTeX Info: Redefining \. on input line 3051.
LaTeX Info: Redefining \% on input line 3051.
 [77]
<figure/unnamed-chunk-34-1.pdf, id=2242, 505.89pt x 289.08pt>
File: figure/unnamed-chunk-34-1.pdf Graphic file (type pdf)

<use figure/unnamed-chunk-34-1.pdf>
Package pdftex.def Info: figure/unnamed-chunk-34-1.pdf used on input line 3052.

(pdftex.def)             Requested size: 443.57848pt x 253.4781pt.
Package color Info: Redefining color shadecolor on input line 3057.
LaTeX Info: Redefining \. on input line 3084.
LaTeX Info: Redefining \% on input line 3084.
 [78 <./figure/unnamed-chunk-34-1.pdf>]
Package color Info: Redefining color shadecolor on input line 3091.

<figure/unnamed-chunk-36-1.pdf, id=2254, 505.89pt x 289.08pt>
File: figure/unnamed-chunk-36-1.pdf Graphic file (type pdf)

<use figure/unnamed-chunk-36-1.pdf>
Package pdftex.def Info: figure/unnamed-chunk-36-1.pdf used on input line 3100.

(pdftex.def)             Requested size: 443.57848pt x 253.4781pt.
LaTeX Info: Redefining \. on input line 3123.
LaTeX Info: Redefining \% on input line 3123.
 [79 <./figure/unnamed-chunk-36-1.pdf>]
LaTeX Info: Redefining \. on input line 3175.
LaTeX Info: Redefining \% on input line 3175.

[80]
LaTeX Info: Redefining \. on input line 3228.
LaTeX Info: Redefining \% on input line 3228.
 [81]
Overfull \hbox (25.89154pt too wide) in paragraph at lines 3270--3272
\OT1/cmr/m/n/10 la cual co-rres-pon-de a la for-ma de la fun-ci^^Son de den-si-
dad de la dis-tri-bu-ci^^Son $\OML/cmm/m/it/10 Inversa \OMS/cmsy/m/n/10 ^^@ \OM
L/cmm/m/it/10 Gamma\OT1/cmr/m/n/10 ([]\OML/cmm/m/it/10 ; []\OT1/cmr/m/n/10 )$.
 []

LaTeX Info: Redefining \. on input line 3278.
LaTeX Info: Redefining \% on input line 3278.
[82]
Underfull \vbox (badness 6364) has occurred while \output is active []

LaTeX Info: Redefining \. on input line 3316.
LaTeX Info: Redefining \% on input line 3316.
 [83]
LaTeX Info: Redefining \. on input line 3345.
LaTeX Info: Redefining \% on input line 3345.

[84]
Package color Info: Redefining color shadecolor on input line 3347.
Package color Info: Redefining color shadecolor on input line 3404.

Underfull \vbox (badness 1348) has occurred while \output is active []

LaTeX Info: Redefining \. on input line 3404.
LaTeX Info: Redefining \% on input line 3404.
 [85]
LaTeX Info: Redefining \. on input line 3462.
LaTeX Info: Redefining \% on input line 3462.

[86]
LaTeX Info: Redefining \. on input line 3513.
LaTeX Info: Redefining \% on input line 3513.
 [87]
LaTeX Info: Redefining \. on input line 3555.
LaTeX Info: Redefining \% on input line 3555.
 [88]
LaTeX Info: Redefining \. on input line 3585.
LaTeX Info: Redefining \% on input line 3585.
 [89]
Overfull \hbox (15.1584pt too wide) in paragraph at lines 3595--3596
[]\OT1/cmr/m/n/10 Las es-ti-ma-cio-nes de $\OML/cmm/m/it/10 ^^R$ \OT1/cmr/m/n/1
0 y $\OML/cmm/m/it/10 ^^[[]$ \OT1/cmr/m/n/10 se pue-den ob-teer de los va-lo-re
s ob-te-ni-dos $\OML/cmm/m/it/10 ^^R[]; ^^R[]; []  ; ^^R[]$ \OT1/cmr/m/n/10 y $
\OML/cmm/m/it/10 ^^[[]; ^^[[]; []  ; ^^[[]$\OT1/cmr/m/n/10 . 
 []


Overfull \hbox (19.7009pt too wide) detected at line 3611
[]
 []

LaTeX Info: Redefining \. on input line 3622.
LaTeX Info: Redefining \% on input line 3622.
[90]
<predictiva_y_priori_noninformative.pdf, id=2348, 813.0375pt x 508.14844pt>
File: predictiva_y_priori_noninformative.pdf Graphic file (type pdf)

<use predictiva_y_priori_noninformative.pdf>
Package pdftex.def Info: predictiva_y_priori_noninformative.pdf used on input l
ine 3628.
(pdftex.def)             Requested size: 406.51776pt x 254.0736pt.
LaTeX Info: Redefining \. on input line 3641.
LaTeX Info: Redefining \% on input line 3641.
 [91 <./predictiva_y_priori_noninformative.pdf>]
LaTeX Info: Redefining \. on input line 3706.
LaTeX Info: Redefining \% on input line 3706.
 [92]
LaTeX Info: Redefining \. on input line 3730.
LaTeX Info: Redefining \% on input line 3730.
 [93]
Package color Info: Redefining color shadecolor on input line 3735.
Package color Info: Redefining color shadecolor on input line 3763.
LaTeX Info: Redefining \. on input line 3763.
LaTeX Info: Redefining \% on input line 3763.
 [94]
Package color Info: Redefining color shadecolor on input line 3798.
LaTeX Info: Redefining \. on input line 3838.
LaTeX Info: Redefining \% on input line 3838.
 [95]
Package color Info: Redefining color shadecolor on input line 3842.
Package color Info: Redefining color shadecolor on input line 3859.
Package color Info: Redefining color shadecolor on input line 3879.

<figure/unnamed-chunk-44-1.pdf, id=2435, 505.89pt x 289.08pt>
File: figure/unnamed-chunk-44-1.pdf Graphic file (type pdf)

<use figure/unnamed-chunk-44-1.pdf>
Package pdftex.def Info: figure/unnamed-chunk-44-1.pdf used on input line 3886.

(pdftex.def)             Requested size: 443.57848pt x 253.4781pt.

Underfull \vbox (badness 10000) has occurred while \output is active []

LaTeX Info: Redefining \. on input line 3890.
LaTeX Info: Redefining \% on input line 3890.
 [96]
LaTeX Info: Redefining \. on input line 3928.
LaTeX Info: Redefining \% on input line 3928.

[97 <./figure/unnamed-chunk-44-1.pdf>]
LaTeX Info: Redefining \. on input line 3963.
LaTeX Info: Redefining \% on input line 3963.
 [98]
LaTeX Info: Redefining \. on input line 4027.
LaTeX Info: Redefining \% on input line 4027.
 [99]
Package color Info: Redefining color shadecolor on input line 4046.
LaTeX Info: Redefining \. on input line 4076.
LaTeX Info: Redefining \% on input line 4076.
 [100]
Package color Info: Redefining color shadecolor on input line 4085.
LaTeX Info: Redefining \. on input line 4132.
LaTeX Info: Redefining \% on input line 4132.
 [101]
Package color Info: Redefining color shadecolor on input line 4144.
LaTeX Info: Redefining \. on input line 4180.
LaTeX Info: Redefining \% on input line 4180.
 [102]
LaTeX Info: Redefining \. on input line 4245.
LaTeX Info: Redefining \% on input line 4245.
 [103]
Overfull \hbox (33.0213pt too wide) detected at line 4262
[]
 []

LaTeX Info: Redefining \. on input line 4276.
LaTeX Info: Redefining \% on input line 4276.
[104]
Overfull \hbox (51.898pt too wide) detected at line 4316
[]
 []


Underfull \vbox (badness 10000) has occurred while \output is active []

LaTeX Info: Redefining \. on input line 4316.
LaTeX Info: Redefining \% on input line 4316.
 [105]
Package color Info: Redefining color shadecolor on input line 4361.
LaTeX Info: Redefining \. on input line 4405.
LaTeX Info: Redefining \% on input line 4405.

[106]
LaTeX Info: Redefining \. on input line 4405.
LaTeX Info: Redefining \% on input line 4405.
 [107]
Package color Info: Redefining color shadecolor on input line 4433.
LaTeX Info: Redefining \. on input line 4433.
LaTeX Info: Redefining \% on input line 4433.
 [108]
LaTeX Font Info:    Font shape `OMS/cmtt/m/it' in size <10> not available
(Font)              Font shape `OMS/cmsy/m/n' tried instead on input line 4441.

LaTeX Info: Redefining \. on input line 4486.
LaTeX Info: Redefining \% on input line 4486.
 [109]
Package color Info: Redefining color shadecolor on input line 4488.
Package color Info: Redefining color shadecolor on input line 4500.
LaTeX Info: Redefining \. on input line 4562.
LaTeX Info: Redefining \% on input line 4562.
 [110]
LaTeX Info: Redefining \. on input line 4597.
LaTeX Info: Redefining \% on input line 4597.
 [111]
Package color Info: Redefining color shadecolor on input line 4608.
Package color Info: Redefining color shadecolor on input line 4631.
Package color Info: Redefining color shadecolor on input line 4653.
LaTeX Info: Redefining \. on input line 4653.
LaTeX Info: Redefining \% on input line 4653.
 [112]
Package color Info: Redefining color shadecolor on input line 4675.
Package color Info: Redefining color shadecolor on input line 4717.
LaTeX Info: Redefining \. on input line 4717.
LaTeX Info: Redefining \% on input line 4717.
 [113]
Package color Info: Redefining color shadecolor on input line 4743.
LaTeX Info: Redefining \. on input line 4773.
LaTeX Info: Redefining \% on input line 4773.
 [114]
Underfull \vbox (badness 2781) has occurred while \output is active []

LaTeX Info: Redefining \. on input line 4822.
LaTeX Info: Redefining \% on input line 4822.
 [115]
LaTeX Info: Redefining \. on input line 4862.
LaTeX Info: Redefining \% on input line 4862.

[116]
Package color Info: Redefining color shadecolor on input line 4887.
LaTeX Info: Redefining \. on input line 4907.
LaTeX Info: Redefining \% on input line 4907.
 [117]
Package color Info: Redefining color shadecolor on input line 4914.
Package color Info: Redefining color shadecolor on input line 4945.
LaTeX Info: Redefining \. on input line 4963.
LaTeX Info: Redefining \% on input line 4963.
 [118]
LaTeX Info: Redefining \. on input line 4977.
LaTeX Info: Redefining \% on input line 4977.
 [119]
LaTeX Info: Redefining \. on input line 4977.
LaTeX Info: Redefining \% on input line 4977.
 [120

]
Cap\'{\i }tulo 4.
[121]
LaTeX Info: Redefining \. on input line 5027.
LaTeX Info: Redefining \% on input line 5027.
 [122]
LaTeX Info: Redefining \. on input line 5079.
LaTeX Info: Redefining \% on input line 5079.
 [123]
LaTeX Info: Redefining \. on input line 5128.
LaTeX Info: Redefining \% on input line 5128.
 [124]
Overfull \hbox (1.18188pt too wide) in paragraph at lines 5154--5155
[]\OT1/cmr/m/n/10 El an-te-rior en-fo-que nos ha lle-va-do a po-der ex-pre-sar 
los par^^Same-tros de in-ter^^Ses en t^^Sermi-nos de $\OML/cmm/m/it/10 E[] []$\
OT1/cmr/m/n/10 ,
 []


Underfull \vbox (badness 4403) has occurred while \output is active []

LaTeX Info: Redefining \. on input line 5159.
LaTeX Info: Redefining \% on input line 5159.
 [125]
Package color Info: Redefining color shadecolor on input line 5177.
Package color Info: Redefining color shadecolor on input line 5207.
LaTeX Info: Redefining \. on input line 5207.
LaTeX Info: Redefining \% on input line 5207.

[126]
LaTeX Info: Redefining \. on input line 5263.
LaTeX Info: Redefining \% on input line 5263.
 [127]
Package color Info: Redefining color shadecolor on input line 5286.
LaTeX Info: Redefining \. on input line 5335.
LaTeX Info: Redefining \% on input line 5335.
 [128]
Underfull \vbox (badness 5637) has occurred while \output is active []

LaTeX Info: Redefining \. on input line 5396.
LaTeX Info: Redefining \% on input line 5396.
 [129]
LaTeX Info: Redefining \. on input line 5414.
LaTeX Info: Redefining \% on input line 5414.

[130]
LaTeX Info: Redefining \. on input line 5451.
LaTeX Info: Redefining \% on input line 5451.
 [131]
LaTeX Info: Redefining \. on input line 5492.
LaTeX Info: Redefining \% on input line 5492.
 [132]
LaTeX Info: Redefining \. on input line 5536.
LaTeX Info: Redefining \% on input line 5536.
 [133]
Package color Info: Redefining color shadecolor on input line 5538.
Package color Info: Redefining color shadecolor on input line 5554.
Package color Info: Redefining color shadecolor on input line 5572.
Package color Info: Redefining color shadecolor on input line 5595.
LaTeX Info: Redefining \. on input line 5595.
LaTeX Info: Redefining \% on input line 5595.
 [134]
Package color Info: Redefining color shadecolor on input line 5615.
Package color Info: Redefining color shadecolor on input line 5646.
LaTeX Info: Redefining \. on input line 5665.
LaTeX Info: Redefining \% on input line 5665.
 [135]
<figure/unnamed-chunk-70-1.pdf, id=2751, 505.89pt x 289.08pt>
File: figure/unnamed-chunk-70-1.pdf Graphic file (type pdf)

<use figure/unnamed-chunk-70-1.pdf>
Package pdftex.def Info: figure/unnamed-chunk-70-1.pdf used on input line 5666.

(pdftex.def)             Requested size: 443.57848pt x 253.4781pt.

<figure/unnamed-chunk-70-2.pdf, id=2752, 505.89pt x 289.08pt>
File: figure/unnamed-chunk-70-2.pdf Graphic file (type pdf)

<use figure/unnamed-chunk-70-2.pdf>
Package pdftex.def Info: figure/unnamed-chunk-70-2.pdf used on input line 5672.

(pdftex.def)             Requested size: 443.57848pt x 253.4781pt.

Underfull \vbox (badness 10000) has occurred while \output is active []

LaTeX Info: Redefining \. on input line 5688.
LaTeX Info: Redefining \% on input line 5688.
 [136 <./figure/unnamed-chunk-70-1.pdf>]
LaTeX Info: Redefining \. on input line 5721.
LaTeX Info: Redefining \% on input line 5721.
 [137 <./figure/unnamed-chunk-70-2.pdf>]
LaTeX Info: Redefining \. on input line 5763.
LaTeX Info: Redefining \% on input line 5763.
 [138]
Package color Info: Redefining color shadecolor on input line 5765.
Package color Info: Redefining color shadecolor on input line 5781.
Package color Info: Redefining color shadecolor on input line 5817.
LaTeX Info: Redefining \. on input line 5817.
LaTeX Info: Redefining \% on input line 5817.

[139] <figure/unnamed-chunk-73-1.pdf, id=2781, 505.89pt x 289.08pt>
File: figure/unnamed-chunk-73-1.pdf Graphic file (type pdf)

<use figure/unnamed-chunk-73-1.pdf>
Package pdftex.def Info: figure/unnamed-chunk-73-1.pdf used on input line 5833.

(pdftex.def)             Requested size: 443.57848pt x 253.4781pt.

<figure/unnamed-chunk-73-2.pdf, id=2782, 505.89pt x 289.08pt>
File: figure/unnamed-chunk-73-2.pdf Graphic file (type pdf)

<use figure/unnamed-chunk-73-2.pdf>
Package pdftex.def Info: figure/unnamed-chunk-73-2.pdf used on input line 5838.

(pdftex.def)             Requested size: 443.57848pt x 253.4781pt.

Underfull \vbox (badness 10000) has occurred while \output is active []

LaTeX Info: Redefining \. on input line 5839.
LaTeX Info: Redefining \% on input line 5839.
 [140 <./figure/unnamed-chunk-73-1.pdf>]
<figure/unnamed-chunk-73-3.pdf, id=2792, 505.89pt x 289.08pt>
File: figure/unnamed-chunk-73-3.pdf Graphic file (type pdf)

<use figure/unnamed-chunk-73-3.pdf>
Package pdftex.def Info: figure/unnamed-chunk-73-3.pdf used on input line 5843.

(pdftex.def)             Requested size: 443.57848pt x 253.4781pt.
Package color Info: Redefining color shadecolor on input line 5848.
LaTeX Info: Redefining \. on input line 5848.
LaTeX Info: Redefining \% on input line 5848.
 [141 <./figure/unnamed-chunk-73-2.pdf> <./figure/unnamed-chunk-73-3.pdf>]
Overfull \hbox (23.66745pt too wide) in paragraph at lines 5870--5870
[] []\OT1/cmtt/m/n/10 res.alpha[[][]1[][]][] []<-[] []alpha.grid[[][]sample[][]
([][]length[][](alpha.grid),[] []1[][],[] []prob[][]=post.alpha,[] []replace[][
]=[][]TRUE[][])][][] 
 []


Overfull \hbox (23.66745pt too wide) in paragraph at lines 5886--5886
[] []\OT1/cmtt/m/n/10 res.alpha[i][] []<-[] []alpha.grid[[][]sample[][]([][]len
gth[][](post.alpha),[] []1[][],[] []prob[][]=post.alpha,[] []replace[][]=[][]TR
UE[][])][][] 
 []

<figure/unnamed-chunk-74-1.pdf, id=2808, 505.89pt x 505.89pt>
File: figure/unnamed-chunk-74-1.pdf Graphic file (type pdf)

<use figure/unnamed-chunk-74-1.pdf>
Package pdftex.def Info: figure/unnamed-chunk-74-1.pdf used on input line 5894.

(pdftex.def)             Requested size: 443.57848pt x 443.58667pt.

Underfull \vbox (badness 10000) has occurred while \output is active []

LaTeX Info: Redefining \. on input line 5895.
LaTeX Info: Redefining \% on input line 5895.
 [142]
Overfull \hbox (66.90332pt too wide) in paragraph at lines 5896--5896
[] []\OT1/cmtt/m/it/10 # Calcular la estimaci\OMS/cmsy/m/n/10 n\OT1/cmtt/m/it/1
0 'on de los par\OMS/cmsy/m/n/10 n\OT1/cmtt/m/it/10 'ametros tomando la segunda
 mitad de los valores simulados[][] 
 []

LaTeX Info: Redefining \. on input line 5918.
LaTeX Info: Redefining \% on input line 5918.
[143 <./figure/unnamed-chunk-74-1.pdf>]
LaTeX Info: Redefining \. on input line 5973.
LaTeX Info: Redefining \% on input line 5973.
 [144]
LaTeX Info: Redefining \. on input line 6039.
LaTeX Info: Redefining \% on input line 6039.
 [145]
Package color Info: Redefining color shadecolor on input line 6047.

<figure/unnamed-chunk-75-1.pdf, id=2839, 505.89pt x 505.89pt>
File: figure/unnamed-chunk-75-1.pdf Graphic file (type pdf)

<use figure/unnamed-chunk-75-1.pdf>
Package pdftex.def Info: figure/unnamed-chunk-75-1.pdf used on input line 6077.

(pdftex.def)             Requested size: 443.57848pt x 443.58667pt.
LaTeX Info: Redefining \. on input line 6078.
LaTeX Info: Redefining \% on input line 6078.
 [146]
Overfull \hbox (66.90332pt too wide) in paragraph at lines 6079--6079
[] []\OT1/cmtt/m/it/10 # Calcular la estimaci\OMS/cmsy/m/n/10 n\OT1/cmtt/m/it/1
0 'on de los par\OMS/cmsy/m/n/10 n\OT1/cmtt/m/it/10 'ametros tomando la segunda
 mitad de los valores simulados[][] 
 []

LaTeX Info: Redefining \. on input line 6101.
LaTeX Info: Redefining \% on input line 6101.
[147 <./figure/unnamed-chunk-75-1.pdf>]
LaTeX Info: Redefining \. on input line 6157.
LaTeX Info: Redefining \% on input line 6157.
 [148]
Underfull \vbox (badness 1092) has occurred while \output is active []

LaTeX Info: Redefining \. on input line 6198.
LaTeX Info: Redefining \% on input line 6198.
 [149]
Package color Info: Redefining color shadecolor on input line 6231.

Overfull \hbox (55.16718pt too wide) in paragraph at lines 6241--6241
[][]\OT1/cmtt/m/n/10 pos.tau2[] []<-[] []grid.tau2[][]^[][]([][]1[][]/[][]4[][]
)[][]*[][](sigma2[][]+[][]grid.tau2)[][]^[][]([][]-[][]n[][]/[][]2[][])[][]*[][
]exp[][]([][]-[][](n[][]-[][]1[][])[][]*[][]var[][](y)[][]/[][]([][]2[][]*[][](
sigma2[][]+[][]grid.tau2)))[][] 
 []


Overfull \hbox (66.90332pt too wide) in paragraph at lines 6254--6254
[] []\OT1/cmtt/m/it/10 # Calcular la estimaci\OMS/cmsy/m/n/10 n\OT1/cmtt/m/it/1
0 'on de los par\OMS/cmsy/m/n/10 n\OT1/cmtt/m/it/10 'ametros tomando la segunda
 mitad de los valores simulados[][] 
 []

LaTeX Info: Redefining \. on input line 6272.
LaTeX Info: Redefining \% on input line 6272.
[150] (./Libro.bbl
LaTeX Info: Redefining \. on input line 1.
LaTeX Info: Redefining \% on input line 1.
 [151]
LaTeX Info: Redefining \. on input line 1.
LaTeX Info: Redefining \% on input line 1.
 [152

] [153])
LaTeX Info: Redefining \. on input line 6295.
LaTeX Info: Redefining \% on input line 6295.


Package Fancyhdr Warning: \headheight is too small (12.0pt): 
 Make it at least 13.04448pt.
 We now make it that large for the rest of the document.
 This may cause the page layout to be inconsistent, however.

[154] (./Libro.lof
LaTeX Info: Redefining \. on input line 2.
LaTeX Info: Redefining \% on input line 2.
)
\tf@lof=\write6
\openout6 = `Libro.lof'.


Underfull \vbox (badness 1642) has occurred while \output is active []

 [155

]
LaTeX Info: Redefining \. on input line 6296.
LaTeX Info: Redefining \% on input line 6296.


Package Fancyhdr Warning: \headheight is too small (12.0pt): 
 Make it at least 13.04448pt.
 We now make it that large for the rest of the document.
 This may cause the page layout to be inconsistent, however.

[156] (./Libro.lot
LaTeX Info: Redefining \. on input line 2.
LaTeX Info: Redefining \% on input line 2.
)
\tf@lot=\write7
\openout7 = `Libro.lot'.

 (./Libro.ind)
Package atveryend Info: Empty hook `BeforeClearDocument' on input line 6300.
 [157

]
Package atveryend Info: Empty hook `AfterLastShipout' on input line 6300.
 (./Libro.aux
LaTeX Info: Redefining \. on input line 30.
LaTeX Info: Redefining \% on input line 30.
)
Package atveryend Info: Executing hook `AtVeryEndDocument' on input line 6300.
Package atveryend Info: Executing hook `AtEndAfterFileList' on input line 6300.

Package rerunfilecheck Info: File `Libro.out' has not changed.
(rerunfilecheck)             Checksum: 0AA2537093DF24FA7B490B19B382983D;3504.
Package atveryend Info: Empty hook `AtVeryVeryEnd' on input line 6300.
 ) 
Here is how much of TeX's memory you used:
 18314 strings out of 492985
 309109 string characters out of 6132585
 423732 words of memory out of 5000000
 21062 multiletter control sequences out of 15000+600000
 23646 words of font info for 86 fonts, out of 8000000 for 9000
 1141 hyphenation exceptions out of 8191
 39i,21n,43p,10404b,649s stack positions out of 5000i,500n,10000p,200000b,80000s
</usr/local/texlive/2017/texmf-dist/fonts/type1/public/amsfonts/cm/cmbx10.pfb
></usr/local/texlive/2017/texmf-dist/fonts/type1/public/amsfonts/cm/cmbx12.pfb>
</usr/local/texlive/2017/texmf-dist/fonts/type1/public/amsfonts/cm/cmbx7.pfb></
usr/local/texlive/2017/texmf-dist/fonts/type1/public/amsfonts/cm/cmbx8.pfb></us
r/local/texlive/2017/texmf-dist/fonts/type1/public/amsfonts/cm/cmbxsl10.pfb></u
sr/local/texlive/2017/texmf-dist/fonts/type1/public/amsfonts/cm/cmbxti10.pfb></
usr/local/texlive/2017/texmf-dist/fonts/type1/public/amsfonts/cm/cmex10.pfb></u
sr/local/texlive/2017/texmf-dist/fonts/type1/public/amsfonts/cmextra/cmex7.pfb>
</usr/local/texlive/2017/texmf-dist/fonts/type1/public/amsfonts/cmextra/cmex8.p
fb></usr/local/texlive/2017/texmf-dist/fonts/type1/public/amsfonts/cm/cmitt10.p
fb></usr/local/texlive/2017/texmf-dist/fonts/type1/public/amsfonts/cm/cmmi10.pf
b></usr/local/texlive/2017/texmf-dist/fonts/type1/public/amsfonts/cm/cmmi12.pfb
></usr/local/texlive/2017/texmf-dist/fonts/type1/public/amsfonts/cm/cmmi5.pfb><
/usr/local/texlive/2017/texmf-dist/fonts/type1/public/amsfonts/cm/cmmi6.pfb></u
sr/local/texlive/2017/texmf-dist/fonts/type1/public/amsfonts/cm/cmmi7.pfb></usr
/local/texlive/2017/texmf-dist/fonts/type1/public/amsfonts/cm/cmmi8.pfb></usr/l
ocal/texlive/2017/texmf-dist/fonts/type1/public/amsfonts/cm/cmmib10.pfb></usr/l
ocal/texlive/2017/texmf-dist/fonts/type1/public/amsfonts/cmextra/cmmib8.pfb></u
sr/local/texlive/2017/texmf-dist/fonts/type1/public/amsfonts/cm/cmr10.pfb></usr
/local/texlive/2017/texmf-dist/fonts/type1/public/amsfonts/cm/cmr5.pfb></usr/lo
cal/texlive/2017/texmf-dist/fonts/type1/public/amsfonts/cm/cmr6.pfb></usr/local
/texlive/2017/texmf-dist/fonts/type1/public/amsfonts/cm/cmr7.pfb></usr/local/te
xlive/2017/texmf-dist/fonts/type1/public/amsfonts/cm/cmr8.pfb></usr/local/texli
ve/2017/texmf-dist/fonts/type1/public/amsfonts/cm/cmsl10.pfb></usr/local/texliv
e/2017/texmf-dist/fonts/type1/public/amsfonts/cm/cmss10.pfb></usr/local/texlive
/2017/texmf-dist/fonts/type1/public/amsfonts/cm/cmssbx10.pfb></usr/local/texliv
e/2017/texmf-dist/fonts/type1/public/amsfonts/cm/cmssi10.pfb></usr/local/texliv
e/2017/texmf-dist/fonts/type1/public/amsfonts/cm/cmsy10.pfb></usr/local/texlive
/2017/texmf-dist/fonts/type1/public/amsfonts/cm/cmsy5.pfb></usr/local/texlive/2
017/texmf-dist/fonts/type1/public/amsfonts/cm/cmsy6.pfb></usr/local/texlive/201
7/texmf-dist/fonts/type1/public/amsfonts/cm/cmsy7.pfb></usr/local/texlive/2017/
texmf-dist/fonts/type1/public/amsfonts/cm/cmsy8.pfb></usr/local/texlive/2017/te
xmf-dist/fonts/type1/public/amsfonts/cm/cmti10.pfb></usr/local/texlive/2017/tex
mf-dist/fonts/type1/public/amsfonts/cm/cmti8.pfb></usr/local/texlive/2017/texmf
-dist/fonts/type1/public/amsfonts/cm/cmtt10.pfb></usr/local/texlive/2017/texmf-
dist/fonts/type1/public/amsfonts/euler/eufm10.pfb></usr/local/texlive/2017/texm
f-dist/fonts/type1/public/amsfonts/symbols/msam10.pfb></usr/local/texlive/2017/
texmf-dist/fonts/type1/public/amsfonts/symbols/msbm10.pfb></usr/local/texlive/2
017/texmf-dist/fonts/type1/public/amsfonts/symbols/msbm7.pfb>
Output written on Libro.pdf (159 pages, 3299153 bytes).
PDF statistics:
 3194 PDF objects out of 3580 (max. 8388607)
 2602 compressed objects within 27 object streams
 536 named destinations out of 1000 (max. 500000)
 522 words of extra memory for PDF output out of 10000 (max. 10000000)

