This is pdfTeX, Version 3.14159265-2.6-1.40.18 (TeX Live 2017) (preloaded format=pdflatex 2017.5.23)  5 JUN 2021 21:58
entering extended mode
 restricted \write18 enabled.
 %&-line parsing enabled.
**ModelosBayesianos.tex
(./ModelosBayesianos.tex
LaTeX2e <2017-04-15>
Babel <3.10> and hyphenation patterns for 84 language(s) loaded.
(/usr/local/texlive/2017/texmf-dist/tex/latex/base/book.cls
Document Class: book 2014/09/29 v1.4h Standard LaTeX document class
(/usr/local/texlive/2017/texmf-dist/tex/latex/base/bk12.clo
File: bk12.clo 2014/09/29 v1.4h Standard LaTeX file (size option)
)
\c@part=\count79
\c@chapter=\count80
\c@section=\count81
\c@subsection=\count82
\c@subsubsection=\count83
\c@paragraph=\count84
\c@subparagraph=\count85
\c@figure=\count86
\c@table=\count87
\abovecaptionskip=\skip41
\belowcaptionskip=\skip42
\bibindent=\dimen102
) (/usr/local/texlive/2017/texmf-dist/tex/latex/amsmath/amsmath.sty
Package: amsmath 2016/11/05 v2.16a AMS math features
\@mathmargin=\skip43
For additional information on amsmath, use the `?' option.
(/usr/local/texlive/2017/texmf-dist/tex/latex/amsmath/amstext.sty
Package: amstext 2000/06/29 v2.01 AMS text
(/usr/local/texlive/2017/texmf-dist/tex/latex/amsmath/amsgen.sty
File: amsgen.sty 1999/11/30 v2.0 generic functions
\@emptytoks=\toks14
\ex@=\dimen103
)) (/usr/local/texlive/2017/texmf-dist/tex/latex/amsmath/amsbsy.sty
Package: amsbsy 1999/11/29 v1.2d Bold Symbols
\pmbraise@=\dimen104
) (/usr/local/texlive/2017/texmf-dist/tex/latex/amsmath/amsopn.sty
Package: amsopn 2016/03/08 v2.02 operator names
)
\inf@bad=\count88
LaTeX Info: Redefining \frac on input line 213.
\uproot@=\count89
\leftroot@=\count90
LaTeX Info: Redefining \overline on input line 375.
\classnum@=\count91
\DOTSCASE@=\count92
LaTeX Info: Redefining \ldots on input line 472.
LaTeX Info: Redefining \dots on input line 475.
LaTeX Info: Redefining \cdots on input line 596.
\Mathstrutbox@=\box26
\strutbox@=\box27
\big@size=\dimen105
LaTeX Font Info:    Redeclaring font encoding OML on input line 712.
LaTeX Font Info:    Redeclaring font encoding OMS on input line 713.
\macc@depth=\count93
\c@MaxMatrixCols=\count94
\dotsspace@=\muskip10
\c@parentequation=\count95
\dspbrk@lvl=\count96
\tag@help=\toks15
\row@=\count97
\column@=\count98
\maxfields@=\count99
\andhelp@=\toks16
\eqnshift@=\dimen106
\alignsep@=\dimen107
\tagshift@=\dimen108
\tagwidth@=\dimen109
\totwidth@=\dimen110
\lineht@=\dimen111
\@envbody=\toks17
\multlinegap=\skip44
\multlinetaggap=\skip45
\mathdisplay@stack=\toks18
LaTeX Info: Redefining \[ on input line 2817.
LaTeX Info: Redefining \] on input line 2818.
) (/usr/local/texlive/2017/texmf-dist/tex/latex/amsfonts/amssymb.sty
Package: amssymb 2013/01/14 v3.01 AMS font symbols
(/usr/local/texlive/2017/texmf-dist/tex/latex/amsfonts/amsfonts.sty
Package: amsfonts 2013/01/14 v3.01 Basic AMSFonts support
\symAMSa=\mathgroup4
\symAMSb=\mathgroup5
LaTeX Font Info:    Overwriting math alphabet `\mathfrak' in version `bold'
(Font)                  U/euf/m/n --> U/euf/b/n on input line 106.
)) (/usr/local/texlive/2017/texmf-dist/tex/latex/lm/lmodern.sty
Package: lmodern 2009/10/30 v1.6 Latin Modern Fonts
LaTeX Font Info:    Overwriting symbol font `operators' in version `normal'
(Font)                  OT1/cmr/m/n --> OT1/lmr/m/n on input line 22.
LaTeX Font Info:    Overwriting symbol font `letters' in version `normal'
(Font)                  OML/cmm/m/it --> OML/lmm/m/it on input line 23.
LaTeX Font Info:    Overwriting symbol font `symbols' in version `normal'
(Font)                  OMS/cmsy/m/n --> OMS/lmsy/m/n on input line 24.
LaTeX Font Info:    Overwriting symbol font `largesymbols' in version `normal'
(Font)                  OMX/cmex/m/n --> OMX/lmex/m/n on input line 25.
LaTeX Font Info:    Overwriting symbol font `operators' in version `bold'
(Font)                  OT1/cmr/bx/n --> OT1/lmr/bx/n on input line 26.
LaTeX Font Info:    Overwriting symbol font `letters' in version `bold'
(Font)                  OML/cmm/b/it --> OML/lmm/b/it on input line 27.
LaTeX Font Info:    Overwriting symbol font `symbols' in version `bold'
(Font)                  OMS/cmsy/b/n --> OMS/lmsy/b/n on input line 28.
LaTeX Font Info:    Overwriting symbol font `largesymbols' in version `bold'
(Font)                  OMX/cmex/m/n --> OMX/lmex/m/n on input line 29.
LaTeX Font Info:    Overwriting math alphabet `\mathbf' in version `normal'
(Font)                  OT1/cmr/bx/n --> OT1/lmr/bx/n on input line 31.
LaTeX Font Info:    Overwriting math alphabet `\mathsf' in version `normal'
(Font)                  OT1/cmss/m/n --> OT1/lmss/m/n on input line 32.
LaTeX Font Info:    Overwriting math alphabet `\mathit' in version `normal'
(Font)                  OT1/cmr/m/it --> OT1/lmr/m/it on input line 33.
LaTeX Font Info:    Overwriting math alphabet `\mathtt' in version `normal'
(Font)                  OT1/cmtt/m/n --> OT1/lmtt/m/n on input line 34.
LaTeX Font Info:    Overwriting math alphabet `\mathbf' in version `bold'
(Font)                  OT1/cmr/bx/n --> OT1/lmr/bx/n on input line 35.
LaTeX Font Info:    Overwriting math alphabet `\mathsf' in version `bold'
(Font)                  OT1/cmss/bx/n --> OT1/lmss/bx/n on input line 36.
LaTeX Font Info:    Overwriting math alphabet `\mathit' in version `bold'
(Font)                  OT1/cmr/bx/it --> OT1/lmr/bx/it on input line 37.
LaTeX Font Info:    Overwriting math alphabet `\mathtt' in version `bold'
(Font)                  OT1/cmtt/m/n --> OT1/lmtt/m/n on input line 38.
) (/usr/local/texlive/2017/texmf-dist/tex/generic/ifxetex/ifxetex.sty
Package: ifxetex 2010/09/12 v0.6 Provides ifxetex conditional
) (/usr/local/texlive/2017/texmf-dist/tex/generic/oberdiek/ifluatex.sty
Package: ifluatex 2016/05/16 v1.4 Provides the ifluatex switch (HO)
Package ifluatex Info: LuaTeX not detected.
) (/usr/local/texlive/2017/texmf-dist/tex/latex/base/fontenc.sty
Package: fontenc 2017/04/05 v2.0i Standard LaTeX package
(/usr/local/texlive/2017/texmf-dist/tex/latex/base/t1enc.def
File: t1enc.def 2017/04/05 v2.0i Standard LaTeX file
LaTeX Font Info:    Redeclaring font encoding T1 on input line 48.
)) (/usr/local/texlive/2017/texmf-dist/tex/latex/base/inputenc.sty
Package: inputenc 2015/03/17 v1.2c Input encoding file
\inpenc@prehook=\toks19
\inpenc@posthook=\toks20
(/usr/local/texlive/2017/texmf-dist/tex/latex/base/utf8.def
File: utf8.def 2017/01/28 v1.1t UTF-8 support for inputenc
Now handling font encoding OML ...
... no UTF-8 mapping file for font encoding OML
Now handling font encoding T1 ...
... processing UTF-8 mapping file for font encoding T1
(/usr/local/texlive/2017/texmf-dist/tex/latex/base/t1enc.dfu
File: t1enc.dfu 2017/01/28 v1.1t UTF-8 support for inputenc
   defining Unicode char U+00A0 (decimal 160)
   defining Unicode char U+00A1 (decimal 161)
   defining Unicode char U+00A3 (decimal 163)
   defining Unicode char U+00AB (decimal 171)
   defining Unicode char U+00AD (decimal 173)
   defining Unicode char U+00BB (decimal 187)
   defining Unicode char U+00BF (decimal 191)
   defining Unicode char U+00C0 (decimal 192)
   defining Unicode char U+00C1 (decimal 193)
   defining Unicode char U+00C2 (decimal 194)
   defining Unicode char U+00C3 (decimal 195)
   defining Unicode char U+00C4 (decimal 196)
   defining Unicode char U+00C5 (decimal 197)
   defining Unicode char U+00C6 (decimal 198)
   defining Unicode char U+00C7 (decimal 199)
   defining Unicode char U+00C8 (decimal 200)
   defining Unicode char U+00C9 (decimal 201)
   defining Unicode char U+00CA (decimal 202)
   defining Unicode char U+00CB (decimal 203)
   defining Unicode char U+00CC (decimal 204)
   defining Unicode char U+00CD (decimal 205)
   defining Unicode char U+00CE (decimal 206)
   defining Unicode char U+00CF (decimal 207)
   defining Unicode char U+00D0 (decimal 208)
   defining Unicode char U+00D1 (decimal 209)
   defining Unicode char U+00D2 (decimal 210)
   defining Unicode char U+00D3 (decimal 211)
   defining Unicode char U+00D4 (decimal 212)
   defining Unicode char U+00D5 (decimal 213)
   defining Unicode char U+00D6 (decimal 214)
   defining Unicode char U+00D8 (decimal 216)
   defining Unicode char U+00D9 (decimal 217)
   defining Unicode char U+00DA (decimal 218)
   defining Unicode char U+00DB (decimal 219)
   defining Unicode char U+00DC (decimal 220)
   defining Unicode char U+00DD (decimal 221)
   defining Unicode char U+00DE (decimal 222)
   defining Unicode char U+00DF (decimal 223)
   defining Unicode char U+00E0 (decimal 224)
   defining Unicode char U+00E1 (decimal 225)
   defining Unicode char U+00E2 (decimal 226)
   defining Unicode char U+00E3 (decimal 227)
   defining Unicode char U+00E4 (decimal 228)
   defining Unicode char U+00E5 (decimal 229)
   defining Unicode char U+00E6 (decimal 230)
   defining Unicode char U+00E7 (decimal 231)
   defining Unicode char U+00E8 (decimal 232)
   defining Unicode char U+00E9 (decimal 233)
   defining Unicode char U+00EA (decimal 234)
   defining Unicode char U+00EB (decimal 235)
   defining Unicode char U+00EC (decimal 236)
   defining Unicode char U+00ED (decimal 237)
   defining Unicode char U+00EE (decimal 238)
   defining Unicode char U+00EF (decimal 239)
   defining Unicode char U+00F0 (decimal 240)
   defining Unicode char U+00F1 (decimal 241)
   defining Unicode char U+00F2 (decimal 242)
   defining Unicode char U+00F3 (decimal 243)
   defining Unicode char U+00F4 (decimal 244)
   defining Unicode char U+00F5 (decimal 245)
   defining Unicode char U+00F6 (decimal 246)
   defining Unicode char U+00F8 (decimal 248)
   defining Unicode char U+00F9 (decimal 249)
   defining Unicode char U+00FA (decimal 250)
   defining Unicode char U+00FB (decimal 251)
   defining Unicode char U+00FC (decimal 252)
   defining Unicode char U+00FD (decimal 253)
   defining Unicode char U+00FE (decimal 254)
   defining Unicode char U+00FF (decimal 255)
   defining Unicode char U+0100 (decimal 256)
   defining Unicode char U+0101 (decimal 257)
   defining Unicode char U+0102 (decimal 258)
   defining Unicode char U+0103 (decimal 259)
   defining Unicode char U+0104 (decimal 260)
   defining Unicode char U+0105 (decimal 261)
   defining Unicode char U+0106 (decimal 262)
   defining Unicode char U+0107 (decimal 263)
   defining Unicode char U+0108 (decimal 264)
   defining Unicode char U+0109 (decimal 265)
   defining Unicode char U+010A (decimal 266)
   defining Unicode char U+010B (decimal 267)
   defining Unicode char U+010C (decimal 268)
   defining Unicode char U+010D (decimal 269)
   defining Unicode char U+010E (decimal 270)
   defining Unicode char U+010F (decimal 271)
   defining Unicode char U+0110 (decimal 272)
   defining Unicode char U+0111 (decimal 273)
   defining Unicode char U+0112 (decimal 274)
   defining Unicode char U+0113 (decimal 275)
   defining Unicode char U+0114 (decimal 276)
   defining Unicode char U+0115 (decimal 277)
   defining Unicode char U+0116 (decimal 278)
   defining Unicode char U+0117 (decimal 279)
   defining Unicode char U+0118 (decimal 280)
   defining Unicode char U+0119 (decimal 281)
   defining Unicode char U+011A (decimal 282)
   defining Unicode char U+011B (decimal 283)
   defining Unicode char U+011C (decimal 284)
   defining Unicode char U+011D (decimal 285)
   defining Unicode char U+011E (decimal 286)
   defining Unicode char U+011F (decimal 287)
   defining Unicode char U+0120 (decimal 288)
   defining Unicode char U+0121 (decimal 289)
   defining Unicode char U+0122 (decimal 290)
   defining Unicode char U+0123 (decimal 291)
   defining Unicode char U+0124 (decimal 292)
   defining Unicode char U+0125 (decimal 293)
   defining Unicode char U+0128 (decimal 296)
   defining Unicode char U+0129 (decimal 297)
   defining Unicode char U+012A (decimal 298)
   defining Unicode char U+012B (decimal 299)
   defining Unicode char U+012C (decimal 300)
   defining Unicode char U+012D (decimal 301)
   defining Unicode char U+012E (decimal 302)
   defining Unicode char U+012F (decimal 303)
   defining Unicode char U+0130 (decimal 304)
   defining Unicode char U+0131 (decimal 305)
   defining Unicode char U+0132 (decimal 306)
   defining Unicode char U+0133 (decimal 307)
   defining Unicode char U+0134 (decimal 308)
   defining Unicode char U+0135 (decimal 309)
   defining Unicode char U+0136 (decimal 310)
   defining Unicode char U+0137 (decimal 311)
   defining Unicode char U+0139 (decimal 313)
   defining Unicode char U+013A (decimal 314)
   defining Unicode char U+013B (decimal 315)
   defining Unicode char U+013C (decimal 316)
   defining Unicode char U+013D (decimal 317)
   defining Unicode char U+013E (decimal 318)
   defining Unicode char U+0141 (decimal 321)
   defining Unicode char U+0142 (decimal 322)
   defining Unicode char U+0143 (decimal 323)
   defining Unicode char U+0144 (decimal 324)
   defining Unicode char U+0145 (decimal 325)
   defining Unicode char U+0146 (decimal 326)
   defining Unicode char U+0147 (decimal 327)
   defining Unicode char U+0148 (decimal 328)
   defining Unicode char U+014A (decimal 330)
   defining Unicode char U+014B (decimal 331)
   defining Unicode char U+014C (decimal 332)
   defining Unicode char U+014D (decimal 333)
   defining Unicode char U+014E (decimal 334)
   defining Unicode char U+014F (decimal 335)
   defining Unicode char U+0150 (decimal 336)
   defining Unicode char U+0151 (decimal 337)
   defining Unicode char U+0152 (decimal 338)
   defining Unicode char U+0153 (decimal 339)
   defining Unicode char U+0154 (decimal 340)
   defining Unicode char U+0155 (decimal 341)
   defining Unicode char U+0156 (decimal 342)
   defining Unicode char U+0157 (decimal 343)
   defining Unicode char U+0158 (decimal 344)
   defining Unicode char U+0159 (decimal 345)
   defining Unicode char U+015A (decimal 346)
   defining Unicode char U+015B (decimal 347)
   defining Unicode char U+015C (decimal 348)
   defining Unicode char U+015D (decimal 349)
   defining Unicode char U+015E (decimal 350)
   defining Unicode char U+015F (decimal 351)
   defining Unicode char U+0160 (decimal 352)
   defining Unicode char U+0161 (decimal 353)
   defining Unicode char U+0162 (decimal 354)
   defining Unicode char U+0163 (decimal 355)
   defining Unicode char U+0164 (decimal 356)
   defining Unicode char U+0165 (decimal 357)
   defining Unicode char U+0168 (decimal 360)
   defining Unicode char U+0169 (decimal 361)
   defining Unicode char U+016A (decimal 362)
   defining Unicode char U+016B (decimal 363)
   defining Unicode char U+016C (decimal 364)
   defining Unicode char U+016D (decimal 365)
   defining Unicode char U+016E (decimal 366)
   defining Unicode char U+016F (decimal 367)
   defining Unicode char U+0170 (decimal 368)
   defining Unicode char U+0171 (decimal 369)
   defining Unicode char U+0172 (decimal 370)
   defining Unicode char U+0173 (decimal 371)
   defining Unicode char U+0174 (decimal 372)
   defining Unicode char U+0175 (decimal 373)
   defining Unicode char U+0176 (decimal 374)
   defining Unicode char U+0177 (decimal 375)
   defining Unicode char U+0178 (decimal 376)
   defining Unicode char U+0179 (decimal 377)
   defining Unicode char U+017A (decimal 378)
   defining Unicode char U+017B (decimal 379)
   defining Unicode char U+017C (decimal 380)
   defining Unicode char U+017D (decimal 381)
   defining Unicode char U+017E (decimal 382)
   defining Unicode char U+01CD (decimal 461)
   defining Unicode char U+01CE (decimal 462)
   defining Unicode char U+01CF (decimal 463)
   defining Unicode char U+01D0 (decimal 464)
   defining Unicode char U+01D1 (decimal 465)
   defining Unicode char U+01D2 (decimal 466)
   defining Unicode char U+01D3 (decimal 467)
   defining Unicode char U+01D4 (decimal 468)
   defining Unicode char U+01E2 (decimal 482)
   defining Unicode char U+01E3 (decimal 483)
   defining Unicode char U+01E6 (decimal 486)
   defining Unicode char U+01E7 (decimal 487)
   defining Unicode char U+01E8 (decimal 488)
   defining Unicode char U+01E9 (decimal 489)
   defining Unicode char U+01EA (decimal 490)
   defining Unicode char U+01EB (decimal 491)
   defining Unicode char U+01F0 (decimal 496)
   defining Unicode char U+01F4 (decimal 500)
   defining Unicode char U+01F5 (decimal 501)
   defining Unicode char U+0218 (decimal 536)
   defining Unicode char U+0219 (decimal 537)
   defining Unicode char U+021A (decimal 538)
   defining Unicode char U+021B (decimal 539)
   defining Unicode char U+0232 (decimal 562)
   defining Unicode char U+0233 (decimal 563)
   defining Unicode char U+1E02 (decimal 7682)
   defining Unicode char U+1E03 (decimal 7683)
   defining Unicode char U+200C (decimal 8204)
   defining Unicode char U+2010 (decimal 8208)
   defining Unicode char U+2011 (decimal 8209)
   defining Unicode char U+2012 (decimal 8210)
   defining Unicode char U+2013 (decimal 8211)
   defining Unicode char U+2014 (decimal 8212)
   defining Unicode char U+2015 (decimal 8213)
   defining Unicode char U+2018 (decimal 8216)
   defining Unicode char U+2019 (decimal 8217)
   defining Unicode char U+201A (decimal 8218)
   defining Unicode char U+201C (decimal 8220)
   defining Unicode char U+201D (decimal 8221)
   defining Unicode char U+201E (decimal 8222)
   defining Unicode char U+2030 (decimal 8240)
   defining Unicode char U+2031 (decimal 8241)
   defining Unicode char U+2039 (decimal 8249)
   defining Unicode char U+203A (decimal 8250)
   defining Unicode char U+2423 (decimal 9251)
   defining Unicode char U+1E20 (decimal 7712)
   defining Unicode char U+1E21 (decimal 7713)
)
Now handling font encoding OT1 ...
... processing UTF-8 mapping file for font encoding OT1
(/usr/local/texlive/2017/texmf-dist/tex/latex/base/ot1enc.dfu
File: ot1enc.dfu 2017/01/28 v1.1t UTF-8 support for inputenc
   defining Unicode char U+00A0 (decimal 160)
   defining Unicode char U+00A1 (decimal 161)
   defining Unicode char U+00A3 (decimal 163)
   defining Unicode char U+00AD (decimal 173)
   defining Unicode char U+00B8 (decimal 184)
   defining Unicode char U+00BF (decimal 191)
   defining Unicode char U+00C5 (decimal 197)
   defining Unicode char U+00C6 (decimal 198)
   defining Unicode char U+00D8 (decimal 216)
   defining Unicode char U+00DF (decimal 223)
   defining Unicode char U+00E6 (decimal 230)
   defining Unicode char U+00EC (decimal 236)
   defining Unicode char U+00ED (decimal 237)
   defining Unicode char U+00EE (decimal 238)
   defining Unicode char U+00EF (decimal 239)
   defining Unicode char U+00F8 (decimal 248)
   defining Unicode char U+0131 (decimal 305)
   defining Unicode char U+0141 (decimal 321)
   defining Unicode char U+0142 (decimal 322)
   defining Unicode char U+0152 (decimal 338)
   defining Unicode char U+0153 (decimal 339)
   defining Unicode char U+0174 (decimal 372)
   defining Unicode char U+0175 (decimal 373)
   defining Unicode char U+0176 (decimal 374)
   defining Unicode char U+0177 (decimal 375)
   defining Unicode char U+0218 (decimal 536)
   defining Unicode char U+0219 (decimal 537)
   defining Unicode char U+021A (decimal 538)
   defining Unicode char U+021B (decimal 539)
   defining Unicode char U+2013 (decimal 8211)
   defining Unicode char U+2014 (decimal 8212)
   defining Unicode char U+2018 (decimal 8216)
   defining Unicode char U+2019 (decimal 8217)
   defining Unicode char U+201C (decimal 8220)
   defining Unicode char U+201D (decimal 8221)
)
Now handling font encoding OMS ...
... processing UTF-8 mapping file for font encoding OMS
(/usr/local/texlive/2017/texmf-dist/tex/latex/base/omsenc.dfu
File: omsenc.dfu 2017/01/28 v1.1t UTF-8 support for inputenc
   defining Unicode char U+00A7 (decimal 167)
   defining Unicode char U+00B6 (decimal 182)
   defining Unicode char U+00B7 (decimal 183)
   defining Unicode char U+2020 (decimal 8224)
   defining Unicode char U+2021 (decimal 8225)
   defining Unicode char U+2022 (decimal 8226)
)
Now handling font encoding OMX ...
... no UTF-8 mapping file for font encoding OMX
Now handling font encoding U ...
... no UTF-8 mapping file for font encoding U
   defining Unicode char U+00A9 (decimal 169)
   defining Unicode char U+00AA (decimal 170)
   defining Unicode char U+00AE (decimal 174)
   defining Unicode char U+00BA (decimal 186)
   defining Unicode char U+02C6 (decimal 710)
   defining Unicode char U+02DC (decimal 732)
   defining Unicode char U+200C (decimal 8204)
   defining Unicode char U+2026 (decimal 8230)
   defining Unicode char U+2122 (decimal 8482)
   defining Unicode char U+2423 (decimal 9251)
)) (/usr/local/texlive/2017/texmf-dist/tex/latex/base/textcomp.sty
Package: textcomp 2017/04/05 v2.0i Standard LaTeX package
Package textcomp Info: Sub-encoding information:
(textcomp)               5 = only ISO-Adobe without \textcurrency
(textcomp)               4 = 5 + \texteuro
(textcomp)               3 = 4 + \textohm
(textcomp)               2 = 3 + \textestimated + \textcurrency
(textcomp)               1 = TS1 - \textcircled - \t
(textcomp)               0 = TS1 (full)
(textcomp)             Font families with sub-encoding setting implement
(textcomp)             only a restricted character set as indicated.
(textcomp)             Family '?' is the default used for unknown fonts.
(textcomp)             See the documentation for details.
Package textcomp Info: Setting ? sub-encoding to TS1/1 on input line 79.
(/usr/local/texlive/2017/texmf-dist/tex/latex/base/ts1enc.def
File: ts1enc.def 2001/06/05 v3.0e (jk/car/fm) Standard LaTeX file
Now handling font encoding TS1 ...
... processing UTF-8 mapping file for font encoding TS1
(/usr/local/texlive/2017/texmf-dist/tex/latex/base/ts1enc.dfu
File: ts1enc.dfu 2017/01/28 v1.1t UTF-8 support for inputenc
   defining Unicode char U+00A2 (decimal 162)
   defining Unicode char U+00A3 (decimal 163)
   defining Unicode char U+00A4 (decimal 164)
   defining Unicode char U+00A5 (decimal 165)
   defining Unicode char U+00A6 (decimal 166)
   defining Unicode char U+00A7 (decimal 167)
   defining Unicode char U+00A8 (decimal 168)
   defining Unicode char U+00A9 (decimal 169)
   defining Unicode char U+00AA (decimal 170)
   defining Unicode char U+00AC (decimal 172)
   defining Unicode char U+00AE (decimal 174)
   defining Unicode char U+00AF (decimal 175)
   defining Unicode char U+00B0 (decimal 176)
   defining Unicode char U+00B1 (decimal 177)
   defining Unicode char U+00B2 (decimal 178)
   defining Unicode char U+00B3 (decimal 179)
   defining Unicode char U+00B4 (decimal 180)
   defining Unicode char U+00B5 (decimal 181)
   defining Unicode char U+00B6 (decimal 182)
   defining Unicode char U+00B7 (decimal 183)
   defining Unicode char U+00B9 (decimal 185)
   defining Unicode char U+00BA (decimal 186)
   defining Unicode char U+00BC (decimal 188)
   defining Unicode char U+00BD (decimal 189)
   defining Unicode char U+00BE (decimal 190)
   defining Unicode char U+00D7 (decimal 215)
   defining Unicode char U+00F7 (decimal 247)
   defining Unicode char U+0192 (decimal 402)
   defining Unicode char U+02C7 (decimal 711)
   defining Unicode char U+02D8 (decimal 728)
   defining Unicode char U+02DD (decimal 733)
   defining Unicode char U+0E3F (decimal 3647)
   defining Unicode char U+2016 (decimal 8214)
   defining Unicode char U+2020 (decimal 8224)
   defining Unicode char U+2021 (decimal 8225)
   defining Unicode char U+2022 (decimal 8226)
   defining Unicode char U+2030 (decimal 8240)
   defining Unicode char U+2031 (decimal 8241)
   defining Unicode char U+203B (decimal 8251)
   defining Unicode char U+203D (decimal 8253)
   defining Unicode char U+2044 (decimal 8260)
   defining Unicode char U+204E (decimal 8270)
   defining Unicode char U+2052 (decimal 8274)
   defining Unicode char U+20A1 (decimal 8353)
   defining Unicode char U+20A4 (decimal 8356)
   defining Unicode char U+20A6 (decimal 8358)
   defining Unicode char U+20A9 (decimal 8361)
   defining Unicode char U+20AB (decimal 8363)
   defining Unicode char U+20AC (decimal 8364)
   defining Unicode char U+20B1 (decimal 8369)
   defining Unicode char U+2103 (decimal 8451)
   defining Unicode char U+2116 (decimal 8470)
   defining Unicode char U+2117 (decimal 8471)
   defining Unicode char U+211E (decimal 8478)
   defining Unicode char U+2120 (decimal 8480)
   defining Unicode char U+2122 (decimal 8482)
   defining Unicode char U+2126 (decimal 8486)
   defining Unicode char U+2127 (decimal 8487)
   defining Unicode char U+212E (decimal 8494)
   defining Unicode char U+2190 (decimal 8592)
   defining Unicode char U+2191 (decimal 8593)
   defining Unicode char U+2192 (decimal 8594)
   defining Unicode char U+2193 (decimal 8595)
   defining Unicode char U+2329 (decimal 9001)
   defining Unicode char U+232A (decimal 9002)
   defining Unicode char U+2422 (decimal 9250)
   defining Unicode char U+25E6 (decimal 9702)
   defining Unicode char U+25EF (decimal 9711)
   defining Unicode char U+266A (decimal 9834)
))
LaTeX Info: Redefining \oldstylenums on input line 334.
Package textcomp Info: Setting cmr sub-encoding to TS1/0 on input line 349.
Package textcomp Info: Setting cmss sub-encoding to TS1/0 on input line 350.
Package textcomp Info: Setting cmtt sub-encoding to TS1/0 on input line 351.
Package textcomp Info: Setting cmvtt sub-encoding to TS1/0 on input line 352.
Package textcomp Info: Setting cmbr sub-encoding to TS1/0 on input line 353.
Package textcomp Info: Setting cmtl sub-encoding to TS1/0 on input line 354.
Package textcomp Info: Setting ccr sub-encoding to TS1/0 on input line 355.
Package textcomp Info: Setting ptm sub-encoding to TS1/4 on input line 356.
Package textcomp Info: Setting pcr sub-encoding to TS1/4 on input line 357.
Package textcomp Info: Setting phv sub-encoding to TS1/4 on input line 358.
Package textcomp Info: Setting ppl sub-encoding to TS1/3 on input line 359.
Package textcomp Info: Setting pag sub-encoding to TS1/4 on input line 360.
Package textcomp Info: Setting pbk sub-encoding to TS1/4 on input line 361.
Package textcomp Info: Setting pnc sub-encoding to TS1/4 on input line 362.
Package textcomp Info: Setting pzc sub-encoding to TS1/4 on input line 363.
Package textcomp Info: Setting bch sub-encoding to TS1/4 on input line 364.
Package textcomp Info: Setting put sub-encoding to TS1/5 on input line 365.
Package textcomp Info: Setting uag sub-encoding to TS1/5 on input line 366.
Package textcomp Info: Setting ugq sub-encoding to TS1/5 on input line 367.
Package textcomp Info: Setting ul8 sub-encoding to TS1/4 on input line 368.
Package textcomp Info: Setting ul9 sub-encoding to TS1/4 on input line 369.
Package textcomp Info: Setting augie sub-encoding to TS1/5 on input line 370.
Package textcomp Info: Setting dayrom sub-encoding to TS1/3 on input line 371.
Package textcomp Info: Setting dayroms sub-encoding to TS1/3 on input line 372.

Package textcomp Info: Setting pxr sub-encoding to TS1/0 on input line 373.
Package textcomp Info: Setting pxss sub-encoding to TS1/0 on input line 374.
Package textcomp Info: Setting pxtt sub-encoding to TS1/0 on input line 375.
Package textcomp Info: Setting txr sub-encoding to TS1/0 on input line 376.
Package textcomp Info: Setting txss sub-encoding to TS1/0 on input line 377.
Package textcomp Info: Setting txtt sub-encoding to TS1/0 on input line 378.
Package textcomp Info: Setting lmr sub-encoding to TS1/0 on input line 379.
Package textcomp Info: Setting lmdh sub-encoding to TS1/0 on input line 380.
Package textcomp Info: Setting lmss sub-encoding to TS1/0 on input line 381.
Package textcomp Info: Setting lmssq sub-encoding to TS1/0 on input line 382.
Package textcomp Info: Setting lmvtt sub-encoding to TS1/0 on input line 383.
Package textcomp Info: Setting lmtt sub-encoding to TS1/0 on input line 384.
Package textcomp Info: Setting qhv sub-encoding to TS1/0 on input line 385.
Package textcomp Info: Setting qag sub-encoding to TS1/0 on input line 386.
Package textcomp Info: Setting qbk sub-encoding to TS1/0 on input line 387.
Package textcomp Info: Setting qcr sub-encoding to TS1/0 on input line 388.
Package textcomp Info: Setting qcs sub-encoding to TS1/0 on input line 389.
Package textcomp Info: Setting qpl sub-encoding to TS1/0 on input line 390.
Package textcomp Info: Setting qtm sub-encoding to TS1/0 on input line 391.
Package textcomp Info: Setting qzc sub-encoding to TS1/0 on input line 392.
Package textcomp Info: Setting qhvc sub-encoding to TS1/0 on input line 393.
Package textcomp Info: Setting futs sub-encoding to TS1/4 on input line 394.
Package textcomp Info: Setting futx sub-encoding to TS1/4 on input line 395.
Package textcomp Info: Setting futj sub-encoding to TS1/4 on input line 396.
Package textcomp Info: Setting hlh sub-encoding to TS1/3 on input line 397.
Package textcomp Info: Setting hls sub-encoding to TS1/3 on input line 398.
Package textcomp Info: Setting hlst sub-encoding to TS1/3 on input line 399.
Package textcomp Info: Setting hlct sub-encoding to TS1/5 on input line 400.
Package textcomp Info: Setting hlx sub-encoding to TS1/5 on input line 401.
Package textcomp Info: Setting hlce sub-encoding to TS1/5 on input line 402.
Package textcomp Info: Setting hlcn sub-encoding to TS1/5 on input line 403.
Package textcomp Info: Setting hlcw sub-encoding to TS1/5 on input line 404.
Package textcomp Info: Setting hlcf sub-encoding to TS1/5 on input line 405.
Package textcomp Info: Setting pplx sub-encoding to TS1/3 on input line 406.
Package textcomp Info: Setting pplj sub-encoding to TS1/3 on input line 407.
Package textcomp Info: Setting ptmx sub-encoding to TS1/4 on input line 408.
Package textcomp Info: Setting ptmj sub-encoding to TS1/4 on input line 409.
) (/usr/local/texlive/2017/texmf-dist/tex/latex/upquote/upquote.sty
Package: upquote 2012/04/19 v1.3 upright-quote and grave-accent glyphs in verba
tim
) (/usr/local/texlive/2017/texmf-dist/tex/latex/microtype/microtype.sty
Package: microtype 2016/05/14 v2.6a Micro-typographical refinements (RS)
(/usr/local/texlive/2017/texmf-dist/tex/latex/graphics/keyval.sty
Package: keyval 2014/10/28 v1.15 key=value parser (DPC)
\KV@toks@=\toks21
)
\MT@toks=\toks22
\MT@count=\count100
LaTeX Info: Redefining \textls on input line 774.
\MT@outer@kern=\dimen112
LaTeX Info: Redefining \textmicrotypecontext on input line 1310.
\MT@listname@count=\count101
(/usr/local/texlive/2017/texmf-dist/tex/latex/microtype/microtype-pdftex.def
File: microtype-pdftex.def 2016/05/14 v2.6a Definitions specific to pdftex (RS)

LaTeX Info: Redefining \lsstyle on input line 916.
LaTeX Info: Redefining \lslig on input line 916.
\MT@outer@space=\skip46
)
Package microtype Info: Loading configuration file microtype.cfg.
(/usr/local/texlive/2017/texmf-dist/tex/latex/microtype/microtype.cfg
File: microtype.cfg 2016/05/14 v2.6a microtype main configuration file (RS)
)) (/usr/local/texlive/2017/texmf-dist/tex/latex/parskip/parskip.sty
Package: parskip 2001/04/09 non-zero parskip adjustments
) (/usr/local/texlive/2017/texmf-dist/tex/latex/xcolor/xcolor.sty
Package: xcolor 2016/05/11 v2.12 LaTeX color extensions (UK)
(/usr/local/texlive/2017/texmf-dist/tex/latex/graphics-cfg/color.cfg
File: color.cfg 2016/01/02 v1.6 sample color configuration
)
Package xcolor Info: Driver file: pdftex.def on input line 225.
(/usr/local/texlive/2017/texmf-dist/tex/latex/graphics-def/pdftex.def
File: pdftex.def 2017/01/12 v0.06k Graphics/color for pdfTeX
(/usr/local/texlive/2017/texmf-dist/tex/generic/oberdiek/infwarerr.sty
Package: infwarerr 2016/05/16 v1.4 Providing info/warning/error messages (HO)
) (/usr/local/texlive/2017/texmf-dist/tex/generic/oberdiek/ltxcmds.sty
Package: ltxcmds 2016/05/16 v1.23 LaTeX kernel commands for general use (HO)
)
\Gread@gobject=\count102
)
Package xcolor Info: Model `cmy' substituted by `cmy0' on input line 1348.
Package xcolor Info: Model `hsb' substituted by `rgb' on input line 1352.
Package xcolor Info: Model `RGB' extended on input line 1364.
Package xcolor Info: Model `HTML' substituted by `rgb' on input line 1366.
Package xcolor Info: Model `Hsb' substituted by `hsb' on input line 1367.
Package xcolor Info: Model `tHsb' substituted by `hsb' on input line 1368.
Package xcolor Info: Model `HSB' substituted by `hsb' on input line 1369.
Package xcolor Info: Model `Gray' substituted by `gray' on input line 1370.
Package xcolor Info: Model `wave' substituted by `hsb' on input line 1371.
(/usr/local/texlive/2017/texmf-dist/tex/latex/graphics/dvipsnam.def
File: dvipsnam.def 2016/06/17 v3.0m Driver-dependent file (DPC,SPQR)
) (/usr/local/texlive/2017/texmf-dist/tex/latex/xcolor/svgnam.def
File: svgnam.def 2016/05/11 v2.12 Predefined colors according to SVG 1.1 (UK)
) (/usr/local/texlive/2017/texmf-dist/tex/latex/xcolor/x11nam.def
File: x11nam.def 2016/05/11 v2.12 Predefined colors according to Unix/X11 (UK)
)) (/usr/local/texlive/2017/texmf-dist/tex/latex/oberdiek/bookmark.sty
Package: bookmark 2016/05/17 v1.26 PDF bookmarks (HO)
(/usr/local/texlive/2017/texmf-dist/tex/generic/oberdiek/pdfescape.sty
Package: pdfescape 2016/05/16 v1.14 Implements pdfTeX's escape features (HO)
(/usr/local/texlive/2017/texmf-dist/tex/generic/oberdiek/pdftexcmds.sty
Package: pdftexcmds 2017/03/19 v0.25 Utility functions of pdfTeX for LuaTeX (HO
)
(/usr/local/texlive/2017/texmf-dist/tex/generic/oberdiek/ifpdf.sty
Package: ifpdf 2017/03/15 v3.2 Provides the ifpdf switch
)
Package pdftexcmds Info: LuaTeX not detected.
Package pdftexcmds Info: \pdf@primitive is available.
Package pdftexcmds Info: \pdf@ifprimitive is available.
Package pdftexcmds Info: \pdfdraftmode found.
)) (/usr/local/texlive/2017/texmf-dist/tex/generic/oberdiek/ifvtex.sty
Package: ifvtex 2016/05/16 v1.6 Detect VTeX and its facilities (HO)
Package ifvtex Info: VTeX not detected.
) (/usr/local/texlive/2017/texmf-dist/tex/latex/hyperref/hyperref.sty
Package: hyperref 2017/03/14 v6.85a Hypertext links for LaTeX
(/usr/local/texlive/2017/texmf-dist/tex/generic/oberdiek/hobsub-hyperref.sty
Package: hobsub-hyperref 2016/05/16 v1.14 Bundle oberdiek, subset hyperref (HO)

(/usr/local/texlive/2017/texmf-dist/tex/generic/oberdiek/hobsub-generic.sty
Package: hobsub-generic 2016/05/16 v1.14 Bundle oberdiek, subset generic (HO)
Package: hobsub 2016/05/16 v1.14 Construct package bundles (HO)
Package hobsub Info: Skipping package `infwarerr' (already loaded).
Package hobsub Info: Skipping package `ltxcmds' (already loaded).
Package hobsub Info: Skipping package `ifluatex' (already loaded).
Package hobsub Info: Skipping package `ifvtex' (already loaded).
Package: intcalc 2016/05/16 v1.2 Expandable calculations with integers (HO)
Package hobsub Info: Skipping package `ifpdf' (already loaded).
Package: etexcmds 2016/05/16 v1.6 Avoid name clashes with e-TeX commands (HO)
Package etexcmds Info: Could not find \expanded.
(etexcmds)             That can mean that you are not using pdfTeX 1.50 or
(etexcmds)             that some package has redefined \expanded.
(etexcmds)             In the latter case, load this package earlier.
Package: kvsetkeys 2016/05/16 v1.17 Key value parser (HO)
Package: kvdefinekeys 2016/05/16 v1.4 Define keys (HO)
Package hobsub Info: Skipping package `pdftexcmds' (already loaded).
Package hobsub Info: Skipping package `pdfescape' (already loaded).
Package: bigintcalc 2016/05/16 v1.4 Expandable calculations on big integers (HO
)
Package: bitset 2016/05/16 v1.2 Handle bit-vector datatype (HO)
Package: uniquecounter 2016/05/16 v1.3 Provide unlimited unique counter (HO)
)
Package hobsub Info: Skipping package `hobsub' (already loaded).
Package: letltxmacro 2016/05/16 v1.5 Let assignment for LaTeX macros (HO)
Package: hopatch 2016/05/16 v1.3 Wrapper for package hooks (HO)
Package: xcolor-patch 2016/05/16 xcolor patch
Package: atveryend 2016/05/16 v1.9 Hooks at the very end of document (HO)
Package atveryend Info: \enddocument detected (standard20110627).
Package: atbegshi 2016/06/09 v1.18 At begin shipout hook (HO)
Package: refcount 2016/05/16 v3.5 Data extraction from label references (HO)
Package: hycolor 2016/05/16 v1.8 Color options for hyperref/bookmark (HO)
) (/usr/local/texlive/2017/texmf-dist/tex/latex/oberdiek/auxhook.sty
Package: auxhook 2016/05/16 v1.4 Hooks for auxiliary files (HO)
) (/usr/local/texlive/2017/texmf-dist/tex/latex/oberdiek/kvoptions.sty
Package: kvoptions 2016/05/16 v3.12 Key value format for package options (HO)
)
\@linkdim=\dimen113
\Hy@linkcounter=\count103
\Hy@pagecounter=\count104
(/usr/local/texlive/2017/texmf-dist/tex/latex/hyperref/pd1enc.def
File: pd1enc.def 2017/03/14 v6.85a Hyperref: PDFDocEncoding definition (HO)
Now handling font encoding PD1 ...
... no UTF-8 mapping file for font encoding PD1
)
\Hy@SavedSpaceFactor=\count105
(/usr/local/texlive/2017/texmf-dist/tex/latex/latexconfig/hyperref.cfg
File: hyperref.cfg 2002/06/06 v1.2 hyperref configuration of TeXLive
)
Package hyperref Info: Option `unicode' set `true' on input line 4374.
(/usr/local/texlive/2017/texmf-dist/tex/latex/hyperref/puenc.def
File: puenc.def 2017/03/14 v6.85a Hyperref: PDF Unicode definition (HO)
Now handling font encoding PU ...
... no UTF-8 mapping file for font encoding PU
)
Package hyperref Info: Hyper figures OFF on input line 4498.
Package hyperref Info: Link nesting OFF on input line 4503.
Package hyperref Info: Hyper index ON on input line 4506.
Package hyperref Info: Plain pages OFF on input line 4513.
Package hyperref Info: Backreferencing OFF on input line 4518.
Package hyperref Info: Implicit mode ON; LaTeX internals redefined.
Package hyperref Info: Bookmarks ON on input line 4751.
\c@Hy@tempcnt=\count106
(/usr/local/texlive/2017/texmf-dist/tex/latex/url/url.sty
\Urlmuskip=\muskip11
Package: url 2013/09/16  ver 3.4  Verb mode for urls, etc.
)
LaTeX Info: Redefining \url on input line 5104.
\XeTeXLinkMargin=\dimen114
\Fld@menulength=\count107
\Field@Width=\dimen115
\Fld@charsize=\dimen116
Package hyperref Info: Hyper figures OFF on input line 6358.
Package hyperref Info: Link nesting OFF on input line 6363.
Package hyperref Info: Hyper index ON on input line 6366.
Package hyperref Info: backreferencing OFF on input line 6373.
Package hyperref Info: Link coloring OFF on input line 6378.
Package hyperref Info: Link coloring with OCG OFF on input line 6383.
Package hyperref Info: PDF/A mode OFF on input line 6388.
LaTeX Info: Redefining \ref on input line 6428.
LaTeX Info: Redefining \pageref on input line 6432.
\Hy@abspage=\count108
\c@Item=\count109
\c@Hfootnote=\count110
)

Package hyperref Message: Driver (autodetected): hpdftex.

(/usr/local/texlive/2017/texmf-dist/tex/latex/hyperref/hpdftex.def
File: hpdftex.def 2017/03/14 v6.85a Hyperref driver for pdfTeX
\Fld@listcount=\count111
\c@bookmark@seq@number=\count112
(/usr/local/texlive/2017/texmf-dist/tex/latex/oberdiek/rerunfilecheck.sty
Package: rerunfilecheck 2016/05/16 v1.8 Rerun checks for auxiliary files (HO)
Package uniquecounter Info: New unique counter `rerunfilecheck' on input line 2
82.
)
\Hy@SectionHShift=\skip47
) (/usr/local/texlive/2017/texmf-dist/tex/latex/oberdiek/bkm-pdftex.def
File: bkm-pdftex.def 2016/05/17 v1.26 bookmark driver for pdfTeX (HO)
\BKM@id=\count113
))
Package hyperref Info: Option `colorlinks' set `true' on input line 50.
(/usr/local/texlive/2017/texmf-dist/tex/latex/fancyvrb/fancyvrb.sty
Package: fancyvrb 2008/02/07

Style option: `fancyvrb' v2.7a, with DG/SPQR fixes, and firstline=lastline fix 
<2008/02/07> (tvz)
\FV@CodeLineNo=\count114
\FV@InFile=\read1
\FV@TabBox=\box28
\c@FancyVerbLine=\count115
\FV@StepNumber=\count116
\FV@OutFile=\write3
) (/usr/local/texlive/2017/texmf-dist/tex/latex/framed/framed.sty
Package: framed 2011/10/22 v 0.96: framed or shaded text with page breaks
\OuterFrameSep=\skip48
\fb@frw=\dimen117
\fb@frh=\dimen118
\FrameRule=\dimen119
\FrameSep=\dimen120
) (/usr/local/texlive/2017/texmf-dist/tex/latex/tools/longtable.sty
Package: longtable 2014/10/28 v4.11 Multi-page Table package (DPC)
\LTleft=\skip49
\LTright=\skip50
\LTpre=\skip51
\LTpost=\skip52
\LTchunksize=\count117
\LTcapwidth=\dimen121
\LT@head=\box29
\LT@firsthead=\box30
\LT@foot=\box31
\LT@lastfoot=\box32
\LT@cols=\count118
\LT@rows=\count119
\c@LT@tables=\count120
\c@LT@chunks=\count121
\LT@p@ftn=\toks23
) (/usr/local/texlive/2017/texmf-dist/tex/latex/booktabs/booktabs.sty
Package: booktabs 2016/04/27 v1.618033 publication quality tables
\heavyrulewidth=\dimen122
\lightrulewidth=\dimen123
\cmidrulewidth=\dimen124
\belowrulesep=\dimen125
\belowbottomsep=\dimen126
\aboverulesep=\dimen127
\abovetopsep=\dimen128
\cmidrulesep=\dimen129
\cmidrulekern=\dimen130
\defaultaddspace=\dimen131
\@cmidla=\count122
\@cmidlb=\count123
\@aboverulesep=\dimen132
\@belowrulesep=\dimen133
\@thisruleclass=\count124
\@lastruleclass=\count125
\@thisrulewidth=\dimen134
) (/usr/local/texlive/2017/texmf-dist/tex/latex/tools/array.sty
Package: array 2016/10/06 v2.4d Tabular extension package (FMi)
\col@sep=\dimen135
\extrarowheight=\dimen136
\NC@list=\toks24
\extratabsurround=\skip53
\backup@length=\skip54
) (/usr/local/texlive/2017/texmf-dist/tex/latex/tools/calc.sty
Package: calc 2014/10/28 v4.3 Infix arithmetic (KKT,FJ)
\calc@Acount=\count126
\calc@Bcount=\count127
\calc@Adimen=\dimen137
\calc@Bdimen=\dimen138
\calc@Askip=\skip55
\calc@Bskip=\skip56
LaTeX Info: Redefining \setlength on input line 80.
LaTeX Info: Redefining \addtolength on input line 81.
\calc@Ccount=\count128
\calc@Cskip=\skip57
) (/usr/local/texlive/2017/texmf-dist/tex/latex/etoolbox/etoolbox.sty
Package: etoolbox 2017/01/02 v2.4 e-TeX tools for LaTeX (JAW)
\etb@tempcnta=\count129
) (/usr/local/texlive/2017/texmf-dist/tex/latex/footnotehyper/footnotehyper.sty
Package: footnotehyper 2017/03/07 v1.0 hyperref aware footnote.sty (JFB)
\FNH@notes=\box33
\FNH@width=\dimen139
) (/usr/local/texlive/2017/texmf-dist/tex/latex/graphics/graphicx.sty
Package: graphicx 2014/10/28 v1.0g Enhanced LaTeX Graphics (DPC,SPQR)
(/usr/local/texlive/2017/texmf-dist/tex/latex/graphics/graphics.sty
Package: graphics 2017/04/14 v1.1b Standard LaTeX Graphics (DPC,SPQR)
(/usr/local/texlive/2017/texmf-dist/tex/latex/graphics/trig.sty
Package: trig 2016/01/03 v1.10 sin cos tan (DPC)
) (/usr/local/texlive/2017/texmf-dist/tex/latex/graphics-cfg/graphics.cfg
File: graphics.cfg 2016/06/04 v1.11 sample graphics configuration
)
Package graphics Info: Driver file: pdftex.def on input line 99.
)
\Gin@req@height=\dimen140
\Gin@req@width=\dimen141
) (/usr/local/texlive/2017/texmf-dist/tex/latex/setspace/setspace.sty
Package: setspace 2011/12/19 v6.7a set line spacing
) (/usr/local/texlive/2017/texmf-dist/tex/generic/babel/babel.sty
Package: babel 2017/05/19 3.10 The Babel package
(/usr/local/texlive/2017/texmf-dist/tex/generic/babel-spanish/spanish.ldf
Language: spanish.ldf 2016/03/03 v5.0p Spanish support from the babel system
(/usr/local/texlive/2017/texmf-dist/tex/generic/babel/babel.def
File: babel.def 2017/05/19 3.10 Babel common definitions
\babel@savecnt=\count130
\U@D=\dimen142
)
\es@quottoks=\toks25
\es@quotdepth=\count131
Package babel Info: Making " an active character on input line 561.
Package babel Info: Making . an active character on input line 662.
Package babel Info: Making < an active character on input line 707.
Package babel Info: Making > an active character on input line 707.
) (/usr/local/texlive/2017/texmf-dist/tex/generic/babel-spanish/spanish.ldf
Language: spanish.ldf 2016/03/03 v5.0p Spanish support from the babel system
)) (/usr/local/texlive/2017/texmf-dist/tex/latex/natbib/natbib.sty
Package: natbib 2010/09/13 8.31b (PWD, AO)
\bibhang=\skip58
\bibsep=\skip59
LaTeX Info: Redefining \cite on input line 694.
\c@NAT@ctr=\count132
) (/usr/local/texlive/2017/texmf-dist/tex/latex/amscls/amsthm.sty
Package: amsthm 2015/03/04 v2.20.2
\thm@style=\toks26
\thm@bodyfont=\toks27
\thm@headfont=\toks28
\thm@notefont=\toks29
\thm@headpunct=\toks30
\thm@preskip=\skip60
\thm@postskip=\skip61
\thm@headsep=\skip62
\dth@everypar=\toks31
)
\c@theorem=\count133
\c@lemma=\count134
\c@corollary=\count135
\c@proposition=\count136
\c@conjecture=\count137
\c@definition=\count138
\c@example=\count139
\c@exercise=\count140
\c@hypothesis=\count141
(./ModelosBayesianos.aux
LaTeX Info: Redefining \. on input line 25.
LaTeX Info: Redefining \% on input line 25.

LaTeX Warning: Label `prp:unnamed-chunk-3' multiply defined.


LaTeX Warning: Label `prp:unnamed-chunk-5' multiply defined.


LaTeX Warning: Label `prp:unnamed-chunk-7' multiply defined.


LaTeX Warning: Label `prp:unnamed-chunk-11' multiply defined.


LaTeX Warning: Label `prp:unnamed-chunk-13' multiply defined.


LaTeX Warning: Label `def:unnamed-chunk-1' multiply defined.


LaTeX Warning: Label `prp:unnamed-chunk-8' multiply defined.


LaTeX Warning: Label `prp:unnamed-chunk-31' multiply defined.


LaTeX Warning: Label `prp:unnamed-chunk-33' multiply defined.


LaTeX Warning: Label `def:unnamed-chunk-1' multiply defined.


LaTeX Warning: Label `prp:unnamed-chunk-2' multiply defined.


LaTeX Warning: Label `def:unnamed-chunk-3' multiply defined.


LaTeX Warning: Label `prp:unnamed-chunk-4' multiply defined.


LaTeX Warning: Label `def:unnamed-chunk-7' multiply defined.


LaTeX Warning: Label `prp:unnamed-chunk-2' multiply defined.


LaTeX Warning: Label `def:unnamed-chunk-3' multiply defined.


LaTeX Warning: Label `exm:unnamed-chunk-6' multiply defined.


LaTeX Warning: Label `exm:unnamed-chunk-12' multiply defined.


LaTeX Warning: Label `prp:unnamed-chunk-21' multiply defined.

)
\openout1 = `ModelosBayesianos.aux'.

LaTeX Font Info:    Checking defaults for OML/cmm/m/it on input line 175.
LaTeX Font Info:    ... okay on input line 175.
LaTeX Font Info:    Checking defaults for T1/cmr/m/n on input line 175.
LaTeX Font Info:    ... okay on input line 175.
LaTeX Font Info:    Checking defaults for OT1/cmr/m/n on input line 175.
LaTeX Font Info:    ... okay on input line 175.
LaTeX Font Info:    Checking defaults for OMS/cmsy/m/n on input line 175.
LaTeX Font Info:    ... okay on input line 175.
LaTeX Font Info:    Checking defaults for OMX/cmex/m/n on input line 175.
LaTeX Font Info:    ... okay on input line 175.
LaTeX Font Info:    Checking defaults for U/cmr/m/n on input line 175.
LaTeX Font Info:    ... okay on input line 175.
LaTeX Font Info:    Checking defaults for TS1/cmr/m/n on input line 175.
LaTeX Font Info:    Try loading font information for TS1+cmr on input line 175.

(/usr/local/texlive/2017/texmf-dist/tex/latex/base/ts1cmr.fd
File: ts1cmr.fd 2014/09/29 v2.5h Standard LaTeX font definitions
)
LaTeX Font Info:    ... okay on input line 175.
LaTeX Font Info:    Checking defaults for PD1/pdf/m/n on input line 175.
LaTeX Font Info:    ... okay on input line 175.
LaTeX Font Info:    Checking defaults for PU/pdf/m/n on input line 175.
LaTeX Font Info:    ... okay on input line 175.
LaTeX Font Info:    Try loading font information for T1+lmr on input line 175.
(/usr/local/texlive/2017/texmf-dist/tex/latex/lm/t1lmr.fd
File: t1lmr.fd 2009/10/30 v1.6 Font defs for Latin Modern
)
LaTeX Info: Redefining \microtypecontext on input line 175.
Package microtype Info: Generating PDF output.
Package microtype Info: Character protrusion enabled (level 2).
Package microtype Info: Using protrusion set `basicmath'.
Package microtype Info: Automatic font expansion enabled (level 2),
(microtype)             stretch: 20, shrink: 20, step: 1, non-selected.
Package microtype Info: Using default expansion set `basictext'.
Package microtype Info: No adjustment of tracking.
Package microtype Info: No adjustment of interword spacing.
Package microtype Info: No adjustment of character kerning.
(/usr/local/texlive/2017/texmf-dist/tex/latex/microtype/mt-cmr.cfg
File: mt-cmr.cfg 2013/05/19 v2.2 microtype config. file: Computer Modern Roman 
(RS)
) (/usr/local/texlive/2017/texmf-dist/tex/context/base/mkii/supp-pdf.mkii
[Loading MPS to PDF converter (version 2006.09.02).]
\scratchcounter=\count142
\scratchdimen=\dimen143
\scratchbox=\box34
\nofMPsegments=\count143
\nofMParguments=\count144
\everyMPshowfont=\toks32
\MPscratchCnt=\count145
\MPscratchDim=\dimen144
\MPnumerator=\count146
\makeMPintoPDFobject=\count147
\everyMPtoPDFconversion=\toks33
) (/usr/local/texlive/2017/texmf-dist/tex/latex/oberdiek/epstopdf-base.sty
Package: epstopdf-base 2016/05/15 v2.6 Base part for package epstopdf
(/usr/local/texlive/2017/texmf-dist/tex/latex/oberdiek/grfext.sty
Package: grfext 2016/05/16 v1.2 Manage graphics extensions (HO)
)
Package epstopdf-base Info: Redefining graphics rule for `.eps' on input line 4
38.
Package grfext Info: Graphics extension search list:
(grfext)             [.png,.pdf,.jpg,.mps,.jpeg,.jbig2,.jb2,.PNG,.PDF,.JPG,.JPE
G,.JBIG2,.JB2,.eps]
(grfext)             \AppendGraphicsExtensions on input line 456.
(/usr/local/texlive/2017/texmf-dist/tex/latex/latexconfig/epstopdf-sys.cfg
File: epstopdf-sys.cfg 2010/07/13 v1.3 Configuration of (r)epstopdf for TeX Liv
e
))
\AtBeginShipoutBox=\box35
Package hyperref Info: Link coloring ON on input line 175.
(/usr/local/texlive/2017/texmf-dist/tex/latex/hyperref/nameref.sty
Package: nameref 2016/05/21 v2.44 Cross-referencing by name of section
(/usr/local/texlive/2017/texmf-dist/tex/generic/oberdiek/gettitlestring.sty
Package: gettitlestring 2016/05/16 v1.5 Cleanup title references (HO)
)
\c@section@level=\count148
)
LaTeX Info: Redefining \ref on input line 175.
LaTeX Info: Redefining \pageref on input line 175.
LaTeX Info: Redefining \nameref on input line 175.
LaTeX Info: Redefining \. on input line 175.
LaTeX Info: Redefining \% on input line 175.
LaTeX Font Info:    Try loading font information for OT1+lmr on input line 177.

(/usr/local/texlive/2017/texmf-dist/tex/latex/lm/ot1lmr.fd
File: ot1lmr.fd 2009/10/30 v1.6 Font defs for Latin Modern
)
LaTeX Font Info:    Try loading font information for OML+lmm on input line 177.

(/usr/local/texlive/2017/texmf-dist/tex/latex/lm/omllmm.fd
File: omllmm.fd 2009/10/30 v1.6 Font defs for Latin Modern
)
LaTeX Font Info:    Try loading font information for OMS+lmsy on input line 177
.
(/usr/local/texlive/2017/texmf-dist/tex/latex/lm/omslmsy.fd
File: omslmsy.fd 2009/10/30 v1.6 Font defs for Latin Modern
)
LaTeX Font Info:    Try loading font information for OMX+lmex on input line 177
.
(/usr/local/texlive/2017/texmf-dist/tex/latex/lm/omxlmex.fd
File: omxlmex.fd 2009/10/30 v1.6 Font defs for Latin Modern
)
LaTeX Font Info:    External font `lmex10' loaded for size
(Font)              <14.4> on input line 177.
LaTeX Font Info:    External font `lmex10' loaded for size
(Font)              <10> on input line 177.
LaTeX Font Info:    External font `lmex10' loaded for size
(Font)              <7> on input line 177.
LaTeX Font Info:    Try loading font information for U+msa on input line 177.
(/usr/local/texlive/2017/texmf-dist/tex/latex/amsfonts/umsa.fd
File: umsa.fd 2013/01/14 v3.01 AMS symbols A
) (/usr/local/texlive/2017/texmf-dist/tex/latex/microtype/mt-msa.cfg
File: mt-msa.cfg 2006/02/04 v1.1 microtype config. file: AMS symbols (a) (RS)
)
LaTeX Font Info:    Try loading font information for U+msb on input line 177.
(/usr/local/texlive/2017/texmf-dist/tex/latex/amsfonts/umsb.fd
File: umsb.fd 2013/01/14 v3.01 AMS symbols B
) (/usr/local/texlive/2017/texmf-dist/tex/latex/microtype/mt-msb.cfg
File: mt-msb.cfg 2005/06/01 v1.0 microtype config. file: AMS symbols (b) (RS)
) [1


{/usr/local/texlive/2017/texmf-var/fonts/map/pdftex/updmap/pdftex.map}] [2

] (./ModelosBayesianos.toc
LaTeX Info: Redefining \. on input line 1.
LaTeX Info: Redefining \% on input line 1.
LaTeX Font Info:    External font `lmex10' loaded for size
(Font)              <12> on input line 4.
LaTeX Font Info:    External font `lmex10' loaded for size
(Font)              <8> on input line 4.
LaTeX Font Info:    External font `lmex10' loaded for size
(Font)              <6> on input line 4.
[3])
\tf@toc=\write4
\openout4 = `ModelosBayesianos.toc'.

LaTeX Info: Redefining \. on input line 183.
LaTeX Info: Redefining \% on input line 183.
[4] (./ModelosBayesianos.lot
LaTeX Info: Redefining \. on input line 1.
LaTeX Info: Redefining \% on input line 1.
)
\tf@lot=\write5
\openout5 = `ModelosBayesianos.lot'.

[5

]
LaTeX Info: Redefining \. on input line 184.
LaTeX Info: Redefining \% on input line 184.
[6

] (./ModelosBayesianos.lof
LaTeX Info: Redefining \. on input line 1.
LaTeX Info: Redefining \% on input line 1.

Underfull \vbox (badness 1466) has occurred while \output is active []

[7])
\tf@lof=\write6
\openout6 = `ModelosBayesianos.lof'.

LaTeX Info: Redefining \. on input line 186.
LaTeX Info: Redefining \% on input line 186.
[8] [9

]
LaTeX Info: Redefining \. on input line 192.
LaTeX Info: Redefining \% on input line 192.
[10

] [11]
LaTeX Info: Redefining \. on input line 218.
LaTeX Info: Redefining \% on input line 218.
[12]
LaTeX Info: Redefining \. on input line 227.
LaTeX Info: Redefining \% on input line 227.
[13]
LaTeX Info: Redefining \. on input line 255.
LaTeX Info: Redefining \% on input line 255.
[14]
LaTeX Info: Redefining \. on input line 281.
LaTeX Info: Redefining \% on input line 281.
[15]
LaTeX Info: Redefining \. on input line 288.
LaTeX Info: Redefining \% on input line 288.
[16]
Cap\'{\i }tulo 1.
[17

]
LaTeX Info: Redefining \. on input line 328.
LaTeX Info: Redefining \% on input line 328.
[18]
LaTeX Info: Redefining \. on input line 364.
LaTeX Info: Redefining \% on input line 364.
[19]
LaTeX Info: Redefining \. on input line 392.
LaTeX Info: Redefining \% on input line 392.
[20]
Underfull \hbox (badness 5008) in paragraph at lines 403--404
[][]\T1/lmr/bx/n/12 Resultado 1.1. []\T1/lmr/m/it/12 (+20) Su-pon-ga los vec-to
-res $\OT1/lmr/bx/n/12 X$\T1/lmr/m/it/12 (+20) , $\OT1/lmr/bx/n/12 Y$ \T1/lmr/m
/it/12 (+20) y un ter-cer vec-tor
 []

LaTeX Info: Redefining \. on input line 443.
LaTeX Info: Redefining \% on input line 443.
[21]
Overfull \hbox (6.7633pt too wide) in paragraph at lines 453--453
[] 
 []

LaTeX Info: Redefining \. on input line 506.
LaTeX Info: Redefining \% on input line 506.
[22]
LaTeX Info: Redefining \. on input line 537.
LaTeX Info: Redefining \% on input line 537.
[23]
LaTeX Info: Redefining \. on input line 580.
LaTeX Info: Redefining \% on input line 580.
[24]
LaTeX Font Info:    Try loading font information for U+euf on input line 581.
(/usr/local/texlive/2017/texmf-dist/tex/latex/amsfonts/ueuf.fd
File: ueuf.fd 2013/01/14 v3.01 Euler Fraktur
) (/usr/local/texlive/2017/texmf-dist/tex/latex/microtype/mt-euf.cfg
File: mt-euf.cfg 2006/07/03 v1.1 microtype config. file: AMS Euler Fraktur (RS)

)
LaTeX Font Info:    External font `lmex10' loaded for size
(Font)              <5> on input line 581.
LaTeX Info: Redefining \. on input line 606.
LaTeX Info: Redefining \% on input line 606.
[25]
Overfull \hbox (11.49902pt too wide) detected at line 626
\OML/lmm/m/it/12 p\OT1/lmr/m/n/12 (\OML/lmm/m/it/12 M\OT1/lmr/m/n/12 1 \OMS/lms
y/m/n/12 j \OML/lmm/m/it/12 D\OT1/lmr/m/n/12 ) = []
 []

LaTeX Info: Redefining \. on input line 636.
LaTeX Info: Redefining \% on input line 636.
[26]
LaTeX Info: Redefining \. on input line 666.
LaTeX Info: Redefining \% on input line 666.
[27]
Overfull \hbox (77.65666pt too wide) in paragraph at lines 673--673
[] 
 []


Overfull \hbox (90.67125pt too wide) in paragraph at lines 679--679
[] 
 []

LaTeX Info: Redefining \. on input line 699.
LaTeX Info: Redefining \% on input line 699.
[28]
Cap\'{\i }tulo 2.
[29

]
LaTeX Info: Redefining \. on input line 787.
LaTeX Info: Redefining \% on input line 787.
[30] [31]
LaTeX Info: Redefining \. on input line 871.
LaTeX Info: Redefining \% on input line 871.
[32]
Underfull \vbox (badness 10000) has occurred while \output is active []

LaTeX Info: Redefining \. on input line 927.
LaTeX Info: Redefining \% on input line 927.
[33]
LaTeX Info: Redefining \. on input line 970.
LaTeX Info: Redefining \% on input line 970.
[34]
LaTeX Info: Redefining \. on input line 1002.
LaTeX Info: Redefining \% on input line 1002.
[35]
LaTeX Info: Redefining \. on input line 1033.
LaTeX Info: Redefining \% on input line 1033.
[36]
Overfull \hbox (19.81458pt too wide) in paragraph at lines 1050--1050
[] 
 []

LaTeX Info: Redefining \. on input line 1072.
LaTeX Info: Redefining \% on input line 1072.
[37]
LaTeX Info: Redefining \. on input line 1104.
LaTeX Info: Redefining \% on input line 1104.
[38]
Overfull \hbox (20.79863pt too wide) in paragraph at lines 1149--1149
[] 
 []

LaTeX Info: Redefining \. on input line 1149.
LaTeX Info: Redefining \% on input line 1149.
[39]
LaTeX Info: Redefining \. on input line 1186.
LaTeX Info: Redefining \% on input line 1186.
[40]
LaTeX Info: Redefining \. on input line 1222.
LaTeX Info: Redefining \% on input line 1222.
[41]
LaTeX Info: Redefining \. on input line 1265.
LaTeX Info: Redefining \% on input line 1265.
[42]
LaTeX Info: Redefining \. on input line 1296.
LaTeX Info: Redefining \% on input line 1296.
[43]
LaTeX Info: Redefining \. on input line 1326.
LaTeX Info: Redefining \% on input line 1326.
[44]
LaTeX Info: Redefining \. on input line 1368.
LaTeX Info: Redefining \% on input line 1368.
[45]
LaTeX Info: Redefining \. on input line 1411.
LaTeX Info: Redefining \% on input line 1411.
[46]
LaTeX Info: Redefining \. on input line 1453.
LaTeX Info: Redefining \% on input line 1453.
[47]
LaTeX Info: Redefining \. on input line 1493.
LaTeX Info: Redefining \% on input line 1493.
[48]
LaTeX Info: Redefining \. on input line 1545.
LaTeX Info: Redefining \% on input line 1545.
[49]
LaTeX Info: Redefining \. on input line 1578.
LaTeX Info: Redefining \% on input line 1578.
[50]
Cap\'{\i }tulo 3.
LaTeX Font Info:    Try loading font information for T1+lmtt on input line 1590
.
(/usr/local/texlive/2017/texmf-dist/tex/latex/lm/t1lmtt.fd
File: t1lmtt.fd 2009/10/30 v1.6 Font defs for Latin Modern
) [51

]
LaTeX Info: Redefining \. on input line 1658.
LaTeX Info: Redefining \% on input line 1658.
[52]
<3Uniparametricos_files/figure-latex/jefber1-1.pdf, id=582, 460.72125pt x 313.1
7pt>
File: 3Uniparametricos_files/figure-latex/jefber1-1.pdf Graphic file (type pdf)

<use 3Uniparametricos_files/figure-latex/jefber1-1.pdf>
Package pdftex.def Info: 3Uniparametricos_files/figure-latex/jefber1-1.pdf used
 on input line 1670.
(pdftex.def)             Requested size: 389.998pt x 265.09666pt.
pdfTeX warning (ext4): destination with the same identifier (name{prp:unnamed-c
hunk-3}) has been already used, duplicate ignored
<to be read again> 
                   \relax 
l.1675 \protect\hypertarget{prp:unnamed-chunk-3}{}
                                                  {\label{prp:unnamed-chunk-...
LaTeX Info: Redefining \. on input line 1696.
LaTeX Info: Redefining \% on input line 1696.
[53]
LaTeX Info: Redefining \. on input line 1696.
LaTeX Info: Redefining \% on input line 1696.
[54 <./3Uniparametricos_files/figure-latex/jefber1-1.pdf>]pdfTeX warning (ext4)
: destination with the same identifier (name{prp:unnamed-chunk-5}) has been alr
eady used, duplicate ignored
<to be read again> 
                   \relax 
l.1722 \protect\hypertarget{prp:unnamed-chunk-5}{}
                                                  {\label{prp:unnamed-chunk-...

Underfull \vbox (badness 10000) has occurred while \output is active []

LaTeX Info: Redefining \. on input line 1739.
LaTeX Info: Redefining \% on input line 1739.
[55]pdfTeX warning (ext4): destination with the same identifier (name{prp:unnam
ed-chunk-7}) has been already used, duplicate ignored
<to be read again> 
                   \relax 
l.1748 \protect\hypertarget{prp:unnamed-chunk-7}{}
                                                  {\label{prp:unnamed-chunk-...
LaTeX Info: Redefining \. on input line 1763.
LaTeX Info: Redefining \% on input line 1763.
[56]
<3Uniparametricos_files/figure-latex/BernoEj1-1.pdf, id=616, 450.68375pt x 302.
12875pt>
File: 3Uniparametricos_files/figure-latex/BernoEj1-1.pdf Graphic file (type pdf
)
<use 3Uniparametricos_files/figure-latex/BernoEj1-1.pdf>
Package pdftex.def Info: 3Uniparametricos_files/figure-latex/BernoEj1-1.pdf use
d on input line 1775.
(pdftex.def)             Requested size: 390.02174pt x 261.46223pt.
LaTeX Info: Redefining \. on input line 1786.
LaTeX Info: Redefining \% on input line 1786.
[57]
LaTeX Info: Redefining \. on input line 1786.
LaTeX Info: Redefining \% on input line 1786.
[58 <./3Uniparametricos_files/figure-latex/BernoEj1-1.pdf>]
LaTeX Info: Redefining \. on input line 1839.
LaTeX Info: Redefining \% on input line 1839.
[59]
Overfull \hbox (17.5502pt too wide) in paragraph at lines 1862--1862
[]\T1/lmtt/m/n/12 ## post-warmup draws per chain=1000, total post-warmup draws=
4000.[] 
 []


Overfull \hbox (36.07521pt too wide) in paragraph at lines 1862--1862
[]\T1/lmtt/m/n/12 ## Samples were drawn using NUTS(diag_e) at Sat Jun  5 21:35:
42 2021.[] 
 []


Overfull \hbox (60.77522pt too wide) in paragraph at lines 1862--1862
[]\T1/lmtt/m/n/12 ## For each parameter, n_eff is a crude measure of effective 
sample size,[] 
 []


Overfull \hbox (48.42522pt too wide) in paragraph at lines 1862--1862
[]\T1/lmtt/m/n/12 ## and Rhat is the potential scale reduction factor on split 
chains (at[] 
 []


<3Uniparametricos_files/figure-latex/posBernoulliStan-1.pdf, id=635, 459.7175pt
 x 314.17375pt>
File: 3Uniparametricos_files/figure-latex/posBernoulliStan-1.pdf Graphic file (
type pdf)
<use 3Uniparametricos_files/figure-latex/posBernoulliStan-1.pdf>
Package pdftex.def Info: 3Uniparametricos_files/figure-latex/posBernoulliStan-1
.pdf used on input line 1875.
(pdftex.def)             Requested size: 390.01816pt x 266.54079pt.
LaTeX Info: Redefining \. on input line 1893.
LaTeX Info: Redefining \% on input line 1893.
[60]
LaTeX Info: Redefining \. on input line 1893.
LaTeX Info: Redefining \% on input line 1893.
[61 <./3Uniparametricos_files/figure-latex/posBernoulliStan-1.pdf>]pdfTeX warni
ng (ext4): destination with the same identifier (name{prp:unnamed-chunk-11}) ha
s been already used, duplicate ignored
<to be read again> 
                   \relax 
l.1906 ...tect\hypertarget{prp:unnamed-chunk-11}{}
                                                  {\label{prp:unnamed-chunk-...
LaTeX Info: Redefining \. on input line 1944.
LaTeX Info: Redefining \% on input line 1944.
[62]
<3Uniparametricos_files/figure-latex/beta3-1.pdf, id=662, 437.635pt x 312.16624
pt>
File: 3Uniparametricos_files/figure-latex/beta3-1.pdf Graphic file (type pdf)
<use 3Uniparametricos_files/figure-latex/beta3-1.pdf>
Package pdftex.def Info: 3Uniparametricos_files/figure-latex/beta3-1.pdf used o
n input line 1964.
(pdftex.def)             Requested size: 390.00143pt x 278.18909pt.

<3Uniparametricos_files/figure-latex/betan-1.pdf, id=664, 460.72125pt x 312.166
24pt>
File: 3Uniparametricos_files/figure-latex/betan-1.pdf Graphic file (type pdf)
<use 3Uniparametricos_files/figure-latex/betan-1.pdf>
Package pdftex.def Info: 3Uniparametricos_files/figure-latex/betan-1.pdf used o
n input line 1984.
(pdftex.def)             Requested size: 389.998pt x 264.24701pt.
LaTeX Info: Redefining \. on input line 2004.
LaTeX Info: Redefining \% on input line 2004.
[63]
LaTeX Info: Redefining \. on input line 2004.
LaTeX Info: Redefining \% on input line 2004.
[64 <./3Uniparametricos_files/figure-latex/beta3-1.pdf>]
LaTeX Info: Redefining \. on input line 2004.
LaTeX Info: Redefining \% on input line 2004.
[65 <./3Uniparametricos_files/figure-latex/betan-1.pdf>]pdfTeX warning (ext4): 
destination with the same identifier (name{prp:unnamed-chunk-13}) has been alre
ady used, duplicate ignored
<to be read again> 
                   \relax 
l.2032 ...tect\hypertarget{prp:unnamed-chunk-13}{}
                                                  {\label{prp:unnamed-chunk-...
LaTeX Info: Redefining \. on input line 2036.
LaTeX Info: Redefining \% on input line 2036.
[66]
LaTeX Info: Redefining \. on input line 2079.
LaTeX Info: Redefining \% on input line 2079.
[67]
LaTeX Font Info:    Try loading font information for T1+lmss on input line 2095
.
(/usr/local/texlive/2017/texmf-dist/tex/latex/lm/t1lmss.fd
File: t1lmss.fd 2009/10/30 v1.6 Font defs for Latin Modern
)
Package microtype Info: Loading generic settings for font family
(microtype)             `lmss' (encoding: T1).
(microtype)             For optimal results, create family-specific settings.
(microtype)             See the microtype manual for details.

Underfull \hbox (badness 2189) in paragraph at lines 2095--2097
[]\T1/lmr/m/n/12 (+20) y des-afor-tu-na-da-men-te, en \T1/lmss/m/n/12 (+20) R \
T1/lmr/m/n/12 (+20) se pre-sen-ta error al in-ten-tar eje-cu-tar
 []


Overfull \hbox (20.90242pt too wide) in paragraph at lines 2131--2131
[] 
 []

LaTeX Info: Redefining \. on input line 2131.
LaTeX Info: Redefining \% on input line 2131.
[68]
LaTeX Font Info:    Font shape `T1/lmtt/bx/n' in size <12> not available
(Font)              Font shape `T1/lmtt/b/n' tried instead on input line 2141.
LaTeX Info: Redefining \. on input line 2160.
LaTeX Info: Redefining \% on input line 2160.
[69]
LaTeX Info: Redefining \. on input line 2218.
LaTeX Info: Redefining \% on input line 2218.
[70]
LaTeX Info: Redefining \. on input line 2269.
LaTeX Info: Redefining \% on input line 2269.
[71]
Overfull \hbox (44.29546pt too wide) in paragraph at lines 2280--2281
\T1/lmr/m/n/12 (-20) ca a la fun-cin de den-si-dad de la dis-tri-bu-cin $\OML
/lmm/m/it/12 Beta []$\T1/lmr/m/n/12 (-20) .
 []

LaTeX Info: Redefining \. on input line 2336.
LaTeX Info: Redefining \% on input line 2336.
[72]
LaTeX Info: Redefining \. on input line 2345.
LaTeX Info: Redefining \% on input line 2345.
[73]
LaTeX Font Info:    Try loading font information for TS1+lmtt on input line 235
0.
(/usr/local/texlive/2017/texmf-dist/tex/latex/lm/ts1lmtt.fd
File: ts1lmtt.fd 2009/10/30 v1.6 Font defs for Latin Modern
)
Underfull \vbox (badness 10000) detected at line 2377
 []


Underfull \vbox (badness 10000) has occurred while \output is active []

LaTeX Info: Redefining \. on input line 2377.
LaTeX Info: Redefining \% on input line 2377.
[74]
Overfull \hbox (17.5502pt too wide) in paragraph at lines 2400--2400
[]\T1/lmtt/m/n/12 ## post-warmup draws per chain=1000, total post-warmup draws=
4000.[] 
 []


Overfull \hbox (36.0612pt too wide) in paragraph at lines 2400--2400
[]\T1/lmtt/m/n/12 ## Samples were drawn using NUTS(diag_e) at Sat Jun  5 21:36:
29 2021.[] 
 []


Overfull \hbox (60.77522pt too wide) in paragraph at lines 2400--2400
[]\T1/lmtt/m/n/12 ## For each parameter, n_eff is a crude measure of effective 
sample size,[] 
 []


Overfull \hbox (48.42522pt too wide) in paragraph at lines 2400--2400
[]\T1/lmtt/m/n/12 ## and Rhat is the potential scale reduction factor on split 
chains (at[] 
 []


<3Uniparametricos_files/figure-latex/posBinomialStan-1.pdf, id=761, 459.7175pt 
x 314.17375pt>
File: 3Uniparametricos_files/figure-latex/posBinomialStan-1.pdf Graphic file (t
ype pdf)
<use 3Uniparametricos_files/figure-latex/posBinomialStan-1.pdf>
Package pdftex.def Info: 3Uniparametricos_files/figure-latex/posBinomialStan-1.
pdf used on input line 2413.
(pdftex.def)             Requested size: 390.01816pt x 266.54079pt.

<3Uniparametricos_files/figure-latex/BinomEj1-1.pdf, id=763, 437.635pt x 312.16
624pt>
File: 3Uniparametricos_files/figure-latex/BinomEj1-1.pdf Graphic file (type pdf
)
<use 3Uniparametricos_files/figure-latex/BinomEj1-1.pdf>
Package pdftex.def Info: 3Uniparametricos_files/figure-latex/BinomEj1-1.pdf use
d on input line 2433.
(pdftex.def)             Requested size: 390.00143pt x 278.18909pt.
LaTeX Info: Redefining \. on input line 2440.
LaTeX Info: Redefining \% on input line 2440.
[75]
LaTeX Info: Redefining \. on input line 2440.
LaTeX Info: Redefining \% on input line 2440.
[76 <./3Uniparametricos_files/figure-latex/posBinomialStan-1.pdf>]
LaTeX Info: Redefining \. on input line 2440.
LaTeX Info: Redefining \% on input line 2440.
[77 <./3Uniparametricos_files/figure-latex/BinomEj1-1.pdf>]
<3Uniparametricos_files/figure-latex/PredBinom-1.pdf, id=788, 460.72125pt x 312
.16624pt>
File: 3Uniparametricos_files/figure-latex/PredBinom-1.pdf Graphic file (type pd
f)
<use 3Uniparametricos_files/figure-latex/PredBinom-1.pdf>
Package pdftex.def Info: 3Uniparametricos_files/figure-latex/PredBinom-1.pdf us
ed on input line 2481.
(pdftex.def)             Requested size: 389.998pt x 264.24701pt.
LaTeX Info: Redefining \. on input line 2489.
LaTeX Info: Redefining \% on input line 2489.
[78]
LaTeX Info: Redefining \. on input line 2489.
LaTeX Info: Redefining \% on input line 2489.
[79 <./3Uniparametricos_files/figure-latex/PredBinom-1.pdf>]
LaTeX Info: Redefining \. on input line 2513.
LaTeX Info: Redefining \% on input line 2513.
[80]
Underfull \hbox (badness 2662) in paragraph at lines 2528--2529
[]\T1/lmr/m/n/12 (+20) Mediante el an-li-sis ba-ye-siano, su-po-nien-do una di
s-tri-bu-cin pre-via
 []

LaTeX Info: Redefining \. on input line 2529.
LaTeX Info: Redefining \% on input line 2529.
[81]
LaTeX Info: Redefining \. on input line 2567.
LaTeX Info: Redefining \% on input line 2567.
[82]
Overfull \hbox (17.5502pt too wide) in paragraph at lines 2586--2586
[]\T1/lmtt/m/n/12 ## post-warmup draws per chain=1000, total post-warmup draws=
4000.[] 
 []


Overfull \hbox (36.07521pt too wide) in paragraph at lines 2586--2586
[]\T1/lmtt/m/n/12 ## Samples were drawn using NUTS(diag_e) at Sat Jun  5 21:37:
12 2021.[] 
 []


Overfull \hbox (60.77522pt too wide) in paragraph at lines 2586--2586
[]\T1/lmtt/m/n/12 ## For each parameter, n_eff is a crude measure of effective 
sample size,[] 
 []


Overfull \hbox (48.42522pt too wide) in paragraph at lines 2586--2586
[]\T1/lmtt/m/n/12 ## and Rhat is the potential scale reduction factor on split 
chains (at[] 
 []

LaTeX Info: Redefining \. on input line 2630.
LaTeX Info: Redefining \% on input line 2630.
[83]
LaTeX Info: Redefining \. on input line 2676.
LaTeX Info: Redefining \% on input line 2676.
[84]
Underfull \vbox (badness 1009) has occurred while \output is active []

LaTeX Info: Redefining \. on input line 2680.
LaTeX Info: Redefining \% on input line 2680.
[85]
Overfull \hbox (17.5502pt too wide) in paragraph at lines 2699--2699
[]\T1/lmtt/m/n/12 ## post-warmup draws per chain=1000, total post-warmup draws=
4000.[] 
 []


Overfull \hbox (36.07521pt too wide) in paragraph at lines 2699--2699
[]\T1/lmtt/m/n/12 ## Samples were drawn using NUTS(diag_e) at Sat Jun  5 21:37:
44 2021.[] 
 []


Overfull \hbox (60.77522pt too wide) in paragraph at lines 2699--2699
[]\T1/lmtt/m/n/12 ## For each parameter, n_eff is a crude measure of effective 
sample size,[] 
 []


Overfull \hbox (48.42522pt too wide) in paragraph at lines 2699--2699
[]\T1/lmtt/m/n/12 ## and Rhat is the potential scale reduction factor on split 
chains (at[] 
 []


<3Uniparametricos_files/figure-latex/posBNStan-1.pdf, id=847, 459.7175pt x 314.
17375pt>
File: 3Uniparametricos_files/figure-latex/posBNStan-1.pdf Graphic file (type pd
f)
<use 3Uniparametricos_files/figure-latex/posBNStan-1.pdf>
Package pdftex.def Info: 3Uniparametricos_files/figure-latex/posBNStan-1.pdf us
ed on input line 2712.
(pdftex.def)             Requested size: 390.01816pt x 266.54079pt.

Overfull \hbox (41.15247pt too wide) detected at line 2723
\OML/lmm/m/it/12 p\OT1/lmr/m/n/12 ([]\OMS/lmsy/m/n/12 j\OML/lmm/m/it/12 Y[]; []
  ; Y[]\OT1/lmr/m/n/12 ) = [][]\OML/lmm/m/it/12 I[]\OT1/lmr/m/n/12 ([])
 []


Overfull \hbox (52.37279pt too wide) in paragraph at lines 2733--2733
[] 
 []


Underfull \vbox (badness 10000) has occurred while \output is active []

LaTeX Info: Redefining \. on input line 2733.
LaTeX Info: Redefining \% on input line 2733.
[86]
LaTeX Info: Redefining \. on input line 2733.
LaTeX Info: Redefining \% on input line 2733.
[87 <./3Uniparametricos_files/figure-latex/posBNStan-1.pdf>]
LaTeX Info: Redefining \. on input line 2768.
LaTeX Info: Redefining \% on input line 2768.
[88]
<3Uniparametricos_files/figure-latex/jefber-1.pdf, id=870, 460.72125pt x 312.16
624pt>
File: 3Uniparametricos_files/figure-latex/jefber-1.pdf Graphic file (type pdf)
<use 3Uniparametricos_files/figure-latex/jefber-1.pdf>
Package pdftex.def Info: 3Uniparametricos_files/figure-latex/jefber-1.pdf used 
on input line 2776.
(pdftex.def)             Requested size: 389.998pt x 264.24701pt.
LaTeX Info: Redefining \. on input line 2781.
LaTeX Info: Redefining \% on input line 2781.
[89 <./3Uniparametricos_files/figure-latex/jefber-1.pdf>]
LaTeX Info: Redefining \. on input line 2814.
LaTeX Info: Redefining \% on input line 2814.
[90]
LaTeX Info: Redefining \. on input line 2843.
LaTeX Info: Redefining \% on input line 2843.
[91]
LaTeX Info: Redefining \. on input line 2874.
LaTeX Info: Redefining \% on input line 2874.
[92]
LaTeX Info: Redefining \. on input line 2902.
LaTeX Info: Redefining \% on input line 2902.
[93]
Overfull \hbox (2.64592pt too wide) in paragraph at lines 2914--2914
[] 
 []

LaTeX Info: Redefining \. on input line 2934.
LaTeX Info: Redefining \% on input line 2934.
[94]
Overfull \hbox (44.00224pt too wide) detected at line 2959
[]\OML/lmm/m/it/12 p\OT1/lmr/m/n/12 ([] \OMS/lmsy/m/n/12 j \OT1/lmr/bx/n/12 Y\O
T1/lmr/m/n/12 ) = [][][]
 []

LaTeX Info: Redefining \. on input line 2971.
LaTeX Info: Redefining \% on input line 2971.
[95]
<3Uniparametricos_files/figure-latex/EjemPoisson1-1.pdf, id=931, 443.6575pt x 3
12.16624pt>
File: 3Uniparametricos_files/figure-latex/EjemPoisson1-1.pdf Graphic file (type
 pdf)
<use 3Uniparametricos_files/figure-latex/EjemPoisson1-1.pdf>
Package pdftex.def Info: 3Uniparametricos_files/figure-latex/EjemPoisson1-1.pdf
 used on input line 2979.
(pdftex.def)             Requested size: 390.00008pt x 274.41182pt.

<3Uniparametricos_files/figure-latex/EjemPoisson2-1.pdf, id=936, 433.62pt x 295
.1025pt>
File: 3Uniparametricos_files/figure-latex/EjemPoisson2-1.pdf Graphic file (type
 pdf)
<use 3Uniparametricos_files/figure-latex/EjemPoisson2-1.pdf>
Package pdftex.def Info: 3Uniparametricos_files/figure-latex/EjemPoisson2-1.pdf
 used on input line 2989.
(pdftex.def)             Requested size: 390.0162pt x 265.42767pt.
LaTeX Info: Redefining \. on input line 2991.
LaTeX Info: Redefining \% on input line 2991.
[96]
LaTeX Info: Redefining \. on input line 2991.
LaTeX Info: Redefining \% on input line 2991.
[97 <./3Uniparametricos_files/figure-latex/EjemPoisson1-1.pdf>]
LaTeX Info: Redefining \. on input line 3035.
LaTeX Info: Redefining \% on input line 3035.
[98 <./3Uniparametricos_files/figure-latex/EjemPoisson2-1.pdf>]
Underfull \vbox (badness 1383) has occurred while \output is active []

LaTeX Info: Redefining \. on input line 3052.
LaTeX Info: Redefining \% on input line 3052.
[99]
<3Uniparametricos_files/figure-latex/PredPostPoisson-1.pdf, id=968, 460.72125pt
 x 305.14pt>
File: 3Uniparametricos_files/figure-latex/PredPostPoisson-1.pdf Graphic file (t
ype pdf)
<use 3Uniparametricos_files/figure-latex/PredPostPoisson-1.pdf>
Package pdftex.def Info: 3Uniparametricos_files/figure-latex/PredPostPoisson-1.
pdf used on input line 3067.
(pdftex.def)             Requested size: 389.998pt x 258.29932pt.
LaTeX Info: Redefining \. on input line 3094.
LaTeX Info: Redefining \% on input line 3094.
[100 <./3Uniparametricos_files/figure-latex/PredPostPoisson-1.pdf>]
Overfull \hbox (17.5502pt too wide) in paragraph at lines 3117--3117
[]\T1/lmtt/m/n/12 ## post-warmup draws per chain=1000, total post-warmup draws=
4000.[] 
 []


Overfull \hbox (36.0682pt too wide) in paragraph at lines 3117--3117
[]\T1/lmtt/m/n/12 ## Samples were drawn using NUTS(diag_e) at Sat Jun  5 21:38:
29 2021.[] 
 []


Overfull \hbox (60.77522pt too wide) in paragraph at lines 3117--3117
[]\T1/lmtt/m/n/12 ## For each parameter, n_eff is a crude measure of effective 
sample size,[] 
 []


Overfull \hbox (48.42522pt too wide) in paragraph at lines 3117--3117
[]\T1/lmtt/m/n/12 ## and Rhat is the potential scale reduction factor on split 
chains (at[] 
 []

LaTeX Info: Redefining \. on input line 3121.
LaTeX Info: Redefining \% on input line 3121.
[101]
<3Uniparametricos_files/figure-latex/posPoissonStan-1.pdf, id=983, 459.7175pt x
 314.17375pt>
File: 3Uniparametricos_files/figure-latex/posPoissonStan-1.pdf Graphic file (ty
pe pdf)
<use 3Uniparametricos_files/figure-latex/posPoissonStan-1.pdf>
Package pdftex.def Info: 3Uniparametricos_files/figure-latex/posPoissonStan-1.p
df used on input line 3130.
(pdftex.def)             Requested size: 390.01816pt x 266.54079pt.
LaTeX Info: Redefining \. on input line 3139.
LaTeX Info: Redefining \% on input line 3139.
[102 <./3Uniparametricos_files/figure-latex/posPoissonStan-1.pdf>]
Ap\'{e}ndice A.
pdfTeX warning (ext4): destination with the same identifier (name{def:unnamed-c
hunk-1}) has been already used, duplicate ignored
<to be read again> 
                   \relax 
l.3150 \protect\hypertarget{def:unnamed-chunk-1}{}
                                                  {\label{def:unnamed-chunk-...
[103

]
LaTeX Info: Redefining \. on input line 3219.
LaTeX Info: Redefining \% on input line 3219.
[104]pdfTeX warning (ext4): destination with the same identifier (name{prp:unna
med-chunk-8}) has been already used, duplicate ignored
<to be read again> 
                   \relax 
l.3246 \protect\hypertarget{prp:unnamed-chunk-8}{}
                                                  {\label{prp:unnamed-chunk-...
LaTeX Info: Redefining \. on input line 3263.
LaTeX Info: Redefining \% on input line 3263.
[105]
LaTeX Info: Redefining \. on input line 3294.
LaTeX Info: Redefining \% on input line 3294.
[106]
LaTeX Info: Redefining \. on input line 3353.
LaTeX Info: Redefining \% on input line 3353.
[107]
LaTeX Info: Redefining \. on input line 3406.
LaTeX Info: Redefining \% on input line 3406.
[108]
LaTeX Info: Redefining \. on input line 3459.
LaTeX Info: Redefining \% on input line 3459.
[109]
Underfull \hbox (badness 2351) in paragraph at lines 3482--3483
[][]\T1/lmr/bx/n/12 Resultado A.15. []\T1/lmr/m/it/12 (+20) Si $\OML/lmm/m/it/1
2 X$ \T1/lmr/m/it/12 (+20) es una va-ria-ble alea-to-ria con dis-tri-bu-cin
 []

LaTeX Info: Redefining \. on input line 3509.
LaTeX Info: Redefining \% on input line 3509.
[110]pdfTeX warning (ext4): destination with the same identifier (name{prp:unna
med-chunk-31}) has been already used, duplicate ignored
<to be read again> 
                   \relax 
l.3532 ...tect\hypertarget{prp:unnamed-chunk-31}{}
                                                  {\label{prp:unnamed-chunk-...
LaTeX Info: Redefining \. on input line 3549.
LaTeX Info: Redefining \% on input line 3549.
[111]pdfTeX warning (ext4): destination with the same identifier (name{prp:unna
med-chunk-33}) has been already used, duplicate ignored
<to be read again> 
                   \relax 
l.3561 ...tect\hypertarget{prp:unnamed-chunk-33}{}
                                                  {\label{prp:unnamed-chunk-...
LaTeX Info: Redefining \. on input line 3595.
LaTeX Info: Redefining \% on input line 3595.
[112]
LaTeX Info: Redefining \. on input line 3639.
LaTeX Info: Redefining \% on input line 3639.
[113]
LaTeX Info: Redefining \. on input line 3681.
LaTeX Info: Redefining \% on input line 3681.
[114]
LaTeX Info: Redefining \. on input line 3732.
LaTeX Info: Redefining \% on input line 3732.
[115]
LaTeX Info: Redefining \. on input line 3777.
LaTeX Info: Redefining \% on input line 3777.
[116]
LaTeX Info: Redefining \. on input line 3829.
LaTeX Info: Redefining \% on input line 3829.
[117]
LaTeX Info: Redefining \. on input line 3872.
LaTeX Info: Redefining \% on input line 3872.
[118]
Underfull \hbox (badness 3417) in paragraph at lines 3916--3917
[]\T1/lmr/m/n/12 (+20) Si $\OT1/lmr/bx/n/12 A[]$ \T1/lmr/m/n/12 (+20) (i=1,...,
n) son ma-tri-ces del mis-mo ta-ma-o, en-ton-ces
 []

LaTeX Info: Redefining \. on input line 3927.
LaTeX Info: Redefining \% on input line 3927.
[119]
LaTeX Info: Redefining \. on input line 3956.
LaTeX Info: Redefining \% on input line 3956.
[120]
LaTeX Info: Redefining \. on input line 3975.
LaTeX Info: Redefining \% on input line 3975.
[121]
LaTeX Info: Redefining \. on input line 3975.
LaTeX Info: Redefining \% on input line 3975.
[122

]
Ap\'{e}ndice B.
pdfTeX warning (ext4): destination with the same identifier (name{def:unnamed-c
hunk-1}) has been already used, duplicate ignored
<to be read again> 
                   \relax 
l.3978 \protect\hypertarget{def:unnamed-chunk-1}{}
                                                  {\label{def:unnamed-chunk-...
pdfTeX warning (ext4): destination with the same identifier (name{prp:unnamed-c
hunk-2}) has been already used, duplicate ignored
<to be read again> 
                   \relax 
l.3986 \protect\hypertarget{prp:unnamed-chunk-2}{}
                                                  {\label{prp:unnamed-chunk-...
pdfTeX warning (ext4): destination with the same identifier (name{def:unnamed-c
hunk-3}) has been already used, duplicate ignored
<to be read again> 
                   \relax 
l.3996 \protect\hypertarget{def:unnamed-chunk-3}{}
                                                  {\label{def:unnamed-chunk-...
[123]pdfTeX warning (ext4): destination with the same identifier (name{prp:unna
med-chunk-4}) has been already used, duplicate ignored
<to be read again> 
                   \relax 
l.4004 \protect\hypertarget{prp:unnamed-chunk-4}{}
                                                  {\label{prp:unnamed-chunk-...
LaTeX Info: Redefining \. on input line 4030.
LaTeX Info: Redefining \% on input line 4030.
[124]pdfTeX warning (ext4): destination with the same identifier (name{def:unna
med-chunk-7}) has been already used, duplicate ignored
<to be read again> 
                   \relax 
l.4038 \protect\hypertarget{def:unnamed-chunk-7}{}
                                                  {\label{def:unnamed-chunk-...
[125]
Overfull \hbox (75.49152pt too wide) in paragraph at lines 4082--4082
[] 
 []


Overfull \hbox (35.75699pt too wide) in paragraph at lines 4095--4095
[] 
 []

LaTeX Info: Redefining \. on input line 4103.
LaTeX Info: Redefining \% on input line 4103.
[126]
Overfull \hbox (17.86438pt too wide) in paragraph at lines 4117--4117
[] 
 []

[127]
LaTeX Info: Redefining \. on input line 4129.
LaTeX Info: Redefining \% on input line 4129.
[128

]
Ap\'{e}ndice C.

Underfull \vbox (badness 10000) has occurred while \output is active []

[129]pdfTeX warning (ext4): destination with the same identifier (name{prp:unna
med-chunk-2}) has been already used, duplicate ignored
<to be read again> 
                   \relax 
l.4145 \protect\hypertarget{prp:unnamed-chunk-2}{}
                                                  {\label{prp:unnamed-chunk-...
pdfTeX warning (ext4): destination with the same identifier (name{def:unnamed-c
hunk-3}) has been already used, duplicate ignored
<to be read again> 
                   \relax 
l.4151 \protect\hypertarget{def:unnamed-chunk-3}{}
                                                  {\label{def:unnamed-chunk-...
LaTeX Info: Redefining \. on input line 4172.
LaTeX Info: Redefining \% on input line 4172.
[130]
<A3Simulacion_files/figure-latex/unnamed-chunk-5-1.pdf, id=1350, 433.62pt x 288
.07625pt>
File: A3Simulacion_files/figure-latex/unnamed-chunk-5-1.pdf Graphic file (type 
pdf)
<use A3Simulacion_files/figure-latex/unnamed-chunk-5-1.pdf>
Package pdftex.def Info: A3Simulacion_files/figure-latex/unnamed-chunk-5-1.pdf 
used on input line 4196.
(pdftex.def)             Requested size: 390.0162pt x 259.10797pt.

Underfull \vbox (badness 10000) has occurred while \output is active []

LaTeX Info: Redefining \. on input line 4204.
LaTeX Info: Redefining \% on input line 4204.
[131 <./A3Simulacion_files/figure-latex/unnamed-chunk-5-1.pdf>]
LaTeX Info: Redefining \. on input line 4242.
LaTeX Info: Redefining \% on input line 4242.
[132]pdfTeX warning (ext4): destination with the same identifier (name{exm:unna
med-chunk-6}) has been already used, duplicate ignored
<to be read again> 
                   \relax 
l.4247 \protect\hypertarget{exm:unnamed-chunk-6}{}
                                                  {\label{exm:unnamed-chunk-...

<A3Simulacion_files/figure-latex/unnamed-chunk-7-1.pdf, id=1373, 437.635pt x 28
8.07625pt>
File: A3Simulacion_files/figure-latex/unnamed-chunk-7-1.pdf Graphic file (type 
pdf)
<use A3Simulacion_files/figure-latex/unnamed-chunk-7-1.pdf>
Package pdftex.def Info: A3Simulacion_files/figure-latex/unnamed-chunk-7-1.pdf 
used on input line 4271.
(pdftex.def)             Requested size: 390.00143pt x 256.72112pt.

Underfull \vbox (badness 10000) has occurred while \output is active []

LaTeX Info: Redefining \. on input line 4273.
LaTeX Info: Redefining \% on input line 4273.
[133]
Underfull \vbox (badness 10000) detected at line 4295
 []


Underfull \vbox (badness 10000) has occurred while \output is active []

LaTeX Info: Redefining \. on input line 4295.
LaTeX Info: Redefining \% on input line 4295.
[134 <./A3Simulacion_files/figure-latex/unnamed-chunk-7-1.pdf>]
<A3Simulacion_files/figure-latex/unnamed-chunk-9-1.pdf, id=1392, 427.5975pt x 2
88.07625pt>
File: A3Simulacion_files/figure-latex/unnamed-chunk-9-1.pdf Graphic file (type 
pdf)
<use A3Simulacion_files/figure-latex/unnamed-chunk-9-1.pdf>
Package pdftex.def Info: A3Simulacion_files/figure-latex/unnamed-chunk-9-1.pdf 
used on input line 4330.
(pdftex.def)             Requested size: 390.00168pt x 262.74759pt.
LaTeX Info: Redefining \. on input line 4336.
LaTeX Info: Redefining \% on input line 4336.
[135 <./A3Simulacion_files/figure-latex/unnamed-chunk-9-1.pdf>]
<A3Simulacion_files/figure-latex/unnamed-chunk-11-1.pdf, id=1404, 437.635pt x 2
88.07625pt>
File: A3Simulacion_files/figure-latex/unnamed-chunk-11-1.pdf Graphic file (type
 pdf)
<use A3Simulacion_files/figure-latex/unnamed-chunk-11-1.pdf>
Package pdftex.def Info: A3Simulacion_files/figure-latex/unnamed-chunk-11-1.pdf
 used on input line 4386.
(pdftex.def)             Requested size: 390.00143pt x 256.72112pt.
pdfTeX warning (ext4): destination with the same identifier (name{exm:unnamed-c
hunk-12}) has been already used, duplicate ignored
<to be read again> 
                   \relax 
l.4391 ...tect\hypertarget{exm:unnamed-chunk-12}{}
                                                  {\label{exm:unnamed-chunk-...

Underfull \vbox (badness 2073) has occurred while \output is active []

LaTeX Info: Redefining \. on input line 4395.
LaTeX Info: Redefining \% on input line 4395.
[136]
LaTeX Info: Redefining \. on input line 4395.
LaTeX Info: Redefining \% on input line 4395.
[137 <./A3Simulacion_files/figure-latex/unnamed-chunk-11-1.pdf>]
Underfull \vbox (badness 10000) detected at line 4439
 []


Underfull \vbox (badness 10000) detected at line 4439
 []

LaTeX Info: Redefining \. on input line 4439.
LaTeX Info: Redefining \% on input line 4439.
[138]
<A3Simulacion_files/figure-latex/unnamed-chunk-13-1.pdf, id=1423, 437.635pt x 2
85.065pt>
File: A3Simulacion_files/figure-latex/unnamed-chunk-13-1.pdf Graphic file (type
 pdf)
<use A3Simulacion_files/figure-latex/unnamed-chunk-13-1.pdf>
Package pdftex.def Info: A3Simulacion_files/figure-latex/unnamed-chunk-13-1.pdf
 used on input line 4483.
(pdftex.def)             Requested size: 390.00143pt x 254.03763pt.

<A3Simulacion_files/figure-latex/unnamed-chunk-13-2.pdf, id=1424, 437.635pt x 2
88.07625pt>
File: A3Simulacion_files/figure-latex/unnamed-chunk-13-2.pdf Graphic file (type
 pdf)
<use A3Simulacion_files/figure-latex/unnamed-chunk-13-2.pdf>
Package pdftex.def Info: A3Simulacion_files/figure-latex/unnamed-chunk-13-2.pdf
 used on input line 4496.
(pdftex.def)             Requested size: 390.00143pt x 256.72112pt.
LaTeX Info: Redefining \. on input line 4514.
LaTeX Info: Redefining \% on input line 4514.
[139]
LaTeX Info: Redefining \. on input line 4514.
LaTeX Info: Redefining \% on input line 4514.
[140 <./A3Simulacion_files/figure-latex/unnamed-chunk-13-1.pdf>]
LaTeX Info: Redefining \. on input line 4514.
LaTeX Info: Redefining \% on input line 4514.
[141 <./A3Simulacion_files/figure-latex/unnamed-chunk-13-2.pdf>]
LaTeX Info: Redefining \. on input line 4562.
LaTeX Info: Redefining \% on input line 4562.
[142]
<A3Simulacion_files/figure-latex/unnamed-chunk-15-1.pdf, id=1464, 438.63875pt x
 248.93pt>
File: A3Simulacion_files/figure-latex/unnamed-chunk-15-1.pdf Graphic file (type
 pdf)
<use A3Simulacion_files/figure-latex/unnamed-chunk-15-1.pdf>
Package pdftex.def Info: A3Simulacion_files/figure-latex/unnamed-chunk-15-1.pdf
 used on input line 4609.
(pdftex.def)             Requested size: 390.00574pt x 221.33049pt.
LaTeX Info: Redefining \. on input line 4616.
LaTeX Info: Redefining \% on input line 4616.
[143 <./A3Simulacion_files/figure-latex/unnamed-chunk-15-1.pdf>]
<A3Simulacion_files/figure-latex/unnamed-chunk-17-1.pdf, id=1474, 469.755pt x 2
86.06876pt>
File: A3Simulacion_files/figure-latex/unnamed-chunk-17-1.pdf Graphic file (type
 pdf)
<use A3Simulacion_files/figure-latex/unnamed-chunk-17-1.pdf>
Package pdftex.def Info: A3Simulacion_files/figure-latex/unnamed-chunk-17-1.pdf
 used on input line 4648.
(pdftex.def)             Requested size: 389.9969pt x 237.49811pt.
LaTeX Info: Redefining \. on input line 4656.
LaTeX Info: Redefining \% on input line 4656.
[144]
LaTeX Info: Redefining \. on input line 4656.
LaTeX Info: Redefining \% on input line 4656.
[145 <./A3Simulacion_files/figure-latex/unnamed-chunk-17-1.pdf>]
LaTeX Info: Redefining \. on input line 4706.
LaTeX Info: Redefining \% on input line 4706.
[146]
<A3Simulacion_files/figure-latex/unnamed-chunk-19-1.pdf, id=1503, 435.6275pt x 
248.93pt>
File: A3Simulacion_files/figure-latex/unnamed-chunk-19-1.pdf Graphic file (type
 pdf)
<use A3Simulacion_files/figure-latex/unnamed-chunk-19-1.pdf>
Package pdftex.def Info: A3Simulacion_files/figure-latex/unnamed-chunk-19-1.pdf
 used on input line 4755.
(pdftex.def)             Requested size: 390.00052pt x 222.85742pt.
LaTeX Info: Redefining \. on input line 4759.
LaTeX Info: Redefining \% on input line 4759.
[147]
<A3Simulacion_files/figure-latex/unnamed-chunk-20-1.pdf, id=1508, 436.63126pt x
 250.9375pt>
File: A3Simulacion_files/figure-latex/unnamed-chunk-20-1.pdf Graphic file (type
 pdf)
<use A3Simulacion_files/figure-latex/unnamed-chunk-20-1.pdf>
Package pdftex.def Info: A3Simulacion_files/figure-latex/unnamed-chunk-20-1.pdf
 used on input line 4771.
(pdftex.def)             Requested size: 389.99971pt x 224.13774pt.
LaTeX Info: Redefining \. on input line 4788.
LaTeX Info: Redefining \% on input line 4788.
[148 <./A3Simulacion_files/figure-latex/unnamed-chunk-19-1.pdf>]pdfTeX warning 
(ext4): destination with the same identifier (name{prp:unnamed-chunk-21}) has b
een already used, duplicate ignored
<to be read again> 
                   \relax 
l.4814 ...tect\hypertarget{prp:unnamed-chunk-21}{}
                                                  {\label{prp:unnamed-chunk-...
LaTeX Info: Redefining \. on input line 4816.
LaTeX Info: Redefining \% on input line 4816.
[149 <./A3Simulacion_files/figure-latex/unnamed-chunk-20-1.pdf>]
LaTeX Info: Redefining \. on input line 4869.
LaTeX Info: Redefining \% on input line 4869.
[150]
<A3Simulacion_files/figure-latex/unnamed-chunk-23-1.pdf, id=1538, 447.6725pt x 
299.1175pt>
File: A3Simulacion_files/figure-latex/unnamed-chunk-23-1.pdf Graphic file (type
 pdf)
<use A3Simulacion_files/figure-latex/unnamed-chunk-23-1.pdf>
Package pdftex.def Info: A3Simulacion_files/figure-latex/unnamed-chunk-23-1.pdf
 used on input line 4887.
(pdftex.def)             Requested size: 390.01157pt x 260.59068pt.

Underfull \vbox (badness 10000) has occurred while \output is active []

LaTeX Info: Redefining \. on input line 4895.
LaTeX Info: Redefining \% on input line 4895.
[151]
LaTeX Info: Redefining \. on input line 4895.
LaTeX Info: Redefining \% on input line 4895.
[152 <./A3Simulacion_files/figure-latex/unnamed-chunk-23-1.pdf>]
LaTeX Info: Redefining \. on input line 4921.
LaTeX Info: Redefining \% on input line 4921.
[153]
LaTeX Info: Redefining \. on input line 4924.
LaTeX Info: Redefining \% on input line 4924.
[154] (./ModelosBayesianos.bbl [155

]
LaTeX Info: Redefining \. on input line 1.
LaTeX Info: Redefining \% on input line 1.
[156

] [157])
Package atveryend Info: Empty hook `BeforeClearDocument' on input line 4929.
LaTeX Info: Redefining \. on input line 4929.
LaTeX Info: Redefining \% on input line 4929.
[158]
Package atveryend Info: Empty hook `AfterLastShipout' on input line 4929.
(./ModelosBayesianos.aux
LaTeX Info: Redefining \. on input line 25.
LaTeX Info: Redefining \% on input line 25.
)
Package atveryend Info: Executing hook `AtVeryEndDocument' on input line 4929.
Package atveryend Info: Empty hook `AtEndAfterFileList' on input line 4929.

LaTeX Warning: There were multiply-defined labels.

Package atveryend Info: Empty hook `AtVeryVeryEnd' on input line 4929.
 ) 
Here is how much of TeX's memory you used:
 16530 strings out of 492995
 241951 string characters out of 6132704
 367639 words of memory out of 5000000
 18796 multiletter control sequences out of 15000+600000
 135702 words of font info for 233 fonts, out of 8000000 for 9000
 1141 hyphenation exceptions out of 8191
 34i,21n,38p,1377b,681s stack positions out of 5000i,500n,10000p,200000b,80000s
pdfTeX warning (dest): name{Hfootnote.8} has been referenced but does not exi
st, replaced by a fixed one

pdfTeX warning (dest): name{Hfootnote.7} has been referenced but does not exist
, replaced by a fixed one

pdfTeX warning (dest): name{Hfootnote.6} has been referenced but does not exist
, replaced by a fixed one

pdfTeX warning (dest): name{Hfootnote.5} has been referenced but does not exist
, replaced by a fixed one

pdfTeX warning (dest): name{Hfootnote.4} has been referenced but does not exist
, replaced by a fixed one

pdfTeX warning (dest): name{Hfootnote.3} has been referenced but does not exist
, replaced by a fixed one

pdfTeX warning (dest): name{Hfootnote.2} has been referenced but does not exist
, replaced by a fixed one

pdfTeX warning (dest): name{Hfootnote.1} has been referenced but does not exist
, replaced by a fixed one

{/usr/local/texlive/2017/texmf-dist/fonts/enc/dvips/lm/lm-ts1.enc}{/usr/local/t
exlive/2017/texmf-dist/fonts/enc/dvips/lm/lm-ec.enc}{/usr/local/texlive/2017/te
xmf-dist/fonts/enc/dvips/lm/lm-rm.enc}{/usr/local/texlive/2017/texmf-dist/fonts
/enc/dvips/lm/lm-mathit.enc}{/usr/local/texlive/2017/texmf-dist/fonts/enc/dvips
/lm/lm-mathsy.enc}{/usr/local/texlive/2017/texmf-dist/fonts/enc/dvips/lm/lm-mat
hex.enc}</usr/local/texlive/2017/texmf-dist/fonts/type1/public/amsfonts/euler/e
ufm10.pfb></usr/local/texlive/2017/texmf-dist/fonts/type1/public/lm/lmbx12.pfb>
</usr/local/texlive/2017/texmf-dist/fonts/type1/public/lm/lmbx8.pfb></usr/local
/texlive/2017/texmf-dist/fonts/type1/public/lm/lmex10.pfb></usr/local/texlive/2
017/texmf-dist/fonts/type1/public/lm/lmmi10.pfb></usr/local/texlive/2017/texmf-
dist/fonts/type1/public/lm/lmmi12.pfb></usr/local/texlive/2017/texmf-dist/fonts
/type1/public/lm/lmmi6.pfb></usr/local/texlive/2017/texmf-dist/fonts/type1/publ
ic/lm/lmmi8.pfb></usr/local/texlive/2017/texmf-dist/fonts/type1/public/lm/lmmib
10.pfb></usr/local/texlive/2017/texmf-dist/fonts/type1/public/lm/lmr10.pfb></us
r/local/texlive/2017/texmf-dist/fonts/type1/public/lm/lmr12.pfb></usr/local/tex
live/2017/texmf-dist/fonts/type1/public/lm/lmr17.pfb></usr/local/texlive/2017/t
exmf-dist/fonts/type1/public/lm/lmr6.pfb></usr/local/texlive/2017/texmf-dist/fo
nts/type1/public/lm/lmr7.pfb></usr/local/texlive/2017/texmf-dist/fonts/type1/pu
blic/lm/lmr8.pfb></usr/local/texlive/2017/texmf-dist/fonts/type1/public/lm/lmri
10.pfb></usr/local/texlive/2017/texmf-dist/fonts/type1/public/lm/lmri12.pfb></u
sr/local/texlive/2017/texmf-dist/fonts/type1/public/lm/lmro12.pfb></usr/local/t
exlive/2017/texmf-dist/fonts/type1/public/lm/lmss12.pfb></usr/local/texlive/201
7/texmf-dist/fonts/type1/public/lm/lmsy10.pfb></usr/local/texlive/2017/texmf-di
st/fonts/type1/public/lm/lmsy6.pfb></usr/local/texlive/2017/texmf-dist/fonts/ty
pe1/public/lm/lmsy8.pfb></usr/local/texlive/2017/texmf-dist/fonts/type1/public/
lm/lmtk10.pfb></usr/local/texlive/2017/texmf-dist/fonts/type1/public/lm/lmtt12.
pfb></usr/local/texlive/2017/texmf-dist/fonts/type1/public/amsfonts/symbols/msb
m10.pfb>
Output written on ModelosBayesianos.pdf (158 pages, 1557441 bytes).
PDF statistics:
 1917 PDF objects out of 2073 (max. 8388607)
 1640 compressed objects within 17 object streams
 708 named destinations out of 1000 (max. 500000)
 20814 words of extra memory for PDF output out of 24883 (max. 10000000)

